TN:
SF:/home/jpbazonnais/Projets/geoportal-extensions-ol5/src/Common/Controls/AttributionDOM.js
FN:12,(anonymous_0)
FN:22,(anonymous_1)
FN:35,(anonymous_2)
FN:47,(anonymous_3)
FN:58,(anonymous_4)
FN:70,(anonymous_5)
FN:83,(anonymous_6)
FNF:7
FNH:6
FNDA:10,(anonymous_0)
FNDA:1,(anonymous_1)
FNDA:1,(anonymous_2)
FNDA:1,(anonymous_3)
FNDA:1,(anonymous_4)
FNDA:2,(anonymous_5)
FNDA:0,(anonymous_6)
DA:1,1
DA:13,10
DA:14,10
DA:23,1
DA:24,1
DA:25,1
DA:27,1
DA:36,1
DA:37,1
DA:38,1
DA:39,1
DA:48,1
DA:49,1
DA:50,1
DA:59,1
DA:60,1
DA:62,1
DA:71,2
DA:73,2
DA:74,2
DA:75,2
DA:76,2
DA:77,2
DA:79,2
DA:80,2
DA:81,2
DA:82,2
DA:83,2
DA:84,0
DA:87,2
DA:89,2
LF:31
LH:30
BRDA:13,0,0,0
BRDA:13,0,1,10
BRDA:82,1,0,1
BRDA:82,1,1,1
BRDA:84,2,0,0
BRDA:84,2,1,0
BRF:6
BRH:3
end_of_record
TN:
SF:/home/jpbazonnais/Projets/geoportal-extensions-ol5/src/Common/Controls/DrawingDOM.js
FN:12,(anonymous_0)
FN:22,(anonymous_1)
FN:38,(anonymous_2)
FN:51,(anonymous_3)
FN:65,(anonymous_4)
FN:69,(anonymous_5)
FN:87,(anonymous_6)
FN:183,(anonymous_7)
FN:207,(anonymous_8)
FN:211,(anonymous_9)
FN:228,(anonymous_10)
FN:254,liClickHandler
FN:283,(anonymous_12)
FN:300,(anonymous_13)
FN:316,(anonymous_14)
FN:355,(anonymous_15)
FN:396,(anonymous_16)
FN:505,(anonymous_17)
FN:515,(anonymous_18)
FN:525,(anonymous_19)
FN:545,(anonymous_20)
FN:569,(anonymous_21)
FN:573,(anonymous_22)
FN:598,(anonymous_23)
FN:607,(anonymous_24)
FN:623,(anonymous_25)
FNF:26
FNH:8
FNDA:15,(anonymous_0)
FNDA:1,(anonymous_1)
FNDA:1,(anonymous_2)
FNDA:1,(anonymous_3)
FNDA:0,(anonymous_4)
FNDA:0,(anonymous_5)
FNDA:1,(anonymous_6)
FNDA:2,(anonymous_7)
FNDA:0,(anonymous_8)
FNDA:0,(anonymous_9)
FNDA:3,(anonymous_10)
FNDA:0,liClickHandler
FNDA:2,(anonymous_12)
FNDA:0,(anonymous_13)
FNDA:0,(anonymous_14)
FNDA:0,(anonymous_15)
FNDA:0,(anonymous_16)
FNDA:0,(anonymous_17)
FNDA:0,(anonymous_18)
FNDA:0,(anonymous_19)
FNDA:0,(anonymous_20)
FNDA:0,(anonymous_21)
FNDA:0,(anonymous_22)
FNDA:0,(anonymous_23)
FNDA:0,(anonymous_24)
FNDA:0,(anonymous_25)
DA:3,1
DA:5,1
DA:13,15
DA:14,15
DA:23,1
DA:24,1
DA:25,1
DA:26,1
DA:39,1
DA:40,1
DA:41,1
DA:42,1
DA:43,1
DA:52,1
DA:54,1
DA:55,1
DA:56,1
DA:57,1
DA:58,1
DA:64,1
DA:65,1
DA:66,0
DA:68,0
DA:69,0
DA:70,0
DA:74,1
DA:75,1
DA:76,1
DA:77,1
DA:79,1
DA:88,1
DA:89,1
DA:90,1
DA:92,1
DA:94,1
DA:95,1
DA:96,1
DA:103,1
DA:104,0
DA:111,1
DA:112,1
DA:119,1
DA:120,0
DA:127,1
DA:128,0
DA:135,1
DA:136,0
DA:143,1
DA:144,0
DA:151,1
DA:152,1
DA:160,1
DA:161,1
DA:164,1
DA:165,1
DA:168,1
DA:169,1
DA:172,1
DA:191,2
DA:192,2
DA:194,2
DA:195,2
DA:196,2
DA:197,2
DA:199,2
DA:200,2
DA:201,2
DA:202,2
DA:205,2
DA:206,2
DA:207,2
DA:208,0
DA:210,0
DA:211,0
DA:212,0
DA:216,2
DA:218,2
DA:242,3
DA:243,3
DA:245,3
DA:246,3
DA:247,3
DA:248,3
DA:250,3
DA:251,3
DA:252,3
DA:257,0
DA:258,0
DA:260,3
DA:261,9
DA:262,4
DA:264,5
DA:265,5
DA:266,5
DA:267,5
DA:268,5
DA:269,5
DA:271,3
DA:273,3
DA:289,2
DA:290,2
DA:292,2
DA:293,2
DA:294,2
DA:295,2
DA:296,2
DA:297,2
DA:298,2
DA:300,2
DA:301,0
DA:303,2
DA:305,2
DA:317,0
DA:318,0
DA:319,0
DA:321,0
DA:322,0
DA:323,0
DA:324,0
DA:325,0
DA:326,0
DA:327,0
DA:328,0
DA:330,0
DA:332,0
DA:333,0
DA:334,0
DA:335,0
DA:336,0
DA:337,0
DA:338,0
DA:340,0
DA:356,0
DA:357,0
DA:358,0
DA:359,0
DA:360,0
DA:361,0
DA:362,0
DA:365,0
DA:367,0
DA:368,0
DA:369,0
DA:370,0
DA:373,0
DA:374,0
DA:376,0
DA:377,0
DA:379,0
DA:380,0
DA:382,0
DA:383,0
DA:397,0
DA:398,0
DA:399,0
DA:400,0
DA:404,0
DA:406,0
DA:411,0
DA:412,0
DA:414,0
DA:421,0
DA:422,0
DA:429,0
DA:430,0
DA:432,0
DA:439,0
DA:440,0
DA:451,0
DA:452,0
DA:454,0
DA:461,0
DA:462,0
DA:473,0
DA:474,0
DA:481,0
DA:482,0
DA:493,0
DA:494,0
DA:496,0
DA:498,0
DA:500,0
DA:501,0
DA:502,0
DA:503,0
DA:505,0
DA:506,0
DA:508,0
DA:510,0
DA:511,0
DA:512,0
DA:513,0
DA:515,0
DA:516,0
DA:518,0
DA:520,0
DA:521,0
DA:523,0
DA:525,0
DA:526,0
DA:528,0
DA:529,0
DA:546,0
DA:547,0
DA:548,0
DA:549,0
DA:550,0
DA:551,0
DA:552,0
DA:554,0
DA:555,0
DA:556,0
DA:557,0
DA:560,0
DA:561,0
DA:564,0
DA:565,0
DA:566,0
DA:567,0
DA:569,0
DA:570,0
DA:573,0
DA:574,0
DA:575,0
DA:577,0
DA:578,0
DA:582,0
DA:583,0
DA:584,0
DA:585,0
DA:586,0
DA:587,0
DA:588,0
DA:591,0
DA:593,0
DA:594,0
DA:595,0
DA:596,0
DA:598,0
DA:599,0
DA:601,0
DA:603,0
DA:604,0
DA:605,0
DA:607,0
DA:608,0
DA:610,0
DA:613,0
DA:624,0
DA:625,0
DA:626,0
DA:628,0
DA:629,0
DA:630,0
DA:631,0
DA:634,0
DA:635,0
DA:637,0
DA:639,0
LF:259
LH:96
BRDA:13,0,0,0
BRDA:13,0,1,15
BRDA:64,1,0,1
BRDA:64,1,1,0
BRDA:68,2,0,0
BRDA:68,2,1,0
BRDA:95,3,0,1
BRDA:95,3,1,0
BRDA:103,4,0,0
BRDA:103,4,1,1
BRDA:111,5,0,1
BRDA:111,5,1,0
BRDA:119,6,0,0
BRDA:119,6,1,1
BRDA:127,7,0,0
BRDA:127,7,1,1
BRDA:135,8,0,0
BRDA:135,8,1,1
BRDA:143,9,0,0
BRDA:143,9,1,1
BRDA:151,10,0,1
BRDA:151,10,1,0
BRDA:160,11,0,1
BRDA:160,11,1,0
BRDA:160,12,0,1
BRDA:160,12,1,0
BRDA:160,12,2,0
BRDA:160,12,3,0
BRDA:164,13,0,1
BRDA:164,13,1,0
BRDA:164,14,0,1
BRDA:164,14,1,1
BRDA:164,14,2,1
BRDA:164,14,3,1
BRDA:168,15,0,1
BRDA:168,15,1,0
BRDA:196,16,0,2
BRDA:196,16,1,2
BRDA:206,17,0,2
BRDA:206,17,1,0
BRDA:210,18,0,0
BRDA:210,18,1,0
BRDA:261,19,0,4
BRDA:261,19,1,5
BRDA:327,20,0,0
BRDA:327,20,1,0
BRDA:369,21,0,0
BRDA:369,21,1,0
BRDA:373,22,0,0
BRDA:373,22,1,0
BRDA:376,23,0,0
BRDA:376,23,1,0
BRDA:379,24,0,0
BRDA:379,24,1,0
BRDA:404,25,0,0
BRDA:404,25,1,0
BRDA:404,25,2,0
BRDA:404,25,3,0
BRDA:404,25,4,0
BRDA:549,26,0,0
BRDA:549,26,1,0
BRDA:560,27,0,0
BRDA:560,27,1,0
BRDA:574,28,0,0
BRDA:574,28,1,0
BRDA:574,29,0,0
BRDA:574,29,1,0
BRDA:577,30,0,0
BRDA:577,30,1,0
BRDA:582,31,0,0
BRDA:582,31,1,0
BRDA:582,32,0,0
BRDA:582,32,1,0
BRDA:591,33,0,0
BRDA:591,33,1,0
BRDA:628,34,0,0
BRDA:628,34,1,0
BRDA:634,35,0,0
BRDA:634,35,1,0
BRF:79
BRH:23
end_of_record
TN:
SF:/home/jpbazonnais/Projets/geoportal-extensions-ol5/src/Common/Controls/ElevationPathDOM.js
FN:8,(anonymous_0)
FN:18,(anonymous_1)
FN:34,(anonymous_2)
FN:47,(anonymous_3)
FN:62,(anonymous_4)
FN:66,(anonymous_5)
FN:92,(anonymous_6)
FN:108,(anonymous_7)
FN:120,(anonymous_8)
FN:125,(anonymous_9)
FN:142,(anonymous_10)
FN:149,(anonymous_11)
FN:165,(anonymous_12)
FN:169,(anonymous_13)
FN:184,(anonymous_14)
FN:196,(anonymous_15)
FN:215,(anonymous_16)
FN:234,(anonymous_17)
FNF:18
FNH:10
FNDA:14,(anonymous_0)
FNDA:1,(anonymous_1)
FNDA:1,(anonymous_2)
FNDA:1,(anonymous_3)
FNDA:0,(anonymous_4)
FNDA:0,(anonymous_5)
FNDA:1,(anonymous_6)
FNDA:1,(anonymous_7)
FNDA:0,(anonymous_8)
FNDA:0,(anonymous_9)
FNDA:0,(anonymous_10)
FNDA:0,(anonymous_11)
FNDA:0,(anonymous_12)
FNDA:0,(anonymous_13)
FNDA:1,(anonymous_14)
FNDA:1,(anonymous_15)
FNDA:2,(anonymous_16)
FNDA:2,(anonymous_17)
DA:1,1
DA:9,14
DA:10,14
DA:19,1
DA:20,1
DA:21,1
DA:22,1
DA:35,1
DA:36,1
DA:37,1
DA:38,1
DA:49,1
DA:51,1
DA:52,1
DA:53,1
DA:54,1
DA:55,1
DA:61,1
DA:62,1
DA:63,0
DA:65,0
DA:66,0
DA:67,0
DA:71,1
DA:72,1
DA:73,1
DA:74,1
DA:76,1
DA:93,1
DA:94,1
DA:95,1
DA:100,1
DA:109,1
DA:111,1
DA:112,1
DA:114,1
DA:115,1
DA:116,1
DA:117,1
DA:119,1
DA:120,1
DA:121,0
DA:123,0
DA:125,0
DA:126,0
DA:129,1
DA:131,1
DA:132,1
DA:133,1
DA:134,1
DA:136,1
DA:137,1
DA:138,1
DA:139,1
DA:141,1
DA:142,1
DA:143,0
DA:144,0
DA:145,0
DA:148,0
DA:149,0
DA:150,0
DA:151,0
DA:152,0
DA:156,1
DA:158,1
DA:159,1
DA:160,1
DA:161,1
DA:164,1
DA:165,1
DA:166,0
DA:168,0
DA:169,0
DA:170,0
DA:173,1
DA:175,1
DA:185,1
DA:186,1
DA:188,1
DA:197,1
DA:198,1
DA:199,1
DA:201,1
DA:202,1
DA:203,1
DA:205,1
DA:207,1
DA:216,2
DA:217,2
DA:218,2
DA:220,2
DA:221,2
DA:222,2
DA:223,2
DA:225,2
DA:235,2
DA:237,2
DA:238,1
DA:239,1
DA:240,1
DA:241,1
DA:244,2
LF:103
LH:83
BRDA:9,0,0,0
BRDA:9,0,1,14
BRDA:61,1,0,1
BRDA:61,1,1,0
BRDA:65,2,0,0
BRDA:65,2,1,0
BRDA:119,3,0,1
BRDA:119,3,1,0
BRDA:123,4,0,0
BRDA:123,4,1,0
BRDA:141,5,0,1
BRDA:141,5,1,0
BRDA:143,6,0,0
BRDA:143,6,1,0
BRDA:148,7,0,0
BRDA:148,7,1,0
BRDA:150,8,0,0
BRDA:150,8,1,0
BRDA:164,9,0,1
BRDA:164,9,1,0
BRDA:168,10,0,0
BRDA:168,10,1,0
BRDA:237,11,0,1
BRDA:237,11,1,1
BRF:24
BRH:7
end_of_record
TN:
SF:/home/jpbazonnais/Projets/geoportal-extensions-ol5/src/Common/Controls/GetFeatureInfoDOM.js
FN:8,(anonymous_0)
FN:18,(anonymous_1)
FN:35,(anonymous_2)
FN:44,(anonymous_3)
FN:55,(anonymous_4)
FNF:5
FNH:4
FNDA:7,(anonymous_0)
FNDA:1,(anonymous_1)
FNDA:2,(anonymous_2)
FNDA:0,(anonymous_3)
FNDA:1,(anonymous_4)
DA:1,1
DA:9,7
DA:10,7
DA:19,1
DA:20,1
DA:21,1
DA:22,1
DA:37,2
DA:39,2
DA:40,2
DA:41,2
DA:42,2
DA:44,2
DA:45,0
DA:48,2
DA:56,1
DA:58,1
DA:59,1
DA:60,1
DA:61,1
DA:62,1
DA:64,1
DA:65,1
DA:66,1
DA:67,1
DA:69,1
DA:70,1
DA:71,1
DA:73,1
LF:29
LH:28
BRDA:9,0,0,0
BRDA:9,0,1,7
BRF:2
BRH:1
end_of_record
TN:
SF:/home/jpbazonnais/Projets/geoportal-extensions-ol5/src/Common/Controls/IsoDOM.js
FN:8,(anonymous_0)
FN:18,(anonymous_1)
FN:34,(anonymous_2)
FN:47,(anonymous_3)
FN:62,(anonymous_4)
FN:66,(anonymous_5)
FN:92,(anonymous_6)
FN:108,(anonymous_7)
FN:149,(anonymous_8)
FN:153,(anonymous_9)
FN:168,(anonymous_10)
FN:175,(anonymous_11)
FN:189,(anonymous_12)
FN:216,(anonymous_13)
FN:233,(anonymous_14)
FN:245,(anonymous_15)
FN:251,(anonymous_16)
FN:270,(anonymous_17)
FN:274,(anonymous_18)
FN:290,(anonymous_19)
FN:302,(anonymous_20)
FN:308,(anonymous_21)
FN:327,(anonymous_22)
FN:331,(anonymous_23)
FN:350,(anonymous_24)
FN:371,(anonymous_25)
FN:377,(anonymous_26)
FN:397,(anonymous_27)
FN:403,(anonymous_28)
FN:424,(anonymous_29)
FN:445,(anonymous_30)
FN:451,(anonymous_31)
FN:479,(anonymous_32)
FN:496,(anonymous_33)
FN:524,(anonymous_34)
FN:528,(anonymous_35)
FN:555,(anonymous_36)
FN:559,(anonymous_37)
FN:585,(anonymous_38)
FN:603,(anonymous_39)
FN:642,(anonymous_40)
FN:654,(anonymous_41)
FN:670,(anonymous_42)
FN:691,(anonymous_43)
FN:712,(anonymous_44)
FN:716,(anonymous_45)
FN:740,(anonymous_46)
FN:744,(anonymous_47)
FN:768,(anonymous_48)
FN:772,(anonymous_49)
FN:802,(anonymous_50)
FN:821,(anonymous_51)
FN:827,(anonymous_52)
FNF:53
FNH:22
FNDA:62,(anonymous_0)
FNDA:1,(anonymous_1)
FNDA:1,(anonymous_2)
FNDA:1,(anonymous_3)
FNDA:0,(anonymous_4)
FNDA:0,(anonymous_5)
FNDA:1,(anonymous_6)
FNDA:1,(anonymous_7)
FNDA:0,(anonymous_8)
FNDA:0,(anonymous_9)
FNDA:1,(anonymous_10)
FNDA:0,(anonymous_11)
FNDA:1,(anonymous_12)
FNDA:1,(anonymous_13)
FNDA:2,(anonymous_14)
FNDA:0,(anonymous_15)
FNDA:0,(anonymous_16)
FNDA:0,(anonymous_17)
FNDA:0,(anonymous_18)
FNDA:2,(anonymous_19)
FNDA:0,(anonymous_20)
FNDA:0,(anonymous_21)
FNDA:0,(anonymous_22)
FNDA:0,(anonymous_23)
FNDA:2,(anonymous_24)
FNDA:0,(anonymous_25)
FNDA:0,(anonymous_26)
FNDA:0,(anonymous_27)
FNDA:0,(anonymous_28)
FNDA:2,(anonymous_29)
FNDA:0,(anonymous_30)
FNDA:0,(anonymous_31)
FNDA:1,(anonymous_32)
FNDA:3,(anonymous_33)
FNDA:0,(anonymous_34)
FNDA:0,(anonymous_35)
FNDA:0,(anonymous_36)
FNDA:0,(anonymous_37)
FNDA:2,(anonymous_38)
FNDA:0,(anonymous_39)
FNDA:1,(anonymous_40)
FNDA:1,(anonymous_41)
FNDA:1,(anonymous_42)
FNDA:4,(anonymous_43)
FNDA:0,(anonymous_44)
FNDA:0,(anonymous_45)
FNDA:0,(anonymous_46)
FNDA:0,(anonymous_47)
FNDA:0,(anonymous_48)
FNDA:0,(anonymous_49)
FNDA:1,(anonymous_50)
FNDA:1,(anonymous_51)
FNDA:0,(anonymous_52)
DA:1,1
DA:9,62
DA:10,62
DA:19,1
DA:20,1
DA:21,1
DA:22,1
DA:35,1
DA:36,1
DA:37,1
DA:38,1
DA:49,1
DA:51,1
DA:52,1
DA:53,1
DA:54,1
DA:55,1
DA:61,1
DA:62,1
DA:63,0
DA:65,0
DA:66,0
DA:67,0
DA:71,1
DA:72,1
DA:73,1
DA:74,1
DA:76,1
DA:93,1
DA:94,1
DA:95,1
DA:100,1
DA:109,1
DA:111,1
DA:112,1
DA:114,1
DA:115,1
DA:116,1
DA:117,1
DA:142,1
DA:143,1
DA:144,1
DA:145,1
DA:148,1
DA:149,1
DA:150,0
DA:152,0
DA:153,0
DA:154,0
DA:157,1
DA:159,1
DA:170,1
DA:172,1
DA:173,1
DA:175,1
DA:176,0
DA:177,0
DA:178,0
DA:181,1
DA:190,1
DA:191,1
DA:192,1
DA:194,1
DA:195,1
DA:196,1
DA:198,1
DA:200,1
DA:217,1
DA:218,1
DA:223,1
DA:234,2
DA:236,2
DA:237,2
DA:239,2
DA:240,2
DA:241,2
DA:242,2
DA:243,2
DA:244,2
DA:245,2
DA:246,0
DA:247,0
DA:248,0
DA:250,0
DA:251,0
DA:252,0
DA:253,0
DA:254,0
DA:258,2
DA:259,2
DA:261,2
DA:262,2
DA:263,2
DA:264,2
DA:266,2
DA:267,2
DA:268,2
DA:269,2
DA:270,2
DA:271,0
DA:273,0
DA:274,0
DA:275,0
DA:278,2
DA:280,2
DA:291,2
DA:293,2
DA:294,2
DA:296,2
DA:297,2
DA:298,2
DA:299,2
DA:300,2
DA:301,2
DA:302,2
DA:303,0
DA:304,0
DA:305,0
DA:307,0
DA:308,0
DA:309,0
DA:310,0
DA:311,0
DA:315,2
DA:316,2
DA:318,2
DA:319,2
DA:320,2
DA:321,2
DA:323,2
DA:324,2
DA:325,2
DA:326,2
DA:327,2
DA:328,0
DA:330,0
DA:331,0
DA:332,0
DA:335,2
DA:337,2
DA:352,2
DA:354,2
DA:355,2
DA:356,2
DA:358,2
DA:359,2
DA:360,2
DA:361,2
DA:362,2
DA:364,2
DA:365,2
DA:366,2
DA:367,2
DA:368,2
DA:369,2
DA:370,2
DA:371,2
DA:372,0
DA:373,0
DA:376,0
DA:377,0
DA:378,0
DA:379,0
DA:383,2
DA:385,2
DA:386,2
DA:387,2
DA:389,2
DA:390,2
DA:391,2
DA:392,2
DA:393,2
DA:394,2
DA:395,2
DA:396,2
DA:397,2
DA:398,0
DA:399,0
DA:402,0
DA:403,0
DA:404,0
DA:405,0
DA:409,2
DA:411,2
DA:412,2
DA:413,2
DA:415,2
DA:426,2
DA:428,2
DA:429,2
DA:430,2
DA:432,2
DA:433,2
DA:434,2
DA:435,2
DA:436,2
DA:438,2
DA:439,2
DA:440,2
DA:441,2
DA:442,2
DA:443,2
DA:444,2
DA:445,2
DA:446,0
DA:447,0
DA:450,0
DA:451,0
DA:452,0
DA:453,0
DA:457,2
DA:459,2
DA:460,2
DA:461,2
DA:463,2
DA:480,1
DA:481,1
DA:486,1
DA:498,3
DA:500,3
DA:501,3
DA:503,3
DA:504,3
DA:505,3
DA:506,3
DA:509,3
DA:510,4
DA:512,4
DA:513,2
DA:514,2
DA:515,2
DA:516,2
DA:517,2
DA:518,1
DA:523,2
DA:524,2
DA:525,0
DA:527,0
DA:528,0
DA:529,0
DA:533,2
DA:534,2
DA:536,2
DA:537,2
DA:538,2
DA:539,2
DA:540,2
DA:543,4
DA:544,2
DA:545,2
DA:546,2
DA:547,2
DA:548,2
DA:549,2
DA:554,2
DA:555,2
DA:556,0
DA:558,0
DA:559,0
DA:560,0
DA:564,2
DA:565,2
DA:567,2
DA:568,2
DA:569,2
DA:570,2
DA:571,2
DA:575,3
DA:587,2
DA:589,2
DA:590,2
DA:592,2
DA:593,2
DA:594,2
DA:595,2
DA:597,2
DA:598,2
DA:599,2
DA:603,2
DA:604,0
DA:607,2
DA:608,2
DA:609,2
DA:610,1
DA:611,1
DA:612,1
DA:614,1
DA:615,1
DA:616,1
DA:618,2
DA:619,1
DA:620,1
DA:621,1
DA:623,1
DA:624,1
DA:625,1
DA:628,2
DA:630,2
DA:643,1
DA:644,1
DA:645,1
DA:646,1
DA:655,1
DA:656,1
DA:657,1
DA:658,1
DA:659,1
DA:660,1
DA:662,1
DA:671,1
DA:672,1
DA:674,1
DA:675,1
DA:676,1
DA:677,1
DA:681,1
DA:693,4
DA:695,4
DA:696,4
DA:699,4
DA:700,6
DA:701,6
DA:702,6
DA:704,0
DA:705,0
DA:706,0
DA:707,0
DA:711,0
DA:712,0
DA:713,0
DA:715,0
DA:716,0
DA:717,0
DA:721,0
DA:722,0
DA:724,0
DA:725,0
DA:726,0
DA:727,0
DA:728,0
DA:729,0
DA:732,0
DA:733,0
DA:734,0
DA:735,0
DA:739,0
DA:740,0
DA:741,0
DA:743,0
DA:744,0
DA:745,0
DA:749,0
DA:750,0
DA:752,0
DA:753,0
DA:754,0
DA:755,0
DA:756,0
DA:757,0
DA:760,0
DA:761,0
DA:762,0
DA:763,0
DA:767,0
DA:768,0
DA:769,0
DA:771,0
DA:772,0
DA:773,0
DA:777,0
DA:778,0
DA:780,0
DA:781,0
DA:782,0
DA:783,0
DA:784,0
DA:785,0
DA:790,4
DA:803,1
DA:804,1
DA:805,1
DA:806,1
DA:807,1
DA:809,1
DA:822,1
DA:824,1
DA:825,1
DA:826,1
DA:827,1
DA:828,0
DA:831,1
LF:391
LH:274
BRDA:9,0,0,0
BRDA:9,0,1,62
BRDA:61,1,0,1
BRDA:61,1,1,0
BRDA:65,2,0,0
BRDA:65,2,1,0
BRDA:148,3,0,1
BRDA:148,3,1,0
BRDA:152,4,0,0
BRDA:152,4,1,0
BRDA:244,5,0,2
BRDA:244,5,1,0
BRDA:250,6,0,0
BRDA:250,6,1,0
BRDA:269,7,0,2
BRDA:269,7,1,0
BRDA:273,8,0,0
BRDA:273,8,1,0
BRDA:301,9,0,2
BRDA:301,9,1,0
BRDA:307,10,0,0
BRDA:307,10,1,0
BRDA:326,11,0,2
BRDA:326,11,1,0
BRDA:330,12,0,0
BRDA:330,12,1,0
BRDA:356,13,0,1
BRDA:356,13,1,1
BRDA:370,14,0,2
BRDA:370,14,1,0
BRDA:372,15,0,0
BRDA:372,15,1,0
BRDA:376,16,0,0
BRDA:376,16,1,0
BRDA:378,17,0,0
BRDA:378,17,1,0
BRDA:396,18,0,2
BRDA:396,18,1,0
BRDA:398,19,0,0
BRDA:398,19,1,0
BRDA:402,20,0,0
BRDA:402,20,1,0
BRDA:404,21,0,0
BRDA:404,21,1,0
BRDA:430,22,0,1
BRDA:430,22,1,1
BRDA:444,23,0,2
BRDA:444,23,1,0
BRDA:446,24,0,0
BRDA:446,24,1,0
BRDA:450,25,0,0
BRDA:450,25,1,0
BRDA:452,26,0,0
BRDA:452,26,1,0
BRDA:512,27,0,2
BRDA:512,27,1,2
BRDA:517,28,0,1
BRDA:517,28,1,1
BRDA:523,29,0,2
BRDA:523,29,1,0
BRDA:527,30,0,0
BRDA:527,30,1,0
BRDA:543,31,0,2
BRDA:543,31,1,2
BRDA:548,32,0,2
BRDA:548,32,1,0
BRDA:554,33,0,2
BRDA:554,33,1,0
BRDA:558,34,0,0
BRDA:558,34,1,0
BRDA:609,35,0,1
BRDA:609,35,1,1
BRDA:611,36,0,1
BRDA:611,36,1,0
BRDA:618,37,0,1
BRDA:618,37,1,1
BRDA:620,38,0,1
BRDA:620,38,1,0
BRDA:700,39,0,6
BRDA:700,39,1,0
BRDA:702,40,0,0
BRDA:702,40,1,0
BRDA:702,40,2,0
BRDA:711,41,0,0
BRDA:711,41,1,0
BRDA:715,42,0,0
BRDA:715,42,1,0
BRDA:739,43,0,0
BRDA:739,43,1,0
BRDA:743,44,0,0
BRDA:743,44,1,0
BRDA:767,45,0,0
BRDA:767,45,1,0
BRDA:771,46,0,0
BRDA:771,46,1,0
BRF:95
BRH:30
end_of_record
TN:
SF:/home/jpbazonnais/Projets/geoportal-extensions-ol5/src/Common/Controls/LayerImportDOM.js
FN:10,(anonymous_0)
FN:20,(anonymous_1)
FN:32,(anonymous_2)
FN:48,(anonymous_3)
FN:60,(anonymous_4)
FN:72,(anonymous_5)
FN:76,(anonymous_6)
FN:98,(anonymous_7)
FN:111,(anonymous_8)
FN:130,(anonymous_9)
FN:142,(anonymous_10)
FN:153,(anonymous_11)
FN:157,(anonymous_12)
FN:175,(anonymous_13)
FN:185,(anonymous_14)
FN:190,(anonymous_15)
FN:205,(anonymous_16)
FN:224,(anonymous_17)
FN:237,(anonymous_18)
FN:274,(anonymous_19)
FN:297,(anonymous_20)
FN:314,(anonymous_21)
FN:339,(anonymous_22)
FN:350,(anonymous_23)
FN:359,(anonymous_24)
FN:365,(anonymous_25)
FN:392,(anonymous_26)
FN:401,(anonymous_27)
FN:407,(anonymous_28)
FN:434,(anonymous_29)
FN:446,(anonymous_30)
FN:460,(anonymous_31)
FN:473,(anonymous_32)
FN:485,(anonymous_33)
FN:499,(anonymous_34)
FN:516,(anonymous_35)
FN:533,(anonymous_36)
FN:544,(anonymous_37)
FN:558,(anonymous_38)
FN:575,(anonymous_39)
FN:594,(anonymous_40)
FN:606,(anonymous_41)
FN:623,(anonymous_42)
FN:629,(anonymous_43)
FN:648,(anonymous_44)
FN:656,(anonymous_45)
FN:665,(anonymous_46)
FN:688,(anonymous_47)
FN:696,(anonymous_48)
FN:705,(anonymous_49)
FN:709,(anonymous_50)
FN:727,(anonymous_51)
FN:739,(anonymous_52)
FN:752,(anonymous_53)
FN:758,(anonymous_54)
FN:776,(anonymous_55)
FN:782,(anonymous_56)
FN:801,(anonymous_57)
FNF:58
FNH:0
FNDA:0,(anonymous_0)
FNDA:0,(anonymous_1)
FNDA:0,(anonymous_2)
FNDA:0,(anonymous_3)
FNDA:0,(anonymous_4)
FNDA:0,(anonymous_5)
FNDA:0,(anonymous_6)
FNDA:0,(anonymous_7)
FNDA:0,(anonymous_8)
FNDA:0,(anonymous_9)
FNDA:0,(anonymous_10)
FNDA:0,(anonymous_11)
FNDA:0,(anonymous_12)
FNDA:0,(anonymous_13)
FNDA:0,(anonymous_14)
FNDA:0,(anonymous_15)
FNDA:0,(anonymous_16)
FNDA:0,(anonymous_17)
FNDA:0,(anonymous_18)
FNDA:0,(anonymous_19)
FNDA:0,(anonymous_20)
FNDA:0,(anonymous_21)
FNDA:0,(anonymous_22)
FNDA:0,(anonymous_23)
FNDA:0,(anonymous_24)
FNDA:0,(anonymous_25)
FNDA:0,(anonymous_26)
FNDA:0,(anonymous_27)
FNDA:0,(anonymous_28)
FNDA:0,(anonymous_29)
FNDA:0,(anonymous_30)
FNDA:0,(anonymous_31)
FNDA:0,(anonymous_32)
FNDA:0,(anonymous_33)
FNDA:0,(anonymous_34)
FNDA:0,(anonymous_35)
FNDA:0,(anonymous_36)
FNDA:0,(anonymous_37)
FNDA:0,(anonymous_38)
FNDA:0,(anonymous_39)
FNDA:0,(anonymous_40)
FNDA:0,(anonymous_41)
FNDA:0,(anonymous_42)
FNDA:0,(anonymous_43)
FNDA:0,(anonymous_44)
FNDA:0,(anonymous_45)
FNDA:0,(anonymous_46)
FNDA:0,(anonymous_47)
FNDA:0,(anonymous_48)
FNDA:0,(anonymous_49)
FNDA:0,(anonymous_50)
FNDA:0,(anonymous_51)
FNDA:0,(anonymous_52)
FNDA:0,(anonymous_53)
FNDA:0,(anonymous_54)
FNDA:0,(anonymous_55)
FNDA:0,(anonymous_56)
FNDA:0,(anonymous_57)
DA:3,1
DA:11,0
DA:12,0
DA:21,0
DA:22,0
DA:23,0
DA:24,0
DA:33,0
DA:34,0
DA:35,0
DA:36,0
DA:49,0
DA:50,0
DA:51,0
DA:52,0
DA:62,0
DA:64,0
DA:65,0
DA:66,0
DA:67,0
DA:68,0
DA:71,0
DA:72,0
DA:73,0
DA:75,0
DA:76,0
DA:77,0
DA:81,0
DA:82,0
DA:83,0
DA:84,0
DA:86,0
DA:99,0
DA:100,0
DA:101,0
DA:103,0
DA:112,0
DA:113,0
DA:116,0
DA:117,0
DA:119,0
DA:120,0
DA:122,0
DA:131,0
DA:132,0
DA:133,0
DA:134,0
DA:144,0
DA:146,0
DA:147,0
DA:148,0
DA:149,0
DA:152,0
DA:153,0
DA:154,0
DA:156,0
DA:157,0
DA:158,0
DA:162,0
DA:177,0
DA:179,0
DA:180,0
DA:181,0
DA:184,0
DA:185,0
DA:186,0
DA:187,0
DA:189,0
DA:190,0
DA:191,0
DA:192,0
DA:196,0
DA:207,0
DA:209,0
DA:210,0
DA:211,0
DA:213,0
DA:214,0
DA:215,0
DA:216,0
DA:217,0
DA:218,0
DA:220,0
DA:221,0
DA:223,0
DA:224,0
DA:225,0
DA:227,0
DA:228,0
DA:229,0
DA:231,0
DA:232,0
DA:234,0
DA:236,0
DA:237,0
DA:238,0
DA:240,0
DA:241,0
DA:242,0
DA:244,0
DA:245,0
DA:247,0
DA:250,0
DA:253,0
DA:254,0
DA:257,0
DA:258,0
DA:259,0
DA:260,0
DA:261,0
DA:264,0
DA:266,0
DA:275,0
DA:276,0
DA:277,0
DA:279,0
DA:280,0
DA:281,0
DA:283,0
DA:285,0
DA:298,0
DA:299,0
DA:300,0
DA:301,0
DA:303,0
DA:306,0
DA:315,0
DA:316,0
DA:318,0
DA:319,0
DA:320,0
DA:321,0
DA:322,0
DA:323,0
DA:325,0
DA:326,0
DA:327,0
DA:328,0
DA:329,0
DA:331,0
DA:340,0
DA:341,0
DA:342,0
DA:351,0
DA:353,0
DA:354,0
DA:356,0
DA:357,0
DA:358,0
DA:359,0
DA:360,0
DA:361,0
DA:362,0
DA:364,0
DA:365,0
DA:366,0
DA:367,0
DA:368,0
DA:371,0
DA:372,0
DA:373,0
DA:374,0
DA:375,0
DA:377,0
DA:378,0
DA:379,0
DA:380,0
DA:381,0
DA:382,0
DA:384,0
DA:393,0
DA:395,0
DA:396,0
DA:398,0
DA:399,0
DA:400,0
DA:401,0
DA:402,0
DA:403,0
DA:404,0
DA:406,0
DA:407,0
DA:408,0
DA:409,0
DA:410,0
DA:413,0
DA:414,0
DA:415,0
DA:416,0
DA:417,0
DA:419,0
DA:420,0
DA:421,0
DA:422,0
DA:423,0
DA:424,0
DA:426,0
DA:435,0
DA:436,0
DA:437,0
DA:438,0
DA:447,0
DA:448,0
DA:449,0
DA:450,0
DA:451,0
DA:452,0
DA:461,0
DA:462,0
DA:463,0
DA:464,0
DA:465,0
DA:474,0
DA:475,0
DA:476,0
DA:477,0
DA:486,0
DA:487,0
DA:488,0
DA:489,0
DA:490,0
DA:491,0
DA:500,0
DA:501,0
DA:502,0
DA:503,0
DA:504,0
DA:517,0
DA:518,0
DA:519,0
DA:520,0
DA:522,0
DA:525,0
DA:534,0
DA:535,0
DA:536,0
DA:545,0
DA:546,0
DA:547,0
DA:548,0
DA:549,0
DA:550,0
DA:559,0
DA:560,0
DA:561,0
DA:562,0
DA:563,0
DA:576,0
DA:577,0
DA:578,0
DA:579,0
DA:580,0
DA:582,0
DA:595,0
DA:596,0
DA:597,0
DA:598,0
DA:608,0
DA:610,0
DA:611,0
DA:614,0
DA:615,0
DA:616,0
DA:617,0
DA:618,0
DA:621,0
DA:622,0
DA:623,0
DA:624,0
DA:625,0
DA:626,0
DA:628,0
DA:629,0
DA:630,0
DA:631,0
DA:632,0
DA:635,0
DA:636,0
DA:637,0
DA:638,0
DA:640,0
DA:649,0
DA:650,0
DA:651,0
DA:653,0
DA:657,0
DA:658,0
DA:659,0
DA:661,0
DA:662,0
DA:666,0
DA:667,0
DA:670,0
DA:671,0
DA:672,0
DA:673,0
DA:674,0
DA:677,0
DA:678,0
DA:679,0
DA:680,0
DA:681,0
DA:682,0
DA:684,0
DA:685,0
DA:689,0
DA:690,0
DA:692,0
DA:693,0
DA:697,0
DA:698,0
DA:699,0
DA:700,0
DA:701,0
DA:703,0
DA:704,0
DA:705,0
DA:706,0
DA:708,0
DA:709,0
DA:710,0
DA:714,0
DA:715,0
DA:728,0
DA:729,0
DA:730,0
DA:731,0
DA:741,0
DA:743,0
DA:744,0
DA:747,0
DA:748,0
DA:749,0
DA:750,0
DA:751,0
DA:752,0
DA:755,0
DA:757,0
DA:758,0
DA:761,0
DA:764,0
DA:767,0
DA:768,0
DA:769,0
DA:770,0
DA:771,0
DA:774,0
DA:775,0
DA:776,0
DA:777,0
DA:778,0
DA:779,0
DA:781,0
DA:782,0
DA:783,0
DA:784,0
DA:785,0
DA:788,0
DA:789,0
DA:790,0
DA:791,0
DA:793,0
DA:802,0
DA:803,0
DA:804,0
DA:805,0
LF:366
LH:1
BRDA:11,0,0,0
BRDA:11,0,1,0
BRDA:71,1,0,0
BRDA:71,1,1,0
BRDA:75,2,0,0
BRDA:75,2,1,0
BRDA:152,3,0,0
BRDA:152,3,1,0
BRDA:156,4,0,0
BRDA:156,4,1,0
BRDA:184,5,0,0
BRDA:184,5,1,0
BRDA:189,6,0,0
BRDA:189,6,1,0
BRDA:223,7,0,0
BRDA:223,7,1,0
BRDA:225,8,0,0
BRDA:225,8,1,0
BRDA:225,9,0,0
BRDA:225,9,1,0
BRDA:225,9,2,0
BRDA:225,9,3,0
BRDA:229,10,0,0
BRDA:229,10,1,0
BRDA:229,11,0,0
BRDA:229,11,1,0
BRDA:229,11,2,0
BRDA:236,12,0,0
BRDA:236,12,1,0
BRDA:238,13,0,0
BRDA:238,13,1,0
BRDA:238,14,0,0
BRDA:238,14,1,0
BRDA:238,14,2,0
BRDA:238,14,3,0
BRDA:242,15,0,0
BRDA:242,15,1,0
BRDA:242,16,0,0
BRDA:242,16,1,0
BRDA:242,16,2,0
BRDA:253,17,0,0
BRDA:253,17,1,0
BRDA:253,18,0,0
BRDA:253,18,1,0
BRDA:300,19,0,0
BRDA:300,19,1,0
BRDA:300,20,0,0
BRDA:300,20,1,0
BRDA:300,20,2,0
BRDA:300,20,3,0
BRDA:358,21,0,0
BRDA:358,21,1,0
BRDA:364,22,0,0
BRDA:364,22,1,0
BRDA:400,23,0,0
BRDA:400,23,1,0
BRDA:406,24,0,0
BRDA:406,24,1,0
BRDA:519,25,0,0
BRDA:519,25,1,0
BRDA:519,26,0,0
BRDA:519,26,1,0
BRDA:519,26,2,0
BRDA:622,27,0,0
BRDA:622,27,1,0
BRDA:628,28,0,0
BRDA:628,28,1,0
BRDA:704,29,0,0
BRDA:704,29,1,0
BRDA:708,30,0,0
BRDA:708,30,1,0
BRDA:751,31,0,0
BRDA:751,31,1,0
BRDA:757,32,0,0
BRDA:757,32,1,0
BRDA:775,33,0,0
BRDA:775,33,1,0
BRDA:781,34,0,0
BRDA:781,34,1,0
BRF:79
BRH:0
end_of_record
TN:
SF:/home/jpbazonnais/Projets/geoportal-extensions-ol5/src/Common/Controls/LayerSwitcherDOM.js
FN:11,(anonymous_0)
FN:18,(anonymous_1)
FN:34,(anonymous_2)
FN:44,(anonymous_3)
FN:56,(anonymous_4)
FN:69,(anonymous_5)
FN:85,(anonymous_6)
FN:103,(anonymous_7)
FN:116,(anonymous_8)
FN:137,(anonymous_9)
FN:163,(anonymous_10)
FN:214,(anonymous_11)
FN:242,(anonymous_12)
FN:260,(anonymous_13)
FN:284,(anonymous_14)
FN:289,(anonymous_15)
FN:307,(anonymous_16)
FN:336,(anonymous_17)
FN:371,(anonymous_18)
FN:383,(anonymous_19)
FN:388,(anonymous_20)
FN:403,(anonymous_21)
FN:415,(anonymous_22)
FN:420,(anonymous_23)
FN:435,(anonymous_24)
FN:464,(anonymous_25)
FN:469,(anonymous_26)
FN:475,(anonymous_27)
FN:480,(anonymous_28)
FN:518,(anonymous_29)
FN:543,(anonymous_30)
FNF:31
FNH:0
FNDA:0,(anonymous_0)
FNDA:0,(anonymous_1)
FNDA:0,(anonymous_2)
FNDA:0,(anonymous_3)
FNDA:0,(anonymous_4)
FNDA:0,(anonymous_5)
FNDA:0,(anonymous_6)
FNDA:0,(anonymous_7)
FNDA:0,(anonymous_8)
FNDA:0,(anonymous_9)
FNDA:0,(anonymous_10)
FNDA:0,(anonymous_11)
FNDA:0,(anonymous_12)
FNDA:0,(anonymous_13)
FNDA:0,(anonymous_14)
FNDA:0,(anonymous_15)
FNDA:0,(anonymous_16)
FNDA:0,(anonymous_17)
FNDA:0,(anonymous_18)
FNDA:0,(anonymous_19)
FNDA:0,(anonymous_20)
FNDA:0,(anonymous_21)
FNDA:0,(anonymous_22)
FNDA:0,(anonymous_23)
FNDA:0,(anonymous_24)
FNDA:0,(anonymous_25)
FNDA:0,(anonymous_26)
FNDA:0,(anonymous_27)
FNDA:0,(anonymous_28)
FNDA:0,(anonymous_29)
FNDA:0,(anonymous_30)
DA:3,1
DA:12,0
DA:20,0
DA:35,0
DA:36,0
DA:45,0
DA:46,0
DA:47,0
DA:48,0
DA:58,0
DA:59,0
DA:60,0
DA:61,0
DA:74,0
DA:75,0
DA:76,0
DA:77,0
DA:86,0
DA:94,0
DA:95,0
DA:96,0
DA:97,0
DA:98,0
DA:100,0
DA:101,0
DA:102,0
DA:103,0
DA:104,0
DA:105,0
DA:106,0
DA:107,0
DA:109,0
DA:113,0
DA:115,0
DA:116,0
DA:117,0
DA:118,0
DA:119,0
DA:120,0
DA:122,0
DA:125,0
DA:127,0
DA:129,0
DA:140,0
DA:141,0
DA:142,0
DA:143,0
DA:184,0
DA:185,0
DA:186,0
DA:189,0
DA:192,0
DA:193,0
DA:194,0
DA:198,0
DA:200,0
DA:221,0
DA:222,0
DA:223,0
DA:225,0
DA:227,0
DA:228,0
DA:229,0
DA:232,0
DA:245,0
DA:246,0
DA:247,0
DA:248,0
DA:249,0
DA:251,0
DA:265,0
DA:267,0
DA:268,0
DA:270,0
DA:271,0
DA:272,0
DA:273,0
DA:275,0
DA:276,0
DA:277,0
DA:278,0
DA:279,0
DA:282,0
DA:283,0
DA:284,0
DA:285,0
DA:287,0
DA:289,0
DA:290,0
DA:294,0
DA:295,0
DA:297,0
DA:311,0
DA:313,0
DA:314,0
DA:315,0
DA:316,0
DA:317,0
DA:319,0
DA:320,0
DA:321,0
DA:323,0
DA:324,0
DA:326,0
DA:344,0
DA:345,0
DA:346,0
DA:348,0
DA:351,0
DA:352,0
DA:354,0
DA:355,0
DA:356,0
DA:357,0
DA:361,0
DA:375,0
DA:376,0
DA:377,0
DA:378,0
DA:379,0
DA:381,0
DA:382,0
DA:383,0
DA:384,0
DA:386,0
DA:388,0
DA:389,0
DA:393,0
DA:407,0
DA:408,0
DA:409,0
DA:410,0
DA:411,0
DA:413,0
DA:414,0
DA:415,0
DA:416,0
DA:418,0
DA:420,0
DA:421,0
DA:425,0
DA:445,0
DA:448,0
DA:449,0
DA:450,0
DA:451,0
DA:453,0
DA:454,0
DA:456,0
DA:457,0
DA:458,0
DA:459,0
DA:462,0
DA:463,0
DA:464,0
DA:465,0
DA:467,0
DA:469,0
DA:470,0
DA:474,0
DA:475,0
DA:476,0
DA:478,0
DA:480,0
DA:481,0
DA:485,0
DA:488,0
DA:489,0
DA:490,0
DA:492,0
DA:493,0
DA:494,0
DA:496,0
DA:498,0
DA:499,0
DA:501,0
DA:519,0
DA:520,0
DA:522,0
DA:523,0
DA:524,0
DA:525,0
DA:527,0
DA:528,0
DA:529,0
DA:530,0
DA:531,0
DA:532,0
DA:533,0
DA:534,0
DA:537,0
DA:538,0
DA:539,0
DA:541,0
DA:543,0
DA:544,0
DA:545,0
DA:546,0
DA:547,0
DA:550,0
DA:551,0
DA:552,0
DA:554,0
DA:556,0
DA:558,0
DA:559,0
DA:560,0
DA:561,0
DA:563,0
DA:564,0
DA:565,0
DA:567,0
DA:568,0
DA:569,0
DA:570,0
DA:572,0
DA:573,0
DA:575,0
DA:576,0
DA:578,0
DA:579,0
DA:580,0
DA:581,0
DA:582,0
DA:585,0
DA:586,0
DA:590,0
DA:591,0
DA:592,0
DA:594,0
DA:595,0
DA:596,0
DA:597,0
DA:599,0
DA:600,0
DA:603,0
DA:604,0
DA:605,0
DA:606,0
DA:607,0
DA:609,0
DA:611,0
DA:614,0
DA:615,0
DA:616,0
DA:618,0
DA:620,0
DA:621,0
DA:623,0
DA:625,0
DA:626,0
DA:627,0
DA:628,0
DA:629,0
DA:631,0
DA:636,0
DA:637,0
DA:641,0
LF:258
LH:1
BRDA:35,0,0,0
BRDA:35,0,1,0
BRDA:104,1,0,0
BRDA:104,1,1,0
BRDA:117,2,0,0
BRDA:117,2,1,0
BRDA:248,3,0,0
BRDA:248,3,1,0
BRDA:267,4,0,0
BRDA:267,4,1,0
BRDA:283,5,0,0
BRDA:283,5,1,0
BRDA:287,6,0,0
BRDA:287,6,1,0
BRDA:351,7,0,0
BRDA:351,7,1,0
BRDA:351,8,0,0
BRDA:351,8,1,0
BRDA:354,9,0,0
BRDA:354,9,1,0
BRDA:382,10,0,0
BRDA:382,10,1,0
BRDA:386,11,0,0
BRDA:386,11,1,0
BRDA:414,12,0,0
BRDA:414,12,1,0
BRDA:418,13,0,0
BRDA:418,13,1,0
BRDA:453,14,0,0
BRDA:453,14,1,0
BRDA:463,15,0,0
BRDA:463,15,1,0
BRDA:467,16,0,0
BRDA:467,16,1,0
BRDA:474,17,0,0
BRDA:474,17,1,0
BRDA:478,18,0,0
BRDA:478,18,1,0
BRDA:527,19,0,0
BRDA:527,19,1,0
BRDA:550,20,0,0
BRDA:550,20,1,0
BRDA:552,21,0,0
BRDA:552,21,1,0
BRDA:563,22,0,0
BRDA:563,22,1,0
BRDA:585,23,0,0
BRDA:585,23,1,0
BRDA:590,24,0,0
BRDA:590,24,1,0
BRDA:600,25,0,0
BRDA:600,25,1,0
BRDA:605,26,0,0
BRDA:605,26,1,0
BRDA:615,27,0,0
BRDA:615,27,1,0
BRDA:618,28,0,0
BRDA:618,28,1,0
BRDA:618,29,0,0
BRDA:618,29,1,0
BRDA:623,30,0,0
BRDA:623,30,1,0
BRDA:636,31,0,0
BRDA:636,31,1,0
BRF:64
BRH:0
end_of_record
TN:
SF:/home/jpbazonnais/Projets/geoportal-extensions-ol5/src/Common/Controls/LocationSelectorDOM.js
FN:13,(anonymous_0)
FN:23,(anonymous_1)
FN:38,(anonymous_2)
FN:55,(anonymous_3)
FN:63,(anonymous_4)
FN:96,(anonymous_5)
FN:106,(anonymous_6)
FN:124,(anonymous_7)
FN:203,(anonymous_8)
FN:212,(anonymous_9)
FN:225,(anonymous_10)
FN:238,(anonymous_11)
FN:247,(anonymous_12)
FN:320,(anonymous_13)
FN:328,(anonymous_14)
FN:364,(anonymous_15)
FN:371,(anonymous_16)
FN:413,(anonymous_17)
FN:422,(anonymous_18)
FN:427,(anonymous_19)
FN:446,(anonymous_20)
FN:461,(anonymous_21)
FNF:22
FNH:0
FNDA:0,(anonymous_0)
FNDA:0,(anonymous_1)
FNDA:0,(anonymous_2)
FNDA:0,(anonymous_3)
FNDA:0,(anonymous_4)
FNDA:0,(anonymous_5)
FNDA:0,(anonymous_6)
FNDA:0,(anonymous_7)
FNDA:0,(anonymous_8)
FNDA:0,(anonymous_9)
FNDA:0,(anonymous_10)
FNDA:0,(anonymous_11)
FNDA:0,(anonymous_12)
FNDA:0,(anonymous_13)
FNDA:0,(anonymous_14)
FNDA:0,(anonymous_15)
FNDA:0,(anonymous_16)
FNDA:0,(anonymous_17)
FNDA:0,(anonymous_18)
FNDA:0,(anonymous_19)
FNDA:0,(anonymous_20)
FNDA:0,(anonymous_21)
DA:4,1
DA:6,1
DA:14,0
DA:15,0
DA:24,0
DA:25,0
DA:26,0
DA:27,0
DA:39,0
DA:40,0
DA:41,0
DA:42,0
DA:44,0
DA:57,0
DA:59,0
DA:60,0
DA:61,0
DA:62,0
DA:63,0
DA:64,0
DA:65,0
DA:66,0
DA:67,0
DA:68,0
DA:69,0
DA:71,0
DA:72,0
DA:73,0
DA:74,0
DA:75,0
DA:76,0
DA:77,0
DA:78,0
DA:80,0
DA:81,0
DA:84,0
DA:87,0
DA:98,0
DA:100,0
DA:101,0
DA:102,0
DA:103,0
DA:104,0
DA:105,0
DA:106,0
DA:107,0
DA:108,0
DA:109,0
DA:112,0
DA:113,0
DA:114,0
DA:116,0
DA:121,0
DA:124,0
DA:125,0
DA:127,0
DA:130,0
DA:131,0
DA:134,0
DA:135,0
DA:138,0
DA:139,0
DA:140,0
DA:143,0
DA:146,0
DA:147,0
DA:148,0
DA:149,0
DA:150,0
DA:151,0
DA:153,0
DA:156,0
DA:157,0
DA:158,0
DA:160,0
DA:161,0
DA:162,0
DA:163,0
DA:164,0
DA:165,0
DA:167,0
DA:170,0
DA:171,0
DA:172,0
DA:173,0
DA:174,0
DA:175,0
DA:178,0
DA:179,0
DA:180,0
DA:181,0
DA:182,0
DA:183,0
DA:186,0
DA:187,0
DA:188,0
DA:191,0
DA:194,0
DA:205,0
DA:207,0
DA:208,0
DA:209,0
DA:210,0
DA:211,0
DA:212,0
DA:213,0
DA:214,0
DA:216,0
DA:226,0
DA:227,0
DA:228,0
DA:229,0
DA:240,0
DA:242,0
DA:243,0
DA:244,0
DA:245,0
DA:246,0
DA:247,0
DA:248,0
DA:249,0
DA:250,0
DA:251,0
DA:255,0
DA:256,0
DA:257,0
DA:258,0
DA:259,0
DA:260,0
DA:261,0
DA:262,0
DA:263,0
DA:267,0
DA:268,0
DA:269,0
DA:270,0
DA:271,0
DA:272,0
DA:274,0
DA:275,0
DA:277,0
DA:278,0
DA:280,0
DA:281,0
DA:282,0
DA:284,0
DA:285,0
DA:286,0
DA:287,0
DA:288,0
DA:289,0
DA:291,0
DA:294,0
DA:295,0
DA:297,0
DA:298,0
DA:300,0
DA:301,0
DA:302,0
DA:303,0
DA:307,0
DA:310,0
DA:322,0
DA:324,0
DA:325,0
DA:326,0
DA:327,0
DA:328,0
DA:329,0
DA:330,0
DA:331,0
DA:332,0
DA:334,0
DA:335,0
DA:337,0
DA:338,0
DA:339,0
DA:340,0
DA:341,0
DA:342,0
DA:343,0
DA:344,0
DA:351,0
DA:355,0
DA:366,0
DA:368,0
DA:369,0
DA:370,0
DA:371,0
DA:372,0
DA:373,0
DA:374,0
DA:375,0
DA:376,0
DA:377,0
DA:378,0
DA:379,0
DA:380,0
DA:381,0
DA:384,0
DA:389,0
DA:390,0
DA:395,0
DA:396,0
DA:400,0
DA:403,0
DA:415,0
DA:417,0
DA:418,0
DA:419,0
DA:421,0
DA:422,0
DA:423,0
DA:424,0
DA:426,0
DA:427,0
DA:428,0
DA:429,0
DA:433,0
DA:447,0
DA:449,0
DA:450,0
DA:451,0
DA:452,0
DA:454,0
DA:462,0
DA:463,0
DA:464,0
DA:465,0
DA:466,0
DA:467,0
DA:468,0
DA:469,0
DA:470,0
DA:471,0
DA:472,0
DA:473,0
DA:474,0
DA:477,0
DA:478,0
DA:479,0
DA:481,0
LF:242
LH:2
BRDA:14,0,0,0
BRDA:14,0,1,0
BRDA:41,1,0,0
BRDA:41,1,1,0
BRDA:77,2,0,0
BRDA:77,2,1,0
BRDA:80,3,0,0
BRDA:80,3,1,0
BRDA:107,4,0,0
BRDA:107,4,1,0
BRDA:108,5,0,0
BRDA:108,5,1,0
BRDA:108,6,0,0
BRDA:108,6,1,0
BRDA:108,6,2,0
BRDA:108,6,3,0
BRDA:113,7,0,0
BRDA:113,7,1,0
BRDA:125,8,0,0
BRDA:125,8,1,0
BRDA:130,9,0,0
BRDA:130,9,1,0
BRDA:139,10,0,0
BRDA:139,10,1,0
BRDA:146,11,0,0
BRDA:146,11,1,0
BRDA:157,12,0,0
BRDA:157,12,1,0
BRDA:158,13,0,0
BRDA:158,13,1,0
BRDA:167,14,0,0
BRDA:167,14,1,0
BRDA:167,14,2,0
BRDA:258,15,0,0
BRDA:258,15,1,0
BRDA:260,16,0,0
BRDA:260,16,1,0
BRDA:267,17,0,0
BRDA:267,17,1,0
BRDA:274,18,0,0
BRDA:274,18,1,0
BRDA:277,19,0,0
BRDA:277,19,1,0
BRDA:288,20,0,0
BRDA:288,20,1,0
BRDA:294,21,0,0
BRDA:294,21,1,0
BRDA:297,22,0,0
BRDA:297,22,1,0
BRDA:337,23,0,0
BRDA:337,23,1,0
BRDA:337,24,0,0
BRDA:337,24,1,0
BRDA:378,25,0,0
BRDA:378,25,1,0
BRDA:379,26,0,0
BRDA:379,26,1,0
BRDA:380,27,0,0
BRDA:380,27,1,0
BRDA:389,28,0,0
BRDA:389,28,1,0
BRDA:395,29,0,0
BRDA:395,29,1,0
BRDA:421,30,0,0
BRDA:421,30,1,0
BRDA:426,31,0,0
BRDA:426,31,1,0
BRDA:466,32,0,0
BRDA:466,32,1,0
BRDA:473,33,0,0
BRDA:473,33,1,0
BRDA:478,34,0,0
BRDA:478,34,1,0
BRF:73
BRH:0
end_of_record
TN:
SF:/home/jpbazonnais/Projets/geoportal-extensions-ol5/src/Common/Controls/MeasureAreaDOM.js
FN:8,(anonymous_0)
FN:18,(anonymous_1)
FN:34,(anonymous_2)
FN:47,(anonymous_3)
FN:62,(anonymous_4)
FN:66,(anonymous_5)
FNF:6
FNH:0
FNDA:0,(anonymous_0)
FNDA:0,(anonymous_1)
FNDA:0,(anonymous_2)
FNDA:0,(anonymous_3)
FNDA:0,(anonymous_4)
FNDA:0,(anonymous_5)
DA:1,1
DA:9,0
DA:10,0
DA:19,0
DA:20,0
DA:21,0
DA:22,0
DA:35,0
DA:36,0
DA:37,0
DA:38,0
DA:49,0
DA:51,0
DA:52,0
DA:53,0
DA:54,0
DA:55,0
DA:61,0
DA:62,0
DA:63,0
DA:65,0
DA:66,0
DA:67,0
DA:71,0
DA:72,0
DA:73,0
DA:74,0
DA:76,0
LF:28
LH:1
BRDA:9,0,0,0
BRDA:9,0,1,0
BRDA:61,1,0,0
BRDA:61,1,1,0
BRDA:65,2,0,0
BRDA:65,2,1,0
BRF:6
BRH:0
end_of_record
TN:
SF:/home/jpbazonnais/Projets/geoportal-extensions-ol5/src/Common/Controls/MeasureAzimuthDOM.js
FN:8,(anonymous_0)
FN:18,(anonymous_1)
FN:34,(anonymous_2)
FN:47,(anonymous_3)
FN:62,(anonymous_4)
FN:66,(anonymous_5)
FNF:6
FNH:0
FNDA:0,(anonymous_0)
FNDA:0,(anonymous_1)
FNDA:0,(anonymous_2)
FNDA:0,(anonymous_3)
FNDA:0,(anonymous_4)
FNDA:0,(anonymous_5)
DA:1,1
DA:9,0
DA:10,0
DA:19,0
DA:20,0
DA:21,0
DA:22,0
DA:35,0
DA:36,0
DA:37,0
DA:38,0
DA:49,0
DA:51,0
DA:52,0
DA:53,0
DA:54,0
DA:55,0
DA:61,0
DA:62,0
DA:63,0
DA:65,0
DA:66,0
DA:67,0
DA:71,0
DA:72,0
DA:73,0
DA:74,0
DA:76,0
LF:28
LH:1
BRDA:9,0,0,0
BRDA:9,0,1,0
BRDA:61,1,0,0
BRDA:61,1,1,0
BRDA:65,2,0,0
BRDA:65,2,1,0
BRF:6
BRH:0
end_of_record
TN:
SF:/home/jpbazonnais/Projets/geoportal-extensions-ol5/src/Common/Controls/MeasureLengthDOM.js
FN:8,(anonymous_0)
FN:18,(anonymous_1)
FN:34,(anonymous_2)
FN:47,(anonymous_3)
FN:62,(anonymous_4)
FN:66,(anonymous_5)
FNF:6
FNH:0
FNDA:0,(anonymous_0)
FNDA:0,(anonymous_1)
FNDA:0,(anonymous_2)
FNDA:0,(anonymous_3)
FNDA:0,(anonymous_4)
FNDA:0,(anonymous_5)
DA:1,1
DA:9,0
DA:10,0
DA:19,0
DA:20,0
DA:21,0
DA:22,0
DA:35,0
DA:36,0
DA:37,0
DA:38,0
DA:49,0
DA:51,0
DA:52,0
DA:53,0
DA:54,0
DA:55,0
DA:61,0
DA:62,0
DA:63,0
DA:65,0
DA:66,0
DA:67,0
DA:71,0
DA:72,0
DA:73,0
DA:74,0
DA:76,0
LF:28
LH:1
BRDA:9,0,0,0
BRDA:9,0,1,0
BRDA:61,1,0,0
BRDA:61,1,1,0
BRDA:65,2,0,0
BRDA:65,2,1,0
BRF:6
BRH:0
end_of_record
TN:
SF:/home/jpbazonnais/Projets/geoportal-extensions-ol5/src/Common/Controls/MeasureToolBoxDOM.js
FN:12,(anonymous_0)
FN:21,(anonymous_1)
FN:30,(anonymous_2)
FN:39,(anonymous_3)
FN:53,(anonymous_4)
FN:66,(anonymous_5)
FNF:6
FNH:0
FNDA:0,(anonymous_0)
FNDA:0,(anonymous_1)
FNDA:0,(anonymous_2)
FNDA:0,(anonymous_3)
FNDA:0,(anonymous_4)
FNDA:0,(anonymous_5)
DA:1,1
DA:13,0
DA:22,0
DA:31,0
DA:46,0
DA:47,0
DA:48,0
DA:50,0
DA:51,0
DA:52,0
DA:53,0
DA:54,0
DA:55,0
DA:56,0
DA:57,0
DA:59,0
DA:62,0
DA:64,0
DA:65,0
DA:66,0
DA:92,0
DA:94,0
LF:22
LH:1
BRDA:13,0,0,0
BRDA:13,0,1,0
BRDA:22,1,0,0
BRDA:22,1,1,0
BRDA:31,2,0,0
BRDA:31,2,1,0
BRDA:56,3,0,0
BRDA:56,3,1,0
BRF:8
BRH:0
end_of_record
TN:
SF:/home/jpbazonnais/Projets/geoportal-extensions-ol5/src/Common/Controls/MiniGlobeDOM.js
FN:8,(anonymous_0)
FN:18,(anonymous_1)
FNF:2
FNH:0
FNDA:0,(anonymous_0)
FNDA:0,(anonymous_1)
DA:1,1
DA:9,0
DA:10,0
DA:19,0
DA:20,0
DA:21,0
DA:22,0
LF:7
LH:1
BRDA:9,0,0,0
BRDA:9,0,1,0
BRF:2
BRH:0
end_of_record
TN:
SF:/home/jpbazonnais/Projets/geoportal-extensions-ol5/src/Common/Controls/MousePositionDOM.js
FN:8,(anonymous_0)
FN:18,(anonymous_1)
FN:34,(anonymous_2)
FN:47,(anonymous_3)
FN:78,(anonymous_4)
FN:107,(anonymous_5)
FN:137,(anonymous_6)
FN:151,(anonymous_7)
FN:168,(anonymous_8)
FN:172,(anonymous_9)
FN:195,(anonymous_10)
FN:216,(anonymous_11)
FN:230,(anonymous_12)
FN:233,(anonymous_13)
FN:255,(anonymous_14)
FN:273,(anonymous_15)
FN:276,(anonymous_16)
FN:298,(anonymous_17)
FN:301,(anonymous_18)
FN:323,(anonymous_19)
FN:326,(anonymous_20)
FN:366,(anonymous_21)
FN:427,(anonymous_22)
FN:456,(anonymous_23)
FN:471,(anonymous_24)
FN:483,(anonymous_25)
FN:501,(anonymous_26)
FN:531,(anonymous_27)
FN:601,(anonymous_28)
FN:608,(anonymous_29)
FN:611,(anonymous_30)
FN:635,(anonymous_31)
FN:642,(anonymous_32)
FN:661,(anonymous_33)
FN:673,(anonymous_34)
FN:691,(anonymous_35)
FN:734,(anonymous_36)
FN:763,(anonymous_37)
FN:791,(anonymous_38)
FN:831,(anonymous_39)
FN:890,(anonymous_40)
FN:916,(anonymous_41)
FN:917,(anonymous_42)
FN:932,(anonymous_43)
FNF:44
FNH:0
FNDA:0,(anonymous_0)
FNDA:0,(anonymous_1)
FNDA:0,(anonymous_2)
FNDA:0,(anonymous_3)
FNDA:0,(anonymous_4)
FNDA:0,(anonymous_5)
FNDA:0,(anonymous_6)
FNDA:0,(anonymous_7)
FNDA:0,(anonymous_8)
FNDA:0,(anonymous_9)
FNDA:0,(anonymous_10)
FNDA:0,(anonymous_11)
FNDA:0,(anonymous_12)
FNDA:0,(anonymous_13)
FNDA:0,(anonymous_14)
FNDA:0,(anonymous_15)
FNDA:0,(anonymous_16)
FNDA:0,(anonymous_17)
FNDA:0,(anonymous_18)
FNDA:0,(anonymous_19)
FNDA:0,(anonymous_20)
FNDA:0,(anonymous_21)
FNDA:0,(anonymous_22)
FNDA:0,(anonymous_23)
FNDA:0,(anonymous_24)
FNDA:0,(anonymous_25)
FNDA:0,(anonymous_26)
FNDA:0,(anonymous_27)
FNDA:0,(anonymous_28)
FNDA:0,(anonymous_29)
FNDA:0,(anonymous_30)
FNDA:0,(anonymous_31)
FNDA:0,(anonymous_32)
FNDA:0,(anonymous_33)
FNDA:0,(anonymous_34)
FNDA:0,(anonymous_35)
FNDA:0,(anonymous_36)
FNDA:0,(anonymous_37)
FNDA:0,(anonymous_38)
FNDA:0,(anonymous_39)
FNDA:0,(anonymous_40)
FNDA:0,(anonymous_41)
FNDA:0,(anonymous_42)
FNDA:0,(anonymous_43)
DA:1,1
DA:9,0
DA:10,0
DA:19,0
DA:20,0
DA:21,0
DA:22,0
DA:35,0
DA:36,0
DA:37,0
DA:38,0
DA:49,0
DA:51,0
DA:52,0
DA:53,0
DA:54,0
DA:55,0
DA:78,0
DA:79,0
DA:80,0
DA:81,0
DA:83,0
DA:84,0
DA:87,0
DA:88,0
DA:89,0
DA:90,0
DA:92,0
DA:109,0
DA:110,0
DA:111,0
DA:113,0
DA:114,0
DA:115,0
DA:117,0
DA:118,0
DA:120,0
DA:121,0
DA:122,0
DA:129,0
DA:138,0
DA:139,0
DA:140,0
DA:141,0
DA:152,0
DA:153,0
DA:155,0
DA:156,0
DA:157,0
DA:158,0
DA:160,0
DA:161,0
DA:162,0
DA:163,0
DA:166,0
DA:167,0
DA:168,0
DA:169,0
DA:171,0
DA:172,0
DA:173,0
DA:177,0
DA:179,0
DA:196,0
DA:197,0
DA:201,0
DA:202,0
DA:203,0
DA:205,0
DA:217,0
DA:219,0
DA:220,0
DA:223,0
DA:224,0
DA:225,0
DA:226,0
DA:227,0
DA:229,0
DA:230,0
DA:231,0
DA:233,0
DA:234,0
DA:235,0
DA:236,0
DA:239,0
DA:241,0
DA:242,0
DA:243,0
DA:245,0
DA:256,0
DA:257,0
DA:260,0
DA:262,0
DA:264,0
DA:265,0
DA:266,0
DA:267,0
DA:268,0
DA:269,0
DA:270,0
DA:271,0
DA:272,0
DA:273,0
DA:274,0
DA:276,0
DA:277,0
DA:278,0
DA:279,0
DA:282,0
DA:284,0
DA:285,0
DA:286,0
DA:287,0
DA:289,0
DA:290,0
DA:291,0
DA:292,0
DA:293,0
DA:294,0
DA:295,0
DA:296,0
DA:297,0
DA:298,0
DA:299,0
DA:301,0
DA:302,0
DA:303,0
DA:304,0
DA:307,0
DA:309,0
DA:310,0
DA:311,0
DA:312,0
DA:314,0
DA:315,0
DA:316,0
DA:317,0
DA:318,0
DA:319,0
DA:320,0
DA:321,0
DA:322,0
DA:323,0
DA:324,0
DA:326,0
DA:327,0
DA:328,0
DA:329,0
DA:332,0
DA:334,0
DA:335,0
DA:336,0
DA:337,0
DA:339,0
DA:340,0
DA:341,0
DA:342,0
DA:343,0
DA:345,0
DA:346,0
DA:347,0
DA:348,0
DA:350,0
DA:351,0
DA:352,0
DA:353,0
DA:354,0
DA:356,0
DA:367,0
DA:368,0
DA:369,0
DA:372,0
DA:374,0
DA:375,0
DA:376,0
DA:377,0
DA:378,0
DA:380,0
DA:381,0
DA:384,0
DA:385,0
DA:387,0
DA:389,0
DA:390,0
DA:392,0
DA:393,0
DA:396,0
DA:398,0
DA:399,0
DA:400,0
DA:401,0
DA:402,0
DA:404,0
DA:405,0
DA:408,0
DA:409,0
DA:411,0
DA:413,0
DA:414,0
DA:416,0
DA:417,0
DA:419,0
DA:428,0
DA:429,0
DA:430,0
DA:432,0
DA:433,0
DA:434,0
DA:435,0
DA:437,0
DA:438,0
DA:439,0
DA:440,0
DA:441,0
DA:443,0
DA:444,0
DA:445,0
DA:446,0
DA:448,0
DA:457,0
DA:459,0
DA:460,0
DA:461,0
DA:462,0
DA:463,0
DA:466,0
DA:467,0
DA:468,0
DA:469,0
DA:470,0
DA:471,0
DA:472,0
DA:475,0
DA:477,0
DA:478,0
DA:479,0
DA:480,0
DA:481,0
DA:482,0
DA:483,0
DA:484,0
DA:487,0
DA:489,0
DA:502,0
DA:504,0
DA:505,0
DA:506,0
DA:508,0
DA:509,0
DA:510,0
DA:511,0
DA:512,0
DA:513,0
DA:515,0
DA:516,0
DA:518,0
DA:532,0
DA:533,0
DA:534,0
DA:536,0
DA:537,0
DA:538,0
DA:539,0
DA:593,0
DA:603,0
DA:605,0
DA:606,0
DA:607,0
DA:608,0
DA:609,0
DA:611,0
DA:613,0
DA:614,0
DA:618,0
DA:619,0
DA:620,0
DA:621,0
DA:622,0
DA:624,0
DA:627,0
DA:637,0
DA:639,0
DA:640,0
DA:641,0
DA:642,0
DA:643,0
DA:646,0
DA:647,0
DA:648,0
DA:649,0
DA:650,0
DA:652,0
DA:655,0
DA:663,0
DA:664,0
DA:666,0
DA:667,0
DA:674,0
DA:675,0
DA:676,0
DA:679,0
DA:680,0
DA:681,0
DA:693,0
DA:694,0
DA:695,0
DA:699,0
DA:700,0
DA:702,0
DA:704,0
DA:705,0
DA:709,0
DA:710,0
DA:711,0
DA:715,0
DA:716,0
DA:718,0
DA:720,0
DA:721,0
DA:735,0
DA:736,0
DA:738,0
DA:739,0
DA:741,0
DA:742,0
DA:743,0
DA:744,0
DA:745,0
DA:746,0
DA:747,0
DA:750,0
DA:751,0
DA:752,0
DA:764,0
DA:766,0
DA:767,0
DA:768,0
DA:770,0
DA:771,0
DA:774,0
DA:775,0
DA:777,0
DA:780,0
DA:781,0
DA:782,0
DA:792,0
DA:793,0
DA:796,0
DA:797,0
DA:799,0
DA:802,0
DA:803,0
DA:804,0
DA:805,0
DA:808,0
DA:809,0
DA:811,0
DA:812,0
DA:813,0
DA:815,0
DA:816,0
DA:819,0
DA:833,0
DA:834,0
DA:835,0
DA:837,0
DA:838,0
DA:839,0
DA:840,0
DA:841,0
DA:842,0
DA:844,0
DA:845,0
DA:848,0
DA:849,0
DA:853,0
DA:854,0
DA:855,0
DA:856,0
DA:857,0
DA:858,0
DA:859,0
DA:863,0
DA:864,0
DA:866,0
DA:867,0
DA:869,0
DA:870,0
DA:873,0
DA:874,0
DA:875,0
DA:876,0
DA:892,0
DA:896,0
DA:897,0
DA:900,0
DA:901,0
DA:903,0
DA:904,0
DA:906,0
DA:907,0
DA:909,0
DA:910,0
DA:913,0
DA:915,0
DA:916,0
DA:917,0
DA:918,0
DA:919,0
DA:921,0
DA:933,0
DA:934,0
LF:412
LH:1
BRDA:9,0,0,0
BRDA:9,0,1,0
BRDA:80,1,0,0
BRDA:80,1,1,0
BRDA:80,2,0,0
BRDA:80,2,1,0
BRDA:109,3,0,0
BRDA:109,3,1,0
BRDA:110,4,0,0
BRDA:110,4,1,0
BRDA:111,5,0,0
BRDA:111,5,1,0
BRDA:167,6,0,0
BRDA:167,6,1,0
BRDA:171,7,0,0
BRDA:171,7,1,0
BRDA:219,8,0,0
BRDA:219,8,1,0
BRDA:226,9,0,0
BRDA:226,9,1,0
BRDA:229,10,0,0
BRDA:229,10,1,0
BRDA:236,11,0,0
BRDA:236,11,1,0
BRDA:256,12,0,0
BRDA:256,12,1,0
BRDA:268,13,0,0
BRDA:268,13,1,0
BRDA:271,14,0,0
BRDA:271,14,1,0
BRDA:272,15,0,0
BRDA:272,15,1,0
BRDA:279,16,0,0
BRDA:279,16,1,0
BRDA:293,17,0,0
BRDA:293,17,1,0
BRDA:297,18,0,0
BRDA:297,18,1,0
BRDA:304,19,0,0
BRDA:304,19,1,0
BRDA:318,20,0,0
BRDA:318,20,1,0
BRDA:322,21,0,0
BRDA:322,21,1,0
BRDA:329,22,0,0
BRDA:329,22,1,0
BRDA:346,23,0,0
BRDA:346,23,1,0
BRDA:347,24,0,0
BRDA:347,24,1,0
BRDA:351,25,0,0
BRDA:351,25,1,0
BRDA:352,26,0,0
BRDA:352,26,1,0
BRDA:369,27,0,0
BRDA:369,27,1,0
BRDA:384,28,0,0
BRDA:384,28,1,0
BRDA:408,29,0,0
BRDA:408,29,1,0
BRDA:430,30,0,0
BRDA:430,30,1,0
BRDA:462,31,0,0
BRDA:462,31,1,0
BRDA:469,32,0,0
BRDA:469,32,1,0
BRDA:470,33,0,0
BRDA:470,33,1,0
BRDA:482,34,0,0
BRDA:482,34,1,0
BRDA:513,35,0,0
BRDA:513,35,1,0
BRDA:534,36,0,0
BRDA:534,36,1,0
BRDA:534,37,0,0
BRDA:534,37,1,0
BRDA:613,38,0,0
BRDA:613,38,1,0
BRDA:622,39,0,0
BRDA:622,39,1,0
BRDA:649,40,0,0
BRDA:649,40,1,0
BRDA:650,41,0,0
BRDA:650,41,1,0
BRDA:664,42,0,0
BRDA:664,42,1,0
BRDA:667,43,0,0
BRDA:667,43,1,0
BRDA:675,44,0,0
BRDA:675,44,1,0
BRDA:675,45,0,0
BRDA:675,45,1,0
BRDA:699,46,0,0
BRDA:699,46,1,0
BRDA:715,47,0,0
BRDA:715,47,1,0
BRDA:736,48,0,0
BRDA:736,48,1,0
BRDA:739,49,0,0
BRDA:739,49,1,0
BRDA:745,50,0,0
BRDA:745,50,1,0
BRDA:767,51,0,0
BRDA:767,51,1,0
BRDA:770,52,0,0
BRDA:770,52,1,0
BRDA:775,53,0,0
BRDA:775,53,1,0
BRDA:775,54,0,0
BRDA:775,54,1,0
BRDA:782,55,0,0
BRDA:782,55,1,0
BRDA:792,56,0,0
BRDA:792,56,1,0
BRDA:797,57,0,0
BRDA:797,57,1,0
BRDA:804,58,0,0
BRDA:804,58,1,0
BRDA:804,59,0,0
BRDA:804,59,1,0
BRDA:811,60,0,0
BRDA:811,60,1,0
BRDA:833,61,0,0
BRDA:833,61,1,0
BRDA:833,62,0,0
BRDA:833,62,1,0
BRDA:837,63,0,0
BRDA:837,63,1,0
BRDA:837,64,0,0
BRDA:837,64,1,0
BRDA:840,65,0,0
BRDA:840,65,1,0
BRDA:840,66,0,0
BRDA:840,66,1,0
BRDA:848,67,0,0
BRDA:848,67,1,0
BRDA:848,68,0,0
BRDA:848,68,1,0
BRDA:869,69,0,0
BRDA:869,69,1,0
BRDA:869,69,2,0
BRDA:869,69,3,0
BRDA:870,70,0,0
BRDA:870,70,1,0
BRDA:870,70,2,0
BRDA:870,70,3,0
BRDA:870,70,4,0
BRDA:873,71,0,0
BRDA:873,71,1,0
BRDA:896,72,0,0
BRDA:896,72,1,0
BRDA:903,73,0,0
BRDA:903,73,1,0
BRDA:906,74,0,0
BRDA:906,74,1,0
BRDA:913,75,0,0
BRDA:913,75,1,0
BRDA:913,76,0,0
BRDA:913,76,1,0
BRDA:915,77,0,0
BRDA:915,77,1,0
BRDA:918,78,0,0
BRDA:918,78,1,0
BRDA:918,79,0,0
BRDA:918,79,1,0
BRDA:933,80,0,0
BRDA:933,80,1,0
BRF:167
BRH:0
end_of_record
TN:
SF:/home/jpbazonnais/Projets/geoportal-extensions-ol5/src/Common/Controls/ProfileElevationPathDOM.js
FN:12,(anonymous_0)
FN:31,(anonymous_1)
FN:72,(anonymous_2)
FN:83,(anonymous_3)
FN:94,(anonymous_4)
FN:151,(anonymous_5)
FN:167,(anonymous_6)
FN:196,(anonymous_7)
FN:228,(anonymous_8)
FN:230,(anonymous_9)
FN:234,(anonymous_10)
FN:236,(anonymous_11)
FN:242,(anonymous_12)
FN:247,(anonymous_13)
FN:264,(anonymous_14)
FN:266,(anonymous_15)
FN:278,(anonymous_16)
FN:282,(anonymous_17)
FN:285,(anonymous_18)
FN:291,(anonymous_19)
FN:334,(anonymous_20)
FN:346,(anonymous_21)
FN:424,(anonymous_22)
FNF:23
FNH:0
FNDA:0,(anonymous_0)
FNDA:0,(anonymous_1)
FNDA:0,(anonymous_2)
FNDA:0,(anonymous_3)
FNDA:0,(anonymous_4)
FNDA:0,(anonymous_5)
FNDA:0,(anonymous_6)
FNDA:0,(anonymous_7)
FNDA:0,(anonymous_8)
FNDA:0,(anonymous_9)
FNDA:0,(anonymous_10)
FNDA:0,(anonymous_11)
FNDA:0,(anonymous_12)
FNDA:0,(anonymous_13)
FNDA:0,(anonymous_14)
FNDA:0,(anonymous_15)
FNDA:0,(anonymous_16)
FNDA:0,(anonymous_17)
FNDA:0,(anonymous_18)
FNDA:0,(anonymous_19)
FNDA:0,(anonymous_20)
FNDA:0,(anonymous_21)
FNDA:0,(anonymous_22)
DA:2,1
DA:13,0
DA:16,0
DA:17,0
DA:18,0
DA:22,0
DA:23,0
DA:26,0
DA:28,0
DA:30,0
DA:31,0
DA:32,0
DA:35,0
DA:36,0
DA:37,0
DA:38,0
DA:39,0
DA:41,0
DA:43,0
DA:44,0
DA:45,0
DA:47,0
DA:48,0
DA:50,0
DA:51,0
DA:52,0
DA:53,0
DA:54,0
DA:55,0
DA:56,0
DA:57,0
DA:58,0
DA:64,0
DA:65,0
DA:66,0
DA:68,0
DA:70,0
DA:71,0
DA:72,0
DA:73,0
DA:74,0
DA:76,0
DA:77,0
DA:83,0
DA:84,0
DA:85,0
DA:87,0
DA:88,0
DA:94,0
DA:95,0
DA:98,0
DA:99,0
DA:100,0
DA:101,0
DA:103,0
DA:104,0
DA:105,0
DA:106,0
DA:107,0
DA:108,0
DA:109,0
DA:111,0
DA:112,0
DA:113,0
DA:114,0
DA:115,0
DA:117,0
DA:119,0
DA:120,0
DA:123,0
DA:124,0
DA:126,0
DA:127,0
DA:128,0
DA:129,0
DA:130,0
DA:131,0
DA:132,0
DA:133,0
DA:134,0
DA:135,0
DA:136,0
DA:137,0
DA:138,0
DA:140,0
DA:153,0
DA:154,0
DA:155,0
DA:159,0
DA:161,0
DA:162,0
DA:163,0
DA:164,0
DA:165,0
DA:166,0
DA:167,0
DA:168,0
DA:183,0
DA:185,0
DA:197,0
DA:200,0
DA:201,0
DA:202,0
DA:206,0
DA:208,0
DA:210,0
DA:217,0
DA:218,0
DA:220,0
DA:222,0
DA:224,0
DA:226,0
DA:228,0
DA:229,0
DA:231,0
DA:234,0
DA:235,0
DA:237,0
DA:240,0
DA:242,0
DA:243,0
DA:245,0
DA:247,0
DA:248,0
DA:250,0
DA:252,0
DA:254,0
DA:256,0
DA:258,0
DA:260,0
DA:262,0
DA:264,0
DA:265,0
DA:267,0
DA:270,0
DA:272,0
DA:273,0
DA:274,0
DA:276,0
DA:278,0
DA:279,0
DA:282,0
DA:283,0
DA:284,0
DA:286,0
DA:287,0
DA:290,0
DA:292,0
DA:293,0
DA:294,0
DA:296,0
DA:297,0
DA:298,0
DA:300,0
DA:301,0
DA:303,0
DA:304,0
DA:305,0
DA:307,0
DA:310,0
DA:312,0
DA:313,0
DA:314,0
DA:315,0
DA:317,0
DA:319,0
DA:323,0
DA:335,0
DA:337,0
DA:339,0
DA:340,0
DA:341,0
DA:342,0
DA:344,0
DA:346,0
DA:348,0
DA:422,0
DA:424,0
DA:425,0
DA:426,0
DA:429,0
LF:181
LH:1
BRDA:16,0,0,0
BRDA:16,0,1,0
BRDA:22,1,0,0
BRDA:22,1,1,0
BRDA:76,2,0,0
BRDA:76,2,1,0
BRDA:76,3,0,0
BRDA:76,3,1,0
BRDA:87,4,0,0
BRDA:87,4,1,0
BRDA:87,5,0,0
BRDA:87,5,1,0
BRDA:114,6,0,0
BRDA:114,6,1,0
BRDA:153,7,0,0
BRDA:153,7,1,0
BRDA:200,8,0,0
BRDA:200,8,1,0
BRDA:298,9,0,0
BRDA:298,9,1,0
BRDA:314,10,0,0
BRDA:314,10,1,0
BRDA:341,11,0,0
BRDA:341,11,1,0
BRF:24
BRH:0
end_of_record
TN:
SF:/home/jpbazonnais/Projets/geoportal-extensions-ol5/src/Common/Controls/ReverseGeocodingDOM.js
FN:8,(anonymous_0)
FN:18,(anonymous_1)
FN:34,(anonymous_2)
FN:46,(anonymous_3)
FN:58,(anonymous_4)
FN:62,(anonymous_5)
FN:80,(anonymous_6)
FN:99,(anonymous_7)
FN:111,(anonymous_8)
FN:125,(anonymous_9)
FN:138,(anonymous_10)
FN:141,(anonymous_11)
FN:144,(anonymous_12)
FN:150,(anonymous_13)
FN:153,(anonymous_14)
FN:156,(anonymous_15)
FN:175,(anonymous_16)
FN:188,(anonymous_17)
FN:201,(anonymous_18)
FN:210,(anonymous_19)
FN:218,(anonymous_20)
FN:234,(anonymous_21)
FN:247,(anonymous_22)
FN:258,(anonymous_23)
FN:262,(anonymous_24)
FN:276,(anonymous_25)
FN:284,(anonymous_26)
FN:289,(anonymous_27)
FN:308,(anonymous_28)
FN:326,(anonymous_29)
FN:330,(anonymous_30)
FN:381,(anonymous_31)
FN:399,(anonymous_32)
FN:403,(anonymous_33)
FN:451,(anonymous_34)
FNF:35
FNH:0
FNDA:0,(anonymous_0)
FNDA:0,(anonymous_1)
FNDA:0,(anonymous_2)
FNDA:0,(anonymous_3)
FNDA:0,(anonymous_4)
FNDA:0,(anonymous_5)
FNDA:0,(anonymous_6)
FNDA:0,(anonymous_7)
FNDA:0,(anonymous_8)
FNDA:0,(anonymous_9)
FNDA:0,(anonymous_10)
FNDA:0,(anonymous_11)
FNDA:0,(anonymous_12)
FNDA:0,(anonymous_13)
FNDA:0,(anonymous_14)
FNDA:0,(anonymous_15)
FNDA:0,(anonymous_16)
FNDA:0,(anonymous_17)
FNDA:0,(anonymous_18)
FNDA:0,(anonymous_19)
FNDA:0,(anonymous_20)
FNDA:0,(anonymous_21)
FNDA:0,(anonymous_22)
FNDA:0,(anonymous_23)
FNDA:0,(anonymous_24)
FNDA:0,(anonymous_25)
FNDA:0,(anonymous_26)
FNDA:0,(anonymous_27)
FNDA:0,(anonymous_28)
FNDA:0,(anonymous_29)
FNDA:0,(anonymous_30)
FNDA:0,(anonymous_31)
FNDA:0,(anonymous_32)
FNDA:0,(anonymous_33)
FNDA:0,(anonymous_34)
DA:1,1
DA:9,0
DA:10,0
DA:19,0
DA:20,0
DA:21,0
DA:22,0
DA:35,0
DA:36,0
DA:37,0
DA:38,0
DA:48,0
DA:50,0
DA:51,0
DA:52,0
DA:53,0
DA:54,0
DA:57,0
DA:58,0
DA:59,0
DA:61,0
DA:62,0
DA:63,0
DA:67,0
DA:68,0
DA:69,0
DA:70,0
DA:72,0
DA:81,0
DA:82,0
DA:83,0
DA:85,0
DA:86,0
DA:87,0
DA:89,0
DA:91,0
DA:100,0
DA:101,0
DA:102,0
DA:103,0
DA:112,0
DA:113,0
DA:115,0
DA:127,0
DA:129,0
DA:131,0
DA:132,0
DA:133,0
DA:134,0
DA:135,0
DA:137,0
DA:138,0
DA:139,0
DA:141,0
DA:142,0
DA:144,0
DA:145,0
DA:146,0
DA:149,0
DA:150,0
DA:151,0
DA:153,0
DA:154,0
DA:156,0
DA:157,0
DA:158,0
DA:163,0
DA:176,0
DA:177,0
DA:178,0
DA:180,0
DA:189,0
DA:190,0
DA:193,0
DA:203,0
DA:205,0
DA:206,0
DA:207,0
DA:208,0
DA:209,0
DA:210,0
DA:211,0
DA:212,0
DA:213,0
DA:214,0
DA:215,0
DA:217,0
DA:218,0
DA:219,0
DA:220,0
DA:221,0
DA:222,0
DA:223,0
DA:226,0
DA:235,0
DA:236,0
DA:237,0
DA:238,0
DA:239,0
DA:249,0
DA:251,0
DA:252,0
DA:253,0
DA:254,0
DA:257,0
DA:258,0
DA:259,0
DA:261,0
DA:262,0
DA:263,0
DA:267,0
DA:278,0
DA:280,0
DA:281,0
DA:283,0
DA:284,0
DA:285,0
DA:286,0
DA:288,0
DA:289,0
DA:290,0
DA:291,0
DA:295,0
DA:310,0
DA:312,0
DA:313,0
DA:315,0
DA:316,0
DA:317,0
DA:318,0
DA:319,0
DA:321,0
DA:322,0
DA:325,0
DA:326,0
DA:327,0
DA:329,0
DA:330,0
DA:331,0
DA:336,0
DA:337,0
DA:339,0
DA:340,0
DA:342,0
DA:343,0
DA:344,0
DA:345,0
DA:346,0
DA:348,0
DA:349,0
DA:350,0
DA:351,0
DA:352,0
DA:354,0
DA:355,0
DA:356,0
DA:357,0
DA:358,0
DA:360,0
DA:361,0
DA:362,0
DA:363,0
DA:364,0
DA:366,0
DA:370,0
DA:372,0
DA:383,0
DA:385,0
DA:386,0
DA:388,0
DA:389,0
DA:390,0
DA:391,0
DA:392,0
DA:394,0
DA:395,0
DA:398,0
DA:399,0
DA:400,0
DA:402,0
DA:403,0
DA:404,0
DA:409,0
DA:410,0
DA:412,0
DA:413,0
DA:415,0
DA:416,0
DA:417,0
DA:418,0
DA:419,0
DA:421,0
DA:422,0
DA:423,0
DA:424,0
DA:425,0
DA:427,0
DA:428,0
DA:429,0
DA:430,0
DA:431,0
DA:433,0
DA:437,0
DA:439,0
DA:452,0
DA:453,0
DA:454,0
DA:455,0
DA:456,0
DA:458,0
LF:210
LH:1
BRDA:9,0,0,0
BRDA:9,0,1,0
BRDA:57,1,0,0
BRDA:57,1,1,0
BRDA:61,2,0,0
BRDA:61,2,1,0
BRDA:137,3,0,0
BRDA:137,3,1,0
BRDA:145,4,0,0
BRDA:145,4,1,0
BRDA:149,5,0,0
BRDA:149,5,1,0
BRDA:157,6,0,0
BRDA:157,6,1,0
BRDA:209,7,0,0
BRDA:209,7,1,0
BRDA:217,8,0,0
BRDA:217,8,1,0
BRDA:257,9,0,0
BRDA:257,9,1,0
BRDA:261,10,0,0
BRDA:261,10,1,0
BRDA:283,11,0,0
BRDA:283,11,1,0
BRDA:288,12,0,0
BRDA:288,12,1,0
BRDA:325,13,0,0
BRDA:325,13,1,0
BRDA:329,14,0,0
BRDA:329,14,1,0
BRDA:336,15,0,0
BRDA:336,15,1,0
BRDA:336,16,0,0
BRDA:336,16,1,0
BRDA:340,17,0,0
BRDA:340,17,1,0
BRDA:340,17,2,0
BRDA:340,17,3,0
BRDA:340,17,4,0
BRDA:398,18,0,0
BRDA:398,18,1,0
BRDA:402,19,0,0
BRDA:402,19,1,0
BRDA:409,20,0,0
BRDA:409,20,1,0
BRDA:409,21,0,0
BRDA:409,21,1,0
BRDA:413,22,0,0
BRDA:413,22,1,0
BRDA:413,22,2,0
BRDA:413,22,3,0
BRF:51
BRH:0
end_of_record
TN:
SF:/home/jpbazonnais/Projets/geoportal-extensions-ol5/src/Common/Controls/RouteDOM.js
FN:13,(anonymous_0)
FN:23,(anonymous_1)
FN:39,(anonymous_2)
FN:52,(anonymous_3)
FN:67,(anonymous_4)
FN:71,(anonymous_5)
FN:98,(anonymous_6)
FN:115,(anonymous_7)
FN:134,(anonymous_8)
FN:138,(anonymous_9)
FN:153,(anonymous_10)
FN:161,(anonymous_11)
FN:269,(anonymous_12)
FN:307,(anonymous_13)
FN:330,(anonymous_14)
FN:342,(anonymous_15)
FN:362,(anonymous_16)
FN:386,(anonymous_17)
FN:406,(anonymous_18)
FN:465,(anonymous_19)
FN:477,(anonymous_20)
FN:492,(anonymous_21)
FN:539,(anonymous_22)
FN:542,(anonymous_23)
FN:545,(anonymous_24)
FN:572,(anonymous_25)
FN:584,(anonymous_26)
FN:602,(anonymous_27)
FN:618,(anonymous_28)
FN:641,(anonymous_29)
FN:697,(anonymous_30)
FN:706,(anonymous_31)
FN:733,(anonymous_32)
FN:740,(anonymous_33)
FN:778,(anonymous_34)
FN:787,(anonymous_35)
FN:792,(anonymous_36)
FN:815,(anonymous_37)
FN:835,(anonymous_38)
FN:853,(anonymous_39)
FN:882,(anonymous_40)
FN:886,(anonymous_41)
FN:912,(anonymous_42)
FN:916,(anonymous_43)
FN:939,(anonymous_44)
FN:957,(anonymous_45)
FN:989,(anonymous_46)
FN:1003,(anonymous_47)
FN:1017,(anonymous_48)
FN:1021,(anonymous_49)
FN:1034,(anonymous_50)
FN:1056,(anonymous_51)
FN:1078,(anonymous_52)
FN:1082,(anonymous_53)
FN:1105,(anonymous_54)
FN:1109,(anonymous_55)
FN:1132,(anonymous_56)
FN:1136,(anonymous_57)
FN:1164,(anonymous_58)
FN:1183,(anonymous_59)
FN:1189,(anonymous_60)
FNF:61
FNH:0
FNDA:0,(anonymous_0)
FNDA:0,(anonymous_1)
FNDA:0,(anonymous_2)
FNDA:0,(anonymous_3)
FNDA:0,(anonymous_4)
FNDA:0,(anonymous_5)
FNDA:0,(anonymous_6)
FNDA:0,(anonymous_7)
FNDA:0,(anonymous_8)
FNDA:0,(anonymous_9)
FNDA:0,(anonymous_10)
FNDA:0,(anonymous_11)
FNDA:0,(anonymous_12)
FNDA:0,(anonymous_13)
FNDA:0,(anonymous_14)
FNDA:0,(anonymous_15)
FNDA:0,(anonymous_16)
FNDA:0,(anonymous_17)
FNDA:0,(anonymous_18)
FNDA:0,(anonymous_19)
FNDA:0,(anonymous_20)
FNDA:0,(anonymous_21)
FNDA:0,(anonymous_22)
FNDA:0,(anonymous_23)
FNDA:0,(anonymous_24)
FNDA:0,(anonymous_25)
FNDA:0,(anonymous_26)
FNDA:0,(anonymous_27)
FNDA:0,(anonymous_28)
FNDA:0,(anonymous_29)
FNDA:0,(anonymous_30)
FNDA:0,(anonymous_31)
FNDA:0,(anonymous_32)
FNDA:0,(anonymous_33)
FNDA:0,(anonymous_34)
FNDA:0,(anonymous_35)
FNDA:0,(anonymous_36)
FNDA:0,(anonymous_37)
FNDA:0,(anonymous_38)
FNDA:0,(anonymous_39)
FNDA:0,(anonymous_40)
FNDA:0,(anonymous_41)
FNDA:0,(anonymous_42)
FNDA:0,(anonymous_43)
FNDA:0,(anonymous_44)
FNDA:0,(anonymous_45)
FNDA:0,(anonymous_46)
FNDA:0,(anonymous_47)
FNDA:0,(anonymous_48)
FNDA:0,(anonymous_49)
FNDA:0,(anonymous_50)
FNDA:0,(anonymous_51)
FNDA:0,(anonymous_52)
FNDA:0,(anonymous_53)
FNDA:0,(anonymous_54)
FNDA:0,(anonymous_55)
FNDA:0,(anonymous_56)
FNDA:0,(anonymous_57)
FNDA:0,(anonymous_58)
FNDA:0,(anonymous_59)
FNDA:0,(anonymous_60)
DA:4,1
DA:6,1
DA:14,0
DA:15,0
DA:24,0
DA:25,0
DA:26,0
DA:27,0
DA:40,0
DA:41,0
DA:42,0
DA:43,0
DA:54,0
DA:56,0
DA:57,0
DA:58,0
DA:59,0
DA:60,0
DA:66,0
DA:67,0
DA:68,0
DA:70,0
DA:71,0
DA:72,0
DA:76,0
DA:77,0
DA:78,0
DA:79,0
DA:81,0
DA:99,0
DA:100,0
DA:101,0
DA:107,0
DA:117,0
DA:119,0
DA:120,0
DA:122,0
DA:123,0
DA:124,0
DA:125,0
DA:127,0
DA:128,0
DA:129,0
DA:130,0
DA:133,0
DA:134,0
DA:135,0
DA:137,0
DA:138,0
DA:139,0
DA:142,0
DA:144,0
DA:155,0
DA:157,0
DA:158,0
DA:159,0
DA:161,0
DA:162,0
DA:163,0
DA:166,0
DA:169,0
DA:170,0
DA:171,0
DA:172,0
DA:174,0
DA:175,0
DA:180,0
DA:181,0
DA:182,0
DA:183,0
DA:184,0
DA:185,0
DA:186,0
DA:187,0
DA:188,0
DA:189,0
DA:190,0
DA:191,0
DA:192,0
DA:193,0
DA:194,0
DA:195,0
DA:196,0
DA:197,0
DA:199,0
DA:201,0
DA:202,0
DA:203,0
DA:215,0
DA:216,0
DA:217,0
DA:218,0
DA:219,0
DA:223,0
DA:225,0
DA:226,0
DA:227,0
DA:231,0
DA:232,0
DA:233,0
DA:238,0
DA:239,0
DA:240,0
DA:241,0
DA:242,0
DA:243,0
DA:244,0
DA:248,0
DA:258,0
DA:261,0
DA:270,0
DA:271,0
DA:272,0
DA:274,0
DA:275,0
DA:277,0
DA:278,0
DA:279,0
DA:281,0
DA:283,0
DA:284,0
DA:285,0
DA:286,0
DA:288,0
DA:289,0
DA:290,0
DA:291,0
DA:293,0
DA:294,0
DA:295,0
DA:297,0
DA:299,0
DA:308,0
DA:309,0
DA:310,0
DA:312,0
DA:313,0
DA:314,0
DA:316,0
DA:318,0
DA:331,0
DA:332,0
DA:333,0
DA:344,0
DA:346,0
DA:347,0
DA:350,0
DA:351,0
DA:352,0
DA:354,0
DA:355,0
DA:357,0
DA:358,0
DA:359,0
DA:362,0
DA:363,0
DA:366,0
DA:374,0
DA:375,0
DA:376,0
DA:377,0
DA:378,0
DA:380,0
DA:381,0
DA:383,0
DA:384,0
DA:385,0
DA:386,0
DA:387,0
DA:388,0
DA:389,0
DA:391,0
DA:393,0
DA:407,0
DA:410,0
DA:411,0
DA:412,0
DA:416,0
DA:417,0
DA:419,0
DA:420,0
DA:421,0
DA:422,0
DA:424,0
DA:425,0
DA:427,0
DA:428,0
DA:430,0
DA:431,0
DA:432,0
DA:435,0
DA:436,0
DA:437,0
DA:438,0
DA:440,0
DA:442,0
DA:443,0
DA:445,0
DA:446,0
DA:447,0
DA:448,0
DA:450,0
DA:451,0
DA:452,0
DA:453,0
DA:455,0
DA:457,0
DA:466,0
DA:467,0
DA:468,0
DA:469,0
DA:479,0
DA:480,0
DA:481,0
DA:494,0
DA:496,0
DA:499,0
DA:500,0
DA:501,0
DA:506,0
DA:507,0
DA:510,0
DA:511,0
DA:513,0
DA:515,0
DA:516,0
DA:517,0
DA:518,0
DA:520,0
DA:521,0
DA:523,0
DA:524,0
DA:525,0
DA:526,0
DA:528,0
DA:529,0
DA:530,0
DA:533,0
DA:534,0
DA:535,0
DA:536,0
DA:537,0
DA:539,0
DA:540,0
DA:542,0
DA:543,0
DA:545,0
DA:547,0
DA:548,0
DA:551,0
DA:554,0
DA:574,0
DA:576,0
DA:577,0
DA:578,0
DA:580,0
DA:581,0
DA:582,0
DA:583,0
DA:584,0
DA:585,0
DA:586,0
DA:587,0
DA:588,0
DA:590,0
DA:591,0
DA:592,0
DA:593,0
DA:595,0
DA:597,0
DA:598,0
DA:599,0
DA:600,0
DA:601,0
DA:602,0
DA:603,0
DA:604,0
DA:605,0
DA:607,0
DA:608,0
DA:609,0
DA:611,0
DA:616,0
DA:618,0
DA:619,0
DA:620,0
DA:622,0
DA:624,0
DA:625,0
DA:626,0
DA:627,0
DA:628,0
DA:629,0
DA:631,0
DA:632,0
DA:633,0
DA:634,0
DA:636,0
DA:637,0
DA:638,0
DA:639,0
DA:640,0
DA:641,0
DA:642,0
DA:643,0
DA:644,0
DA:646,0
DA:647,0
DA:648,0
DA:649,0
DA:650,0
DA:651,0
DA:652,0
DA:656,0
DA:657,0
DA:658,0
DA:659,0
DA:661,0
DA:662,0
DA:663,0
DA:664,0
DA:666,0
DA:667,0
DA:668,0
DA:669,0
DA:671,0
DA:674,0
DA:675,0
DA:676,0
DA:677,0
DA:681,0
DA:683,0
DA:685,0
DA:699,0
DA:701,0
DA:702,0
DA:703,0
DA:704,0
DA:705,0
DA:706,0
DA:707,0
DA:708,0
DA:709,0
DA:710,0
DA:711,0
DA:712,0
DA:713,0
DA:719,0
DA:722,0
DA:735,0
DA:737,0
DA:738,0
DA:739,0
DA:740,0
DA:741,0
DA:742,0
DA:743,0
DA:744,0
DA:745,0
DA:746,0
DA:749,0
DA:752,0
DA:753,0
DA:758,0
DA:759,0
DA:763,0
DA:766,0
DA:780,0
DA:782,0
DA:783,0
DA:784,0
DA:786,0
DA:787,0
DA:788,0
DA:789,0
DA:791,0
DA:792,0
DA:793,0
DA:794,0
DA:801,0
DA:816,0
DA:818,0
DA:819,0
DA:820,0
DA:821,0
DA:823,0
DA:836,0
DA:837,0
DA:842,0
DA:855,0
DA:857,0
DA:858,0
DA:860,0
DA:861,0
DA:862,0
DA:863,0
DA:866,0
DA:867,0
DA:869,0
DA:870,0
DA:871,0
DA:872,0
DA:873,0
DA:874,0
DA:875,0
DA:876,0
DA:881,0
DA:882,0
DA:883,0
DA:885,0
DA:886,0
DA:887,0
DA:890,0
DA:892,0
DA:893,0
DA:894,0
DA:895,0
DA:896,0
DA:899,0
DA:900,0
DA:901,0
DA:902,0
DA:903,0
DA:904,0
DA:905,0
DA:906,0
DA:911,0
DA:912,0
DA:913,0
DA:915,0
DA:916,0
DA:917,0
DA:920,0
DA:922,0
DA:923,0
DA:924,0
DA:925,0
DA:926,0
DA:930,0
DA:941,0
DA:943,0
DA:944,0
DA:946,0
DA:947,0
DA:948,0
DA:949,0
DA:951,0
DA:952,0
DA:953,0
DA:957,0
DA:958,0
DA:961,0
DA:969,0
DA:970,0
DA:971,0
DA:972,0
DA:973,0
DA:975,0
DA:977,0
DA:990,0
DA:991,0
DA:992,0
DA:993,0
DA:1005,0
DA:1007,0
DA:1008,0
DA:1009,0
DA:1010,0
DA:1011,0
DA:1016,0
DA:1017,0
DA:1018,0
DA:1020,0
DA:1021,0
DA:1022,0
DA:1026,0
DA:1035,0
DA:1036,0
DA:1038,0
DA:1039,0
DA:1040,0
DA:1041,0
DA:1045,0
DA:1058,0
DA:1060,0
DA:1061,0
DA:1064,0
DA:1065,0
DA:1066,0
DA:1067,0
DA:1069,0
DA:1070,0
DA:1071,0
DA:1072,0
DA:1073,0
DA:1077,0
DA:1078,0
DA:1079,0
DA:1081,0
DA:1082,0
DA:1083,0
DA:1086,0
DA:1088,0
DA:1089,0
DA:1090,0
DA:1091,0
DA:1092,0
DA:1093,0
DA:1096,0
DA:1097,0
DA:1098,0
DA:1099,0
DA:1100,0
DA:1104,0
DA:1105,0
DA:1106,0
DA:1108,0
DA:1109,0
DA:1110,0
DA:1113,0
DA:1115,0
DA:1116,0
DA:1117,0
DA:1118,0
DA:1119,0
DA:1120,0
DA:1123,0
DA:1124,0
DA:1125,0
DA:1126,0
DA:1127,0
DA:1131,0
DA:1132,0
DA:1133,0
DA:1135,0
DA:1136,0
DA:1137,0
DA:1140,0
DA:1142,0
DA:1143,0
DA:1144,0
DA:1145,0
DA:1146,0
DA:1147,0
DA:1152,0
DA:1165,0
DA:1166,0
DA:1167,0
DA:1168,0
DA:1169,0
DA:1171,0
DA:1184,0
DA:1186,0
DA:1187,0
DA:1188,0
DA:1189,0
DA:1190,0
DA:1193,0
LF:558
LH:2
BRDA:14,0,0,0
BRDA:14,0,1,0
BRDA:66,1,0,0
BRDA:66,1,1,0
BRDA:70,2,0,0
BRDA:70,2,1,0
BRDA:133,3,0,0
BRDA:133,3,1,0
BRDA:137,4,0,0
BRDA:137,4,1,0
BRDA:174,5,0,0
BRDA:174,5,1,0
BRDA:174,6,0,0
BRDA:174,6,1,0
BRDA:174,6,2,0
BRDA:174,6,3,0
BRDA:184,7,0,0
BRDA:184,7,1,0
BRDA:196,8,0,0
BRDA:196,8,1,0
BRDA:196,9,0,0
BRDA:196,9,1,0
BRDA:196,9,2,0
BRDA:202,10,0,0
BRDA:202,10,1,0
BRDA:216,11,0,0
BRDA:216,11,1,0
BRDA:225,12,0,0
BRDA:225,12,1,0
BRDA:226,13,0,0
BRDA:226,13,1,0
BRDA:231,14,0,0
BRDA:231,14,1,0
BRDA:232,15,0,0
BRDA:232,15,1,0
BRDA:243,16,0,0
BRDA:243,16,1,0
BRDA:410,17,0,0
BRDA:410,17,1,0
BRDA:427,18,0,0
BRDA:427,18,1,0
BRDA:499,19,0,0
BRDA:499,19,1,0
BRDA:525,20,0,0
BRDA:525,20,1,0
BRDA:547,21,0,0
BRDA:547,21,1,0
BRDA:578,22,0,0
BRDA:578,22,1,0
BRDA:603,23,0,0
BRDA:603,23,1,0
BRDA:604,24,0,0
BRDA:604,24,1,0
BRDA:604,25,0,0
BRDA:604,25,1,0
BRDA:608,26,0,0
BRDA:608,26,1,0
BRDA:647,27,0,0
BRDA:647,27,1,0
BRDA:649,28,0,0
BRDA:649,28,1,0
BRDA:656,29,0,0
BRDA:656,29,1,0
BRDA:668,30,0,0
BRDA:668,30,1,0
BRDA:705,31,0,0
BRDA:705,31,1,0
BRDA:705,32,0,0
BRDA:705,32,1,0
BRDA:744,33,0,0
BRDA:744,33,1,0
BRDA:745,34,0,0
BRDA:745,34,1,0
BRDA:752,35,0,0
BRDA:752,35,1,0
BRDA:758,36,0,0
BRDA:758,36,1,0
BRDA:786,37,0,0
BRDA:786,37,1,0
BRDA:791,38,0,0
BRDA:791,38,1,0
BRDA:869,39,0,0
BRDA:869,39,1,0
BRDA:875,40,0,0
BRDA:875,40,1,0
BRDA:881,41,0,0
BRDA:881,41,1,0
BRDA:885,42,0,0
BRDA:885,42,1,0
BRDA:899,43,0,0
BRDA:899,43,1,0
BRDA:905,44,0,0
BRDA:905,44,1,0
BRDA:911,45,0,0
BRDA:911,45,1,0
BRDA:915,46,0,0
BRDA:915,46,1,0
BRDA:1016,47,0,0
BRDA:1016,47,1,0
BRDA:1020,48,0,0
BRDA:1020,48,1,0
BRDA:1065,49,0,0
BRDA:1065,49,1,0
BRDA:1067,50,0,0
BRDA:1067,50,1,0
BRDA:1067,50,2,0
BRDA:1077,51,0,0
BRDA:1077,51,1,0
BRDA:1081,52,0,0
BRDA:1081,52,1,0
BRDA:1104,53,0,0
BRDA:1104,53,1,0
BRDA:1108,54,0,0
BRDA:1108,54,1,0
BRDA:1131,55,0,0
BRDA:1131,55,1,0
BRDA:1135,56,0,0
BRDA:1135,56,1,0
BRF:118
BRH:0
end_of_record
TN:
SF:/home/jpbazonnais/Projets/geoportal-extensions-ol5/src/Common/Controls/ScaleDOM.js
FN:8,(anonymous_0)
FN:18,(anonymous_1)
FNF:2
FNH:0
FNDA:0,(anonymous_0)
FNDA:0,(anonymous_1)
DA:1,1
DA:9,0
DA:10,0
DA:19,0
DA:20,0
DA:21,0
DA:22,0
LF:7
LH:1
BRDA:9,0,0,0
BRDA:9,0,1,0
BRF:2
BRH:0
end_of_record
TN:
SF:/home/jpbazonnais/Projets/geoportal-extensions-ol5/src/Common/Controls/SearchEngineDOM.js
FN:10,(anonymous_0)
FN:20,(anonymous_1)
FN:36,(anonymous_2)
FN:48,(anonymous_3)
FN:59,(anonymous_4)
FN:86,(anonymous_5)
FN:93,(anonymous_6)
FN:112,(anonymous_7)
FN:133,(anonymous_8)
FN:213,(anonymous_9)
FN:229,(anonymous_10)
FN:239,(anonymous_11)
FN:265,(anonymous_12)
FN:287,(anonymous_13)
FN:310,(anonymous_14)
FN:332,(anonymous_15)
FN:340,(anonymous_16)
FN:345,(anonymous_17)
FN:366,(anonymous_18)
FN:374,(anonymous_19)
FN:378,(anonymous_20)
FN:393,(anonymous_21)
FN:411,(anonymous_22)
FN:419,(anonymous_23)
FN:438,(anonymous_24)
FN:444,(anonymous_25)
FN:496,(anonymous_26)
FN:503,(anonymous_27)
FN:541,(anonymous_28)
FN:556,(anonymous_29)
FN:571,(anonymous_30)
FN:595,(anonymous_31)
FN:646,(anonymous_32)
FN:663,(anonymous_33)
FN:667,(anonymous_34)
FN:681,(anonymous_35)
FN:689,(anonymous_36)
FN:696,(anonymous_37)
FN:719,(anonymous_38)
FNF:39
FNH:0
FNDA:0,(anonymous_0)
FNDA:0,(anonymous_1)
FNDA:0,(anonymous_2)
FNDA:0,(anonymous_3)
FNDA:0,(anonymous_4)
FNDA:0,(anonymous_5)
FNDA:0,(anonymous_6)
FNDA:0,(anonymous_7)
FNDA:0,(anonymous_8)
FNDA:0,(anonymous_9)
FNDA:0,(anonymous_10)
FNDA:0,(anonymous_11)
FNDA:0,(anonymous_12)
FNDA:0,(anonymous_13)
FNDA:0,(anonymous_14)
FNDA:0,(anonymous_15)
FNDA:0,(anonymous_16)
FNDA:0,(anonymous_17)
FNDA:0,(anonymous_18)
FNDA:0,(anonymous_19)
FNDA:0,(anonymous_20)
FNDA:0,(anonymous_21)
FNDA:0,(anonymous_22)
FNDA:0,(anonymous_23)
FNDA:0,(anonymous_24)
FNDA:0,(anonymous_25)
FNDA:0,(anonymous_26)
FNDA:0,(anonymous_27)
FNDA:0,(anonymous_28)
FNDA:0,(anonymous_29)
FNDA:0,(anonymous_30)
FNDA:0,(anonymous_31)
FNDA:0,(anonymous_32)
FNDA:0,(anonymous_33)
FNDA:0,(anonymous_34)
FNDA:0,(anonymous_35)
FNDA:0,(anonymous_36)
FNDA:0,(anonymous_37)
FNDA:0,(anonymous_38)
DA:3,1
DA:11,0
DA:12,0
DA:21,0
DA:22,0
DA:23,0
DA:24,0
DA:37,0
DA:38,0
DA:39,0
DA:40,0
DA:50,0
DA:52,0
DA:53,0
DA:54,0
DA:55,0
DA:56,0
DA:59,0
DA:60,0
DA:61,0
DA:62,0
DA:63,0
DA:64,0
DA:65,0
DA:67,0
DA:68,0
DA:69,0
DA:72,0
DA:73,0
DA:74,0
DA:75,0
DA:77,0
DA:88,0
DA:90,0
DA:91,0
DA:93,0
DA:94,0
DA:95,0
DA:96,0
DA:102,0
DA:103,0
DA:106,0
DA:107,0
DA:108,0
DA:109,0
DA:110,0
DA:112,0
DA:113,0
DA:114,0
DA:115,0
DA:117,0
DA:118,0
DA:119,0
DA:121,0
DA:125,0
DA:133,0
DA:140,0
DA:142,0
DA:145,0
DA:146,0
DA:149,0
DA:150,0
DA:153,0
DA:154,0
DA:155,0
DA:158,0
DA:161,0
DA:162,0
DA:163,0
DA:164,0
DA:165,0
DA:166,0
DA:168,0
DA:171,0
DA:172,0
DA:173,0
DA:175,0
DA:176,0
DA:177,0
DA:178,0
DA:179,0
DA:180,0
DA:182,0
DA:185,0
DA:186,0
DA:187,0
DA:188,0
DA:189,0
DA:192,0
DA:193,0
DA:194,0
DA:195,0
DA:196,0
DA:200,0
DA:201,0
DA:202,0
DA:205,0
DA:208,0
DA:210,0
DA:211,0
DA:213,0
DA:214,0
DA:215,0
DA:216,0
DA:217,0
DA:219,0
DA:221,0
DA:231,0
DA:233,0
DA:234,0
DA:235,0
DA:236,0
DA:239,0
DA:240,0
DA:241,0
DA:242,0
DA:243,0
DA:244,0
DA:245,0
DA:248,0
DA:249,0
DA:250,0
DA:251,0
DA:253,0
DA:266,0
DA:267,0
DA:268,0
DA:269,0
DA:276,0
DA:288,0
DA:289,0
DA:290,0
DA:291,0
DA:293,0
DA:299,0
DA:311,0
DA:312,0
DA:313,0
DA:314,0
DA:320,0
DA:334,0
DA:336,0
DA:337,0
DA:339,0
DA:340,0
DA:341,0
DA:342,0
DA:344,0
DA:345,0
DA:346,0
DA:347,0
DA:354,0
DA:367,0
DA:369,0
DA:370,0
DA:371,0
DA:372,0
DA:373,0
DA:374,0
DA:375,0
DA:377,0
DA:378,0
DA:379,0
DA:383,0
DA:395,0
DA:397,0
DA:398,0
DA:400,0
DA:401,0
DA:402,0
DA:403,0
DA:405,0
DA:406,0
DA:407,0
DA:408,0
DA:410,0
DA:411,0
DA:412,0
DA:413,0
DA:414,0
DA:415,0
DA:416,0
DA:418,0
DA:419,0
DA:420,0
DA:421,0
DA:422,0
DA:423,0
DA:424,0
DA:428,0
DA:430,0
DA:440,0
DA:442,0
DA:443,0
DA:444,0
DA:445,0
DA:447,0
DA:449,0
DA:450,0
DA:451,0
DA:452,0
DA:453,0
DA:461,0
DA:462,0
DA:464,0
DA:467,0
DA:468,0
DA:470,0
DA:471,0
DA:472,0
DA:473,0
DA:475,0
DA:476,0
DA:487,0
DA:489,0
DA:498,0
DA:500,0
DA:501,0
DA:502,0
DA:503,0
DA:508,0
DA:512,0
DA:513,0
DA:528,0
DA:529,0
DA:530,0
DA:531,0
DA:532,0
DA:535,0
DA:542,0
DA:543,0
DA:544,0
DA:545,0
DA:546,0
DA:548,0
DA:557,0
DA:558,0
DA:559,0
DA:572,0
DA:573,0
DA:574,0
DA:575,0
DA:578,0
DA:600,0
DA:601,0
DA:602,0
DA:603,0
DA:604,0
DA:605,0
DA:607,0
DA:608,0
DA:610,0
DA:611,0
DA:612,0
DA:613,0
DA:614,0
DA:615,0
DA:617,0
DA:618,0
DA:619,0
DA:620,0
DA:621,0
DA:622,0
DA:623,0
DA:625,0
DA:627,0
DA:629,0
DA:630,0
DA:633,0
DA:636,0
DA:647,0
DA:649,0
DA:650,0
DA:652,0
DA:653,0
DA:654,0
DA:655,0
DA:657,0
DA:658,0
DA:659,0
DA:660,0
DA:662,0
DA:663,0
DA:664,0
DA:666,0
DA:667,0
DA:668,0
DA:671,0
DA:673,0
DA:683,0
DA:685,0
DA:686,0
DA:688,0
DA:689,0
DA:690,0
DA:691,0
DA:693,0
DA:695,0
DA:696,0
DA:697,0
DA:698,0
DA:700,0
DA:706,0
DA:720,0
DA:722,0
DA:723,0
DA:724,0
DA:726,0
DA:727,0
DA:729,0
DA:731,0
DA:733,0
DA:734,0
DA:737,0
DA:738,0
DA:740,0
DA:742,0
DA:746,0
LF:318
LH:1
BRDA:11,0,0,0
BRDA:11,0,1,0
BRDA:63,1,0,0
BRDA:63,1,1,0
BRDA:113,2,0,0
BRDA:113,2,1,0
BRDA:114,3,0,0
BRDA:114,3,1,0
BRDA:114,4,0,0
BRDA:114,4,1,0
BRDA:114,4,2,0
BRDA:114,4,3,0
BRDA:118,5,0,0
BRDA:118,5,1,0
BRDA:140,6,0,0
BRDA:140,6,1,0
BRDA:145,7,0,0
BRDA:145,7,1,0
BRDA:154,8,0,0
BRDA:154,8,1,0
BRDA:161,9,0,0
BRDA:161,9,1,0
BRDA:172,10,0,0
BRDA:172,10,1,0
BRDA:173,11,0,0
BRDA:173,11,1,0
BRDA:182,12,0,0
BRDA:182,12,1,0
BRDA:182,12,2,0
BRDA:339,13,0,0
BRDA:339,13,1,0
BRDA:344,14,0,0
BRDA:344,14,1,0
BRDA:373,15,0,0
BRDA:373,15,1,0
BRDA:377,16,0,0
BRDA:377,16,1,0
BRDA:410,17,0,0
BRDA:410,17,1,0
BRDA:418,18,0,0
BRDA:418,18,1,0
BRDA:512,19,0,0
BRDA:512,19,1,0
BRDA:574,20,0,0
BRDA:574,20,1,0
BRDA:613,21,0,0
BRDA:613,21,1,0
BRDA:622,22,0,0
BRDA:622,22,1,0
BRDA:629,23,0,0
BRDA:629,23,1,0
BRDA:662,24,0,0
BRDA:662,24,1,0
BRDA:666,25,0,0
BRDA:666,25,1,0
BRDA:688,26,0,0
BRDA:688,26,1,0
BRDA:690,27,0,0
BRDA:690,27,1,0
BRDA:695,28,0,0
BRDA:695,28,1,0
BRDA:697,29,0,0
BRDA:697,29,1,0
BRDA:726,30,0,0
BRDA:726,30,1,0
BRDA:731,31,0,0
BRDA:731,31,1,0
BRDA:734,32,0,0
BRDA:734,32,1,0
BRDA:738,33,0,0
BRDA:738,33,1,0
BRF:71
BRH:0
end_of_record
TN:
SF:/home/jpbazonnais/Projets/geoportal-extensions-ol5/src/Common/Utils/CheckRightManagement.js
FN:18,(anonymous_0)
FNF:1
FNH:1
FNDA:12,(anonymous_0)
DA:21,12
DA:24,12
DA:26,1
DA:27,1
DA:31,11
DA:32,11
DA:33,11
DA:37,11
DA:39,1
DA:40,1
DA:45,10
DA:47,1
DA:48,1
DA:59,9
DA:62,9
DA:65,5
DA:69,1
DA:71,1
DA:78,4
DA:79,4
DA:84,8
DA:87,8
DA:94,2
DA:97,2
DA:99,2
DA:100,3
DA:101,3
DA:103,3
DA:104,6
DA:105,6
DA:110,2
DA:112,2
DA:114,2
DA:124,6
DA:125,12
DA:127,12
DA:128,12
DA:130,12
DA:131,12
DA:132,7
DA:133,7
DA:136,5
DA:137,3
DA:140,5
DA:144,6
DA:145,3
DA:146,3
DA:150,3
DA:152,3
DA:154,3
LF:50
LH:50
BRDA:24,0,0,1
BRDA:24,0,1,11
BRDA:32,1,0,11
BRDA:32,1,1,1
BRDA:33,2,0,11
BRDA:33,2,1,2
BRDA:37,3,0,1
BRDA:37,3,1,10
BRDA:37,4,0,11
BRDA:37,4,1,11
BRDA:45,5,0,1
BRDA:45,5,1,9
BRDA:45,6,0,10
BRDA:45,6,1,10
BRDA:62,7,0,5
BRDA:62,7,1,4
BRDA:65,8,0,1
BRDA:65,8,1,4
BRDA:84,9,0,8
BRDA:84,9,1,0
BRDA:87,10,0,2
BRDA:87,10,1,6
BRDA:131,11,0,7
BRDA:131,11,1,5
BRDA:131,12,0,12
BRDA:131,12,1,10
BRDA:136,13,0,3
BRDA:136,13,1,2
BRDA:144,14,0,3
BRDA:144,14,1,3
BRDA:144,15,0,6
BRDA:144,15,1,6
BRF:32
BRH:31
end_of_record
TN:
SF:/home/jpbazonnais/Projets/geoportal-extensions-ol5/src/Common/Utils/ColorUtils.js
FN:9,(anonymous_0)
FN:11,hex
FN:44,(anonymous_2)
FN:50,(anonymous_3)
FNF:4
FNH:3
FNDA:3,(anonymous_0)
FNDA:3,hex
FNDA:3,(anonymous_2)
FNDA:0,(anonymous_3)
DA:1,1
DA:12,3
DA:13,0
DA:15,3
DA:16,3
DA:18,3
DA:19,3
DA:20,3
DA:21,2
DA:23,1
DA:24,1
DA:25,1
DA:26,1
DA:27,1
DA:28,1
DA:29,1
DA:30,1
DA:32,1
DA:34,1
DA:46,3
DA:47,3
DA:48,1
DA:50,2
DA:51,0
DA:54,2
DA:55,2
DA:60,2
DA:61,2
LF:28
LH:26
BRDA:12,0,0,0
BRDA:12,0,1,3
BRDA:20,1,0,2
BRDA:20,1,1,1
BRDA:30,2,0,1
BRDA:30,2,1,0
BRDA:47,3,0,1
BRDA:47,3,1,2
BRDA:55,4,0,1
BRDA:55,4,1,1
BRDA:60,5,0,1
BRDA:60,5,1,1
BRF:12
BRH:10
end_of_record
TN:
SF:/home/jpbazonnais/Projets/geoportal-extensions-ol5/src/Common/Utils/Config.js
FN:15,(anonymous_0)
FN:31,(anonymous_1)
FN:98,(anonymous_2)
FN:171,(anonymous_3)
FN:211,(anonymous_4)
FN:227,(anonymous_5)
FN:249,(anonymous_6)
FNF:7
FNH:4
FNDA:15,(anonymous_0)
FNDA:20,(anonymous_1)
FNDA:4,(anonymous_2)
FNDA:16,(anonymous_3)
FNDA:0,(anonymous_4)
FNDA:0,(anonymous_5)
FNDA:0,(anonymous_6)
DA:3,1
DA:5,1
DA:16,15
DA:17,15
DA:18,11
DA:19,11
DA:21,4
DA:32,20
DA:42,20
DA:43,20
DA:44,20
DA:45,25
DA:46,25
DA:47,25
DA:48,11
DA:49,11
DA:50,11
DA:52,11
DA:53,7
DA:54,7
DA:56,4
DA:57,0
DA:58,0
DA:65,20
DA:66,13
DA:69,20
DA:99,4
DA:101,4
DA:103,4
DA:105,4
DA:107,0
DA:110,0
DA:111,0
DA:112,0
DA:113,0
DA:114,0
DA:118,0
DA:119,0
DA:121,0
DA:122,0
DA:123,0
DA:124,0
DA:125,0
DA:128,0
DA:129,0
DA:130,0
DA:131,0
DA:132,0
DA:133,0
DA:134,0
DA:135,0
DA:136,0
DA:139,0
DA:140,0
DA:144,0
DA:145,0
DA:146,0
DA:147,0
DA:149,0
DA:150,0
DA:151,0
DA:152,0
DA:157,4
DA:172,16
DA:174,16
DA:176,16
DA:178,16
DA:180,7
DA:183,7
DA:184,7
DA:185,7
DA:186,2
DA:190,5
DA:191,5
DA:193,5
DA:194,5
DA:197,5
DA:198,5
DA:199,5
DA:203,14
DA:212,0
DA:214,0
DA:215,0
DA:218,0
DA:228,0
DA:230,0
DA:231,0
DA:232,0
DA:236,0
DA:250,0
DA:252,0
DA:254,0
DA:255,0
DA:256,0
DA:257,0
DA:258,0
DA:261,0
LF:97
LH:46
BRDA:16,0,0,15
BRDA:16,0,1,0
BRDA:16,1,0,0
BRDA:16,1,1,0
BRDA:16,2,0,0
BRDA:16,2,1,0
BRDA:17,3,0,11
BRDA:17,3,1,4
BRDA:17,4,0,15
BRDA:17,4,1,14
BRDA:17,4,2,11
BRDA:42,5,0,20
BRDA:42,5,1,0
BRDA:45,6,0,25
BRDA:45,6,1,0
BRDA:47,7,0,11
BRDA:47,7,1,14
BRDA:48,8,0,11
BRDA:48,8,1,0
BRDA:52,9,0,7
BRDA:52,9,1,4
BRDA:56,10,0,0
BRDA:56,10,1,4
BRDA:65,11,0,13
BRDA:65,11,1,7
BRDA:101,12,0,4
BRDA:101,12,1,0
BRDA:105,13,0,0
BRDA:105,13,1,4
BRDA:111,14,0,0
BRDA:111,14,1,0
BRDA:112,15,0,0
BRDA:112,15,1,0
BRDA:118,16,0,0
BRDA:118,16,1,0
BRDA:139,17,0,0
BRDA:139,17,1,0
BRDA:145,18,0,0
BRDA:145,18,1,0
BRDA:174,19,0,16
BRDA:174,19,1,0
BRDA:178,20,0,7
BRDA:178,20,1,9
BRDA:184,21,0,7
BRDA:184,21,1,0
BRDA:185,22,0,2
BRDA:185,22,1,5
BRDA:190,23,0,5
BRDA:190,23,1,0
BRDA:214,24,0,0
BRDA:214,24,1,0
BRDA:230,25,0,0
BRDA:230,25,1,0
BRDA:231,26,0,0
BRDA:231,26,1,0
BRDA:252,27,0,0
BRDA:252,27,1,0
BRF:57
BRH:25
end_of_record
TN:
SF:/home/jpbazonnais/Projets/geoportal-extensions-ol5/src/Common/Utils/LayerUtils.js
FN:10,(anonymous_0)
FN:183,(anonymous_1)
FN:294,(anonymous_2)
FNF:3
FNH:3
FNDA:9,(anonymous_0)
FNDA:6,(anonymous_1)
FNDA:2,(anonymous_2)
DA:1,1
DA:97,9
DA:98,9
DA:100,0
DA:124,0
DA:126,9
DA:150,9
DA:158,9
DA:160,9
DA:161,112
DA:162,112
DA:163,8
DA:164,8
DA:169,1
DA:184,6
DA:186,6
DA:188,6
DA:191,4
DA:192,3
DA:193,3
DA:195,3
DA:196,3
DA:197,3
DA:198,3
DA:200,3
DA:201,3
DA:204,3
DA:205,1
DA:209,3
DA:210,0
DA:214,3
DA:215,3
DA:216,2
DA:217,2
DA:218,2
DA:219,2
DA:220,2
DA:222,1
DA:223,1
DA:229,3
DA:232,1
DA:233,1
DA:234,1
DA:235,1
DA:237,1
DA:238,1
DA:241,1
DA:242,1
DA:243,1
DA:244,1
DA:245,1
DA:246,1
DA:247,1
DA:250,1
DA:251,1
DA:253,1
DA:254,1
DA:255,1
DA:256,1
DA:257,1
DA:259,0
DA:260,0
DA:262,1
DA:263,1
DA:264,1
DA:265,1
DA:268,0
DA:269,0
DA:270,0
DA:271,0
DA:272,0
DA:273,0
DA:275,0
DA:279,1
DA:284,6
DA:295,2
DA:296,2
DA:297,2
LF:78
LH:66
BRDA:98,0,0,0
BRDA:98,0,1,9
BRDA:161,1,0,112
BRDA:161,1,1,0
BRDA:162,2,0,8
BRDA:162,2,1,104
BRDA:188,3,0,4
BRDA:188,3,1,2
BRDA:188,4,0,6
BRDA:188,4,1,5
BRDA:195,5,0,3
BRDA:195,5,1,0
BRDA:201,6,0,3
BRDA:201,6,1,0
BRDA:204,7,0,1
BRDA:204,7,1,2
BRDA:204,8,0,3
BRDA:204,8,1,3
BRDA:209,9,0,0
BRDA:209,9,1,3
BRDA:209,10,0,3
BRDA:209,10,1,2
BRDA:209,10,2,2
BRDA:215,11,0,2
BRDA:215,11,1,1
BRDA:215,12,0,3
BRDA:215,12,1,2
BRDA:218,13,0,2
BRDA:218,13,1,0
BRDA:220,14,0,1
BRDA:220,14,1,1
BRDA:229,15,0,1
BRDA:229,15,1,2
BRDA:234,16,0,1
BRDA:234,16,1,0
BRDA:246,17,0,1
BRDA:246,17,1,0
BRDA:253,18,0,1
BRDA:253,18,1,0
BRDA:255,19,0,1
BRDA:255,19,1,0
BRDA:263,20,0,1
BRDA:263,20,1,0
BRDA:268,21,0,0
BRDA:268,21,1,0
BRDA:270,22,0,0
BRDA:270,22,1,0
BRDA:272,23,0,0
BRDA:272,23,1,0
BRDA:295,24,0,2
BRDA:295,24,1,1
BRDA:296,25,0,2
BRDA:296,25,1,1
BRDA:297,26,0,2
BRDA:297,26,1,1
BRF:55
BRH:38
end_of_record
TN:
SF:/home/jpbazonnais/Projets/geoportal-extensions-ol5/src/Common/Utils/LoggerByDefault.js
FN:11,(anonymous_0)
FNF:1
FNH:1
FNDA:44,(anonymous_0)
DA:4,1
DA:14,44
DA:15,44
DA:16,44
LF:4
LH:4
BRDA:14,0,0,44
BRDA:14,0,1,0
BRDA:15,1,0,44
BRDA:15,1,1,0
BRF:4
BRH:2
end_of_record
TN:
SF:/home/jpbazonnais/Projets/geoportal-extensions-ol5/src/Common/Utils/MathUtils.js
FN:8,(anonymous_0)
FN:22,(anonymous_1)
FN:59,(anonymous_2)
FN:74,(anonymous_3)
FN:89,(anonymous_4)
FNF:5
FNH:0
FNDA:0,(anonymous_0)
FNDA:0,(anonymous_1)
FNDA:0,(anonymous_2)
FNDA:0,(anonymous_3)
FNDA:0,(anonymous_4)
DA:1,1
DA:9,0
DA:10,0
DA:23,0
DA:24,0
DA:25,0
DA:26,0
DA:28,0
DA:29,0
DA:30,0
DA:31,0
DA:33,0
DA:34,0
DA:35,0
DA:38,0
DA:39,0
DA:40,0
DA:43,0
DA:44,0
DA:60,0
DA:61,0
DA:62,0
DA:63,0
DA:65,0
DA:75,0
DA:76,0
DA:79,0
DA:80,0
DA:90,0
DA:91,0
DA:92,0
DA:94,0
LF:32
LH:1
BRDA:10,0,0,0
BRDA:10,0,1,0
BRDA:25,1,0,0
BRDA:25,1,1,0
BRDA:33,2,0,0
BRDA:33,2,1,0
BRDA:38,3,0,0
BRDA:38,3,1,0
BRDA:43,4,0,0
BRDA:43,4,1,0
BRDA:60,5,0,0
BRDA:60,5,1,0
BRDA:62,6,0,0
BRDA:62,6,1,0
BRDA:62,7,0,0
BRDA:62,7,1,0
BRDA:75,8,0,0
BRDA:75,8,1,0
BRDA:91,9,0,0
BRDA:91,9,1,0
BRDA:91,10,0,0
BRDA:91,10,1,0
BRF:22
BRH:0
end_of_record
TN:
SF:/home/jpbazonnais/Projets/geoportal-extensions-ol5/src/Common/Utils/ProxyUtils.js
FN:14,(anonymous_0)
FNF:1
FNH:1
FNDA:8,(anonymous_0)
DA:3,1
DA:17,8
DA:19,8
DA:20,4
DA:23,4
DA:24,2
DA:25,2
DA:26,2
DA:27,1
DA:28,1
DA:32,3
LF:11
LH:11
BRDA:19,0,0,4
BRDA:19,0,1,4
BRDA:19,1,0,8
BRDA:19,1,1,6
BRDA:19,1,2,6
BRDA:19,1,3,5
BRDA:23,2,0,2
BRDA:23,2,1,2
BRDA:23,3,0,4
BRDA:23,3,1,3
BRDA:23,3,2,3
BRDA:26,4,0,1
BRDA:26,4,1,1
BRF:13
BRH:13
end_of_record
TN:
SF:/home/jpbazonnais/Projets/geoportal-extensions-ol5/src/Common/Utils/Register.js
FN:30,(anonymous_0)
FN:57,(anonymous_1)
FNF:2
FNH:2
FNDA:396,(anonymous_0)
FNDA:1,(anonymous_1)
DA:15,1
DA:31,396
DA:32,2
DA:35,394
DA:36,394
DA:37,1
DA:40,393
DA:41,393
DA:43,393
DA:44,2
DA:47,391
DA:48,0
DA:51,391
DA:58,1
DA:59,1
DA:61,1
DA:62,3
DA:63,3
DA:64,3
DA:65,389
DA:66,389
DA:67,389
DA:80,1
LF:23
LH:22
BRDA:31,0,0,2
BRDA:31,0,1,394
BRDA:31,1,0,396
BRDA:31,1,1,395
BRDA:31,1,2,395
BRDA:36,2,0,1
BRDA:36,2,1,393
BRDA:43,3,0,2
BRDA:43,3,1,391
BRDA:47,4,0,0
BRDA:47,4,1,391
BRDA:58,5,0,1
BRDA:58,5,1,0
BRDA:65,6,0,389
BRDA:65,6,1,0
BRF:15
BRH:12
end_of_record
TN:
SF:/home/jpbazonnais/Projets/geoportal-extensions-ol5/src/Common/Utils/SelectorID.js
FN:15,(anonymous_0)
FN:17,(anonymous_1)
FN:28,(anonymous_2)
FN:47,(anonymous_3)
FN:67,(anonymous_4)
FNF:5
FNH:5
FNDA:1,(anonymous_0)
FNDA:9,(anonymous_1)
FNDA:12,(anonymous_2)
FNDA:6,(anonymous_3)
FNDA:6,(anonymous_4)
DA:9,1
DA:16,1
DA:17,1
DA:18,9
DA:29,12
DA:31,12
DA:32,12
DA:33,0
DA:35,12
DA:38,12
DA:48,6
DA:50,6
DA:52,6
DA:53,6
DA:54,2
DA:58,6
DA:68,6
DA:70,6
DA:71,6
DA:72,4
DA:75,6
LF:21
LH:20
BRDA:32,0,0,0
BRDA:32,0,1,12
BRDA:53,1,0,2
BRDA:53,1,1,4
BRDA:71,2,0,4
BRDA:71,2,1,2
BRF:6
BRH:5
end_of_record
