TN:
SF:/home/jpbazonnais/Projets/geoportal-extensions/src/Common/Controls/AttributionDOM.js
FN:12,(anonymous_0)
FN:22,(anonymous_1)
FN:34,(anonymous_2)
FN:46,(anonymous_3)
FN:57,(anonymous_4)
FN:68,(anonymous_5)
FN:81,(anonymous_6)
FNF:7
FNH:6
FNDA:10,(anonymous_0)
FNDA:1,(anonymous_1)
FNDA:1,(anonymous_2)
FNDA:1,(anonymous_3)
FNDA:1,(anonymous_4)
FNDA:2,(anonymous_5)
FNDA:0,(anonymous_6)
DA:2,1
DA:13,10
DA:14,10
DA:23,1
DA:24,1
DA:25,1
DA:26,1
DA:35,1
DA:36,1
DA:37,1
DA:38,1
DA:47,1
DA:48,1
DA:49,1
DA:58,1
DA:59,1
DA:60,1
DA:69,2
DA:70,2
DA:71,2
DA:72,2
DA:73,2
DA:74,2
DA:75,2
DA:76,2
DA:77,2
DA:78,2
DA:81,2
DA:82,0
DA:84,2
DA:85,2
LF:31
LH:30
BRDA:13,0,0,0
BRDA:13,0,1,10
BRDA:78,1,0,1
BRDA:78,1,1,1
BRDA:82,2,0,0
BRDA:82,2,1,0
BRF:6
BRH:3
end_of_record
TN:
SF:/home/jpbazonnais/Projets/geoportal-extensions/src/Common/Controls/DrawingDOM.js
FN:9,(anonymous_0)
FN:19,(anonymous_1)
FN:34,(anonymous_2)
FN:47,(anonymous_3)
FN:59,(anonymous_4)
FN:63,(anonymous_5)
FN:80,(anonymous_6)
FN:94,(anonymous_7)
FN:115,(anonymous_8)
FN:119,(anonymous_9)
FN:133,(anonymous_10)
FN:234,(anonymous_11)
FN:258,liClickHandler
FN:290,(anonymous_13)
FN:307,(anonymous_14)
FN:323,(anonymous_15)
FN:367,(anonymous_16)
FN:415,(anonymous_17)
FN:531,(anonymous_18)
FN:543,(anonymous_19)
FN:555,(anonymous_20)
FN:576,(anonymous_21)
FN:601,(anonymous_22)
FN:606,(anonymous_23)
FN:633,(anonymous_24)
FN:644,(anonymous_25)
FN:661,(anonymous_26)
FNF:27
FNH:9
FNDA:14,(anonymous_0)
FNDA:1,(anonymous_1)
FNDA:1,(anonymous_2)
FNDA:1,(anonymous_3)
FNDA:0,(anonymous_4)
FNDA:0,(anonymous_5)
FNDA:1,(anonymous_6)
FNDA:1,(anonymous_7)
FNDA:0,(anonymous_8)
FNDA:0,(anonymous_9)
FNDA:1,(anonymous_10)
FNDA:3,(anonymous_11)
FNDA:0,liClickHandler
FNDA:2,(anonymous_13)
FNDA:0,(anonymous_14)
FNDA:0,(anonymous_15)
FNDA:0,(anonymous_16)
FNDA:0,(anonymous_17)
FNDA:0,(anonymous_18)
FNDA:0,(anonymous_19)
FNDA:0,(anonymous_20)
FNDA:0,(anonymous_21)
FNDA:0,(anonymous_22)
FNDA:0,(anonymous_23)
FNDA:0,(anonymous_24)
FNDA:0,(anonymous_25)
FNDA:0,(anonymous_26)
DA:2,1
DA:3,1
DA:10,14
DA:11,14
DA:20,1
DA:21,1
DA:22,1
DA:23,1
DA:35,1
DA:36,1
DA:37,1
DA:38,1
DA:39,1
DA:48,1
DA:49,1
DA:50,1
DA:51,1
DA:52,1
DA:53,1
DA:58,1
DA:59,1
DA:60,0
DA:62,0
DA:63,0
DA:64,0
DA:68,1
DA:69,1
DA:70,1
DA:71,1
DA:72,1
DA:81,1
DA:82,1
DA:83,1
DA:84,1
DA:101,1
DA:102,1
DA:103,1
DA:104,1
DA:105,1
DA:106,1
DA:107,1
DA:108,1
DA:109,1
DA:110,1
DA:112,1
DA:114,1
DA:115,1
DA:116,0
DA:118,0
DA:119,0
DA:120,0
DA:124,1
DA:125,1
DA:134,1
DA:135,1
DA:137,1
DA:138,1
DA:146,1
DA:147,0
DA:155,1
DA:156,1
DA:164,1
DA:165,0
DA:173,1
DA:174,0
DA:182,1
DA:183,0
DA:191,1
DA:192,0
DA:200,1
DA:201,1
DA:210,1
DA:211,1
DA:215,1
DA:216,1
DA:220,1
DA:221,1
DA:224,1
DA:248,3
DA:249,3
DA:250,3
DA:251,3
DA:252,3
DA:253,3
DA:254,3
DA:255,3
DA:256,3
DA:261,0
DA:263,0
DA:266,3
DA:267,9
DA:268,4
DA:271,5
DA:272,5
DA:273,5
DA:274,5
DA:275,5
DA:276,5
DA:279,3
DA:280,3
DA:296,2
DA:297,2
DA:298,2
DA:299,2
DA:300,2
DA:301,2
DA:302,2
DA:303,2
DA:304,2
DA:307,2
DA:308,0
DA:311,2
DA:312,2
DA:324,0
DA:325,0
DA:327,0
DA:329,0
DA:330,0
DA:331,0
DA:332,0
DA:333,0
DA:334,0
DA:336,0
DA:337,0
DA:340,0
DA:342,0
DA:343,0
DA:345,0
DA:346,0
DA:347,0
DA:348,0
DA:349,0
DA:352,0
DA:368,0
DA:369,0
DA:370,0
DA:371,0
DA:372,0
DA:374,0
DA:375,0
DA:378,0
DA:381,0
DA:382,0
DA:384,0
DA:385,0
DA:389,0
DA:390,0
DA:393,0
DA:394,0
DA:397,0
DA:398,0
DA:401,0
DA:402,0
DA:416,0
DA:417,0
DA:418,0
DA:419,0
DA:424,0
DA:426,0
DA:431,0
DA:432,0
DA:435,0
DA:442,0
DA:443,0
DA:450,0
DA:451,0
DA:454,0
DA:461,0
DA:462,0
DA:473,0
DA:474,0
DA:477,0
DA:484,0
DA:485,0
DA:496,0
DA:497,0
DA:504,0
DA:505,0
DA:516,0
DA:517,0
DA:520,0
DA:523,0
DA:525,0
DA:526,0
DA:527,0
DA:528,0
DA:531,0
DA:532,0
DA:535,0
DA:537,0
DA:538,0
DA:539,0
DA:540,0
DA:543,0
DA:544,0
DA:547,0
DA:549,0
DA:550,0
DA:552,0
DA:555,0
DA:556,0
DA:559,0
DA:560,0
DA:577,0
DA:578,0
DA:579,0
DA:581,0
DA:582,0
DA:583,0
DA:584,0
DA:586,0
DA:587,0
DA:588,0
DA:589,0
DA:592,0
DA:593,0
DA:596,0
DA:597,0
DA:598,0
DA:599,0
DA:601,0
DA:602,0
DA:606,0
DA:607,0
DA:608,0
DA:611,0
DA:612,0
DA:616,0
DA:617,0
DA:618,0
DA:619,0
DA:620,0
DA:621,0
DA:622,0
DA:625,0
DA:627,0
DA:628,0
DA:629,0
DA:630,0
DA:633,0
DA:634,0
DA:637,0
DA:639,0
DA:640,0
DA:641,0
DA:644,0
DA:645,0
DA:648,0
DA:651,0
DA:662,0
DA:663,0
DA:665,0
DA:667,0
DA:668,0
DA:669,0
DA:670,0
DA:674,0
DA:675,0
DA:677,0
DA:680,0
LF:260
LH:97
BRDA:10,0,0,0
BRDA:10,0,1,14
BRDA:58,1,0,1
BRDA:58,1,1,0
BRDA:62,2,0,0
BRDA:62,2,1,0
BRDA:105,3,0,1
BRDA:105,3,1,1
BRDA:114,4,0,1
BRDA:114,4,1,0
BRDA:118,5,0,0
BRDA:118,5,1,0
BRDA:137,6,0,1
BRDA:137,6,1,0
BRDA:146,7,0,0
BRDA:146,7,1,1
BRDA:155,8,0,1
BRDA:155,8,1,0
BRDA:164,9,0,0
BRDA:164,9,1,1
BRDA:173,10,0,0
BRDA:173,10,1,1
BRDA:182,11,0,0
BRDA:182,11,1,1
BRDA:191,12,0,0
BRDA:191,12,1,1
BRDA:200,13,0,1
BRDA:200,13,1,0
BRDA:210,14,0,1
BRDA:210,14,1,0
BRDA:210,15,0,1
BRDA:210,15,1,0
BRDA:210,15,2,0
BRDA:210,15,3,0
BRDA:215,16,0,1
BRDA:215,16,1,0
BRDA:215,17,0,1
BRDA:215,17,1,1
BRDA:215,17,2,1
BRDA:215,17,3,1
BRDA:220,18,0,1
BRDA:220,18,1,0
BRDA:267,19,0,4
BRDA:267,19,1,5
BRDA:336,20,0,0
BRDA:336,20,1,0
BRDA:384,21,0,0
BRDA:384,21,1,0
BRDA:389,22,0,0
BRDA:389,22,1,0
BRDA:393,23,0,0
BRDA:393,23,1,0
BRDA:397,24,0,0
BRDA:397,24,1,0
BRDA:424,25,0,0
BRDA:424,25,1,0
BRDA:424,25,2,0
BRDA:424,25,3,0
BRDA:424,25,4,0
BRDA:581,26,0,0
BRDA:581,26,1,0
BRDA:592,27,0,0
BRDA:592,27,1,0
BRDA:607,28,0,0
BRDA:607,28,1,0
BRDA:607,29,0,0
BRDA:607,29,1,0
BRDA:611,30,0,0
BRDA:611,30,1,0
BRDA:616,31,0,0
BRDA:616,31,1,0
BRDA:616,32,0,0
BRDA:616,32,1,0
BRDA:625,33,0,0
BRDA:625,33,1,0
BRDA:667,34,0,0
BRDA:667,34,1,0
BRDA:674,35,0,0
BRDA:674,35,1,0
BRF:79
BRH:23
end_of_record
TN:
SF:/home/jpbazonnais/Projets/geoportal-extensions/src/Common/Controls/ElevationPathDOM.js
FN:7,(anonymous_0)
FN:17,(anonymous_1)
FN:32,(anonymous_2)
FN:45,(anonymous_3)
FN:58,(anonymous_4)
FN:62,(anonymous_5)
FN:86,(anonymous_6)
FN:100,(anonymous_7)
FN:110,(anonymous_8)
FN:115,(anonymous_9)
FN:131,(anonymous_10)
FN:138,(anonymous_11)
FN:153,(anonymous_12)
FN:157,(anonymous_13)
FN:172,(anonymous_14)
FN:183,(anonymous_15)
FN:199,(anonymous_16)
FN:216,(anonymous_17)
FNF:18
FNH:10
FNDA:14,(anonymous_0)
FNDA:1,(anonymous_1)
FNDA:1,(anonymous_2)
FNDA:1,(anonymous_3)
FNDA:0,(anonymous_4)
FNDA:0,(anonymous_5)
FNDA:1,(anonymous_6)
FNDA:1,(anonymous_7)
FNDA:0,(anonymous_8)
FNDA:0,(anonymous_9)
FNDA:0,(anonymous_10)
FNDA:0,(anonymous_11)
FNDA:0,(anonymous_12)
FNDA:0,(anonymous_13)
FNDA:1,(anonymous_14)
FNDA:1,(anonymous_15)
FNDA:2,(anonymous_16)
FNDA:2,(anonymous_17)
DA:1,1
DA:8,14
DA:9,14
DA:18,1
DA:19,1
DA:20,1
DA:21,1
DA:33,1
DA:34,1
DA:35,1
DA:36,1
DA:47,1
DA:48,1
DA:49,1
DA:50,1
DA:51,1
DA:52,1
DA:57,1
DA:58,1
DA:59,0
DA:61,0
DA:62,0
DA:63,0
DA:67,1
DA:68,1
DA:69,1
DA:70,1
DA:71,1
DA:87,1
DA:88,1
DA:89,1
DA:92,1
DA:101,1
DA:102,1
DA:103,1
DA:104,1
DA:105,1
DA:106,1
DA:107,1
DA:109,1
DA:110,1
DA:111,0
DA:113,0
DA:115,0
DA:116,0
DA:120,1
DA:121,1
DA:122,1
DA:123,1
DA:124,1
DA:125,1
DA:126,1
DA:127,1
DA:128,1
DA:130,1
DA:131,1
DA:132,0
DA:133,0
DA:134,0
DA:137,0
DA:138,0
DA:139,0
DA:140,0
DA:141,0
DA:146,1
DA:147,1
DA:148,1
DA:149,1
DA:150,1
DA:152,1
DA:153,1
DA:154,0
DA:156,0
DA:157,0
DA:158,0
DA:162,1
DA:163,1
DA:173,1
DA:174,1
DA:175,1
DA:184,1
DA:185,1
DA:186,1
DA:187,1
DA:188,1
DA:189,1
DA:190,1
DA:191,1
DA:200,2
DA:201,2
DA:202,2
DA:203,2
DA:204,2
DA:205,2
DA:206,2
DA:207,2
DA:217,2
DA:219,2
DA:220,1
DA:221,1
DA:222,1
DA:223,1
DA:226,2
LF:103
LH:83
BRDA:8,0,0,0
BRDA:8,0,1,14
BRDA:57,1,0,1
BRDA:57,1,1,0
BRDA:61,2,0,0
BRDA:61,2,1,0
BRDA:109,3,0,1
BRDA:109,3,1,0
BRDA:113,4,0,0
BRDA:113,4,1,0
BRDA:130,5,0,1
BRDA:130,5,1,0
BRDA:132,6,0,0
BRDA:132,6,1,0
BRDA:137,7,0,0
BRDA:137,7,1,0
BRDA:139,8,0,0
BRDA:139,8,1,0
BRDA:152,9,0,1
BRDA:152,9,1,0
BRDA:156,10,0,0
BRDA:156,10,1,0
BRDA:219,11,0,1
BRDA:219,11,1,1
BRF:24
BRH:7
end_of_record
TN:
SF:/home/jpbazonnais/Projets/geoportal-extensions/src/Common/Controls/GetFeatureInfoDOM.js
FN:7,(anonymous_0)
FN:17,(anonymous_1)
FN:33,(anonymous_2)
FN:40,(anonymous_3)
FN:50,(anonymous_4)
FNF:5
FNH:4
FNDA:7,(anonymous_0)
FNDA:1,(anonymous_1)
FNDA:2,(anonymous_2)
FNDA:0,(anonymous_3)
FNDA:1,(anonymous_4)
DA:1,1
DA:8,7
DA:9,7
DA:18,1
DA:19,1
DA:20,1
DA:21,1
DA:35,2
DA:36,2
DA:37,2
DA:38,2
DA:39,2
DA:40,2
DA:41,0
DA:43,2
DA:51,1
DA:52,1
DA:53,1
DA:54,1
DA:55,1
DA:56,1
DA:57,1
DA:58,1
DA:59,1
DA:60,1
DA:61,1
DA:62,1
DA:63,1
DA:64,1
LF:29
LH:28
BRDA:8,0,0,0
BRDA:8,0,1,7
BRF:2
BRH:1
end_of_record
TN:
SF:/home/jpbazonnais/Projets/geoportal-extensions/src/Common/Controls/IsoDOM.js
FN:7,(anonymous_0)
FN:17,(anonymous_1)
FN:32,(anonymous_2)
FN:45,(anonymous_3)
FN:58,(anonymous_4)
FN:62,(anonymous_5)
FN:86,(anonymous_6)
FN:100,(anonymous_7)
FN:136,(anonymous_8)
FN:140,(anonymous_9)
FN:155,(anonymous_10)
FN:160,(anonymous_11)
FN:173,(anonymous_12)
FN:196,(anonymous_13)
FN:211,(anonymous_14)
FN:222,(anonymous_15)
FN:228,(anonymous_16)
FN:247,(anonymous_17)
FN:251,(anonymous_18)
FN:267,(anonymous_19)
FN:278,(anonymous_20)
FN:284,(anonymous_21)
FN:303,(anonymous_22)
FN:307,(anonymous_23)
FN:325,(anonymous_24)
FN:344,(anonymous_25)
FN:350,(anonymous_26)
FN:370,(anonymous_27)
FN:376,(anonymous_28)
FN:396,(anonymous_29)
FN:415,(anonymous_30)
FN:421,(anonymous_31)
FN:447,(anonymous_32)
FN:462,(anonymous_33)
FN:490,(anonymous_34)
FN:494,(anonymous_35)
FN:523,(anonymous_36)
FN:527,(anonymous_37)
FN:553,(anonymous_38)
FN:568,(anonymous_39)
FN:612,(anonymous_40)
FN:624,(anonymous_41)
FN:639,(anonymous_42)
FN:657,(anonymous_43)
FN:678,(anonymous_44)
FN:682,(anonymous_45)
FN:706,(anonymous_46)
FN:710,(anonymous_47)
FN:734,(anonymous_48)
FN:738,(anonymous_49)
FN:767,(anonymous_50)
FN:784,(anonymous_51)
FN:789,(anonymous_52)
FNF:53
FNH:22
FNDA:62,(anonymous_0)
FNDA:1,(anonymous_1)
FNDA:1,(anonymous_2)
FNDA:1,(anonymous_3)
FNDA:0,(anonymous_4)
FNDA:0,(anonymous_5)
FNDA:1,(anonymous_6)
FNDA:1,(anonymous_7)
FNDA:0,(anonymous_8)
FNDA:0,(anonymous_9)
FNDA:1,(anonymous_10)
FNDA:0,(anonymous_11)
FNDA:1,(anonymous_12)
FNDA:1,(anonymous_13)
FNDA:2,(anonymous_14)
FNDA:0,(anonymous_15)
FNDA:0,(anonymous_16)
FNDA:0,(anonymous_17)
FNDA:0,(anonymous_18)
FNDA:2,(anonymous_19)
FNDA:0,(anonymous_20)
FNDA:0,(anonymous_21)
FNDA:0,(anonymous_22)
FNDA:0,(anonymous_23)
FNDA:2,(anonymous_24)
FNDA:0,(anonymous_25)
FNDA:0,(anonymous_26)
FNDA:0,(anonymous_27)
FNDA:0,(anonymous_28)
FNDA:2,(anonymous_29)
FNDA:0,(anonymous_30)
FNDA:0,(anonymous_31)
FNDA:1,(anonymous_32)
FNDA:3,(anonymous_33)
FNDA:0,(anonymous_34)
FNDA:0,(anonymous_35)
FNDA:0,(anonymous_36)
FNDA:0,(anonymous_37)
FNDA:2,(anonymous_38)
FNDA:0,(anonymous_39)
FNDA:1,(anonymous_40)
FNDA:1,(anonymous_41)
FNDA:1,(anonymous_42)
FNDA:4,(anonymous_43)
FNDA:0,(anonymous_44)
FNDA:0,(anonymous_45)
FNDA:0,(anonymous_46)
FNDA:0,(anonymous_47)
FNDA:0,(anonymous_48)
FNDA:0,(anonymous_49)
FNDA:1,(anonymous_50)
FNDA:1,(anonymous_51)
FNDA:0,(anonymous_52)
DA:1,1
DA:8,62
DA:9,62
DA:18,1
DA:19,1
DA:20,1
DA:21,1
DA:33,1
DA:34,1
DA:35,1
DA:36,1
DA:47,1
DA:48,1
DA:49,1
DA:50,1
DA:51,1
DA:52,1
DA:57,1
DA:58,1
DA:59,0
DA:61,0
DA:62,0
DA:63,0
DA:67,1
DA:68,1
DA:69,1
DA:70,1
DA:71,1
DA:87,1
DA:88,1
DA:89,1
DA:92,1
DA:101,1
DA:102,1
DA:103,1
DA:104,1
DA:105,1
DA:106,1
DA:107,1
DA:130,1
DA:131,1
DA:132,1
DA:133,1
DA:135,1
DA:136,1
DA:137,0
DA:139,0
DA:140,0
DA:141,0
DA:145,1
DA:146,1
DA:157,1
DA:158,1
DA:159,1
DA:160,1
DA:161,0
DA:162,0
DA:163,0
DA:165,1
DA:174,1
DA:175,1
DA:176,1
DA:177,1
DA:178,1
DA:179,1
DA:180,1
DA:181,1
DA:197,1
DA:198,1
DA:201,1
DA:212,2
DA:213,2
DA:214,2
DA:215,2
DA:216,2
DA:217,2
DA:218,2
DA:219,2
DA:221,2
DA:222,2
DA:223,0
DA:224,0
DA:225,0
DA:227,0
DA:228,0
DA:229,0
DA:230,0
DA:231,0
DA:236,2
DA:237,2
DA:238,2
DA:239,2
DA:240,2
DA:241,2
DA:242,2
DA:243,2
DA:244,2
DA:246,2
DA:247,2
DA:248,0
DA:250,0
DA:251,0
DA:252,0
DA:256,2
DA:257,2
DA:268,2
DA:269,2
DA:270,2
DA:271,2
DA:272,2
DA:273,2
DA:274,2
DA:275,2
DA:277,2
DA:278,2
DA:279,0
DA:280,0
DA:281,0
DA:283,0
DA:284,0
DA:285,0
DA:286,0
DA:287,0
DA:292,2
DA:293,2
DA:294,2
DA:295,2
DA:296,2
DA:297,2
DA:298,2
DA:299,2
DA:300,2
DA:302,2
DA:303,2
DA:304,0
DA:306,0
DA:307,0
DA:308,0
DA:312,2
DA:313,2
DA:327,2
DA:328,2
DA:329,2
DA:330,2
DA:331,2
DA:332,2
DA:333,2
DA:334,2
DA:335,2
DA:336,2
DA:337,2
DA:338,2
DA:339,2
DA:340,2
DA:341,2
DA:343,2
DA:344,2
DA:345,0
DA:346,0
DA:349,0
DA:350,0
DA:351,0
DA:352,0
DA:357,2
DA:358,2
DA:359,2
DA:360,2
DA:361,2
DA:362,2
DA:363,2
DA:364,2
DA:365,2
DA:366,2
DA:367,2
DA:369,2
DA:370,2
DA:371,0
DA:372,0
DA:375,0
DA:376,0
DA:377,0
DA:378,0
DA:383,2
DA:384,2
DA:385,2
DA:386,2
DA:387,2
DA:398,2
DA:399,2
DA:400,2
DA:401,2
DA:402,2
DA:403,2
DA:404,2
DA:405,2
DA:406,2
DA:407,2
DA:408,2
DA:409,2
DA:410,2
DA:411,2
DA:412,2
DA:414,2
DA:415,2
DA:416,0
DA:417,0
DA:420,0
DA:421,0
DA:422,0
DA:423,0
DA:428,2
DA:429,2
DA:430,2
DA:431,2
DA:432,2
DA:448,1
DA:449,1
DA:452,1
DA:464,3
DA:465,3
DA:466,3
DA:467,3
DA:468,3
DA:469,3
DA:470,3
DA:473,3
DA:474,4
DA:476,4
DA:477,2
DA:478,2
DA:479,2
DA:480,2
DA:482,2
DA:483,1
DA:489,2
DA:490,2
DA:491,0
DA:493,0
DA:494,0
DA:495,0
DA:500,2
DA:501,2
DA:502,2
DA:503,2
DA:504,2
DA:505,2
DA:506,2
DA:509,4
DA:510,2
DA:511,2
DA:512,2
DA:513,2
DA:515,2
DA:516,2
DA:522,2
DA:523,2
DA:524,0
DA:526,0
DA:527,0
DA:528,0
DA:533,2
DA:534,2
DA:535,2
DA:536,2
DA:537,2
DA:538,2
DA:539,2
DA:543,3
DA:555,2
DA:556,2
DA:557,2
DA:558,2
DA:559,2
DA:560,2
DA:561,2
DA:562,2
DA:563,2
DA:564,2
DA:568,2
DA:569,0
DA:572,2
DA:573,2
DA:575,2
DA:576,1
DA:578,1
DA:579,1
DA:582,1
DA:583,1
DA:584,1
DA:587,2
DA:588,1
DA:590,1
DA:591,1
DA:594,1
DA:595,1
DA:596,1
DA:600,2
DA:601,2
DA:613,1
DA:614,1
DA:615,1
DA:616,1
DA:625,1
DA:626,1
DA:627,1
DA:628,1
DA:629,1
DA:630,1
DA:631,1
DA:640,1
DA:641,1
DA:642,1
DA:643,1
DA:644,1
DA:645,1
DA:647,1
DA:659,4
DA:660,4
DA:661,4
DA:664,4
DA:665,6
DA:666,6
DA:668,6
DA:670,0
DA:671,0
DA:672,0
DA:673,0
DA:677,0
DA:678,0
DA:679,0
DA:681,0
DA:682,0
DA:683,0
DA:688,0
DA:689,0
DA:690,0
DA:691,0
DA:692,0
DA:693,0
DA:694,0
DA:695,0
DA:698,0
DA:699,0
DA:700,0
DA:701,0
DA:705,0
DA:706,0
DA:707,0
DA:709,0
DA:710,0
DA:711,0
DA:716,0
DA:717,0
DA:718,0
DA:719,0
DA:720,0
DA:721,0
DA:722,0
DA:723,0
DA:726,0
DA:727,0
DA:728,0
DA:729,0
DA:733,0
DA:734,0
DA:735,0
DA:737,0
DA:738,0
DA:739,0
DA:744,0
DA:745,0
DA:746,0
DA:747,0
DA:748,0
DA:749,0
DA:750,0
DA:751,0
DA:756,4
DA:768,1
DA:769,1
DA:770,1
DA:771,1
DA:772,1
DA:773,1
DA:785,1
DA:786,1
DA:787,1
DA:788,1
DA:789,1
DA:790,0
DA:792,1
LF:391
LH:274
BRDA:8,0,0,0
BRDA:8,0,1,62
BRDA:57,1,0,1
BRDA:57,1,1,0
BRDA:61,2,0,0
BRDA:61,2,1,0
BRDA:135,3,0,1
BRDA:135,3,1,0
BRDA:139,4,0,0
BRDA:139,4,1,0
BRDA:221,5,0,2
BRDA:221,5,1,0
BRDA:227,6,0,0
BRDA:227,6,1,0
BRDA:246,7,0,2
BRDA:246,7,1,0
BRDA:250,8,0,0
BRDA:250,8,1,0
BRDA:277,9,0,2
BRDA:277,9,1,0
BRDA:283,10,0,0
BRDA:283,10,1,0
BRDA:302,11,0,2
BRDA:302,11,1,0
BRDA:306,12,0,0
BRDA:306,12,1,0
BRDA:330,13,0,1
BRDA:330,13,1,1
BRDA:343,14,0,2
BRDA:343,14,1,0
BRDA:345,15,0,0
BRDA:345,15,1,0
BRDA:349,16,0,0
BRDA:349,16,1,0
BRDA:351,17,0,0
BRDA:351,17,1,0
BRDA:369,18,0,2
BRDA:369,18,1,0
BRDA:371,19,0,0
BRDA:371,19,1,0
BRDA:375,20,0,0
BRDA:375,20,1,0
BRDA:377,21,0,0
BRDA:377,21,1,0
BRDA:401,22,0,1
BRDA:401,22,1,1
BRDA:414,23,0,2
BRDA:414,23,1,0
BRDA:416,24,0,0
BRDA:416,24,1,0
BRDA:420,25,0,0
BRDA:420,25,1,0
BRDA:422,26,0,0
BRDA:422,26,1,0
BRDA:476,27,0,2
BRDA:476,27,1,2
BRDA:482,28,0,1
BRDA:482,28,1,1
BRDA:489,29,0,2
BRDA:489,29,1,0
BRDA:493,30,0,0
BRDA:493,30,1,0
BRDA:509,31,0,2
BRDA:509,31,1,2
BRDA:515,32,0,2
BRDA:515,32,1,0
BRDA:522,33,0,2
BRDA:522,33,1,0
BRDA:526,34,0,0
BRDA:526,34,1,0
BRDA:575,35,0,1
BRDA:575,35,1,1
BRDA:578,36,0,1
BRDA:578,36,1,0
BRDA:587,37,0,1
BRDA:587,37,1,1
BRDA:590,38,0,1
BRDA:590,38,1,0
BRDA:665,39,0,6
BRDA:665,39,1,0
BRDA:668,40,0,0
BRDA:668,40,1,0
BRDA:668,40,2,0
BRDA:677,41,0,0
BRDA:677,41,1,0
BRDA:681,42,0,0
BRDA:681,42,1,0
BRDA:705,43,0,0
BRDA:705,43,1,0
BRDA:709,44,0,0
BRDA:709,44,1,0
BRDA:733,45,0,0
BRDA:733,45,1,0
BRDA:737,46,0,0
BRDA:737,46,1,0
BRF:95
BRH:30
end_of_record
TN:
SF:/home/jpbazonnais/Projets/geoportal-extensions/src/Common/Controls/LayerImportDOM.js
FN:8,(anonymous_0)
FN:18,(anonymous_1)
FN:30,(anonymous_2)
FN:45,(anonymous_3)
FN:57,(anonymous_4)
FN:67,(anonymous_5)
FN:71,(anonymous_6)
FN:91,(anonymous_7)
FN:103,(anonymous_8)
FN:122,(anonymous_9)
FN:134,(anonymous_10)
FN:143,(anonymous_11)
FN:147,(anonymous_12)
FN:164,(anonymous_13)
FN:172,(anonymous_14)
FN:178,(anonymous_15)
FN:194,(anonymous_16)
FN:210,(anonymous_17)
FN:224,(anonymous_18)
FN:263,(anonymous_19)
FN:282,(anonymous_20)
FN:300,(anonymous_21)
FN:322,(anonymous_22)
FN:333,(anonymous_23)
FN:341,(anonymous_24)
FN:348,(anonymous_25)
FN:375,(anonymous_26)
FN:383,(anonymous_27)
FN:390,(anonymous_28)
FN:417,(anonymous_29)
FN:429,(anonymous_30)
FN:443,(anonymous_31)
FN:456,(anonymous_32)
FN:468,(anonymous_33)
FN:482,(anonymous_34)
FN:498,(anonymous_35)
FN:516,(anonymous_36)
FN:527,(anonymous_37)
FN:541,(anonymous_38)
FN:557,(anonymous_39)
FN:574,(anonymous_40)
FN:586,(anonymous_41)
FN:601,(anonymous_42)
FN:608,(anonymous_43)
FN:628,(anonymous_44)
FN:634,(anonymous_45)
FN:641,(anonymous_46)
FN:660,(anonymous_47)
FN:666,(anonymous_48)
FN:675,(anonymous_49)
FN:679,(anonymous_50)
FN:696,(anonymous_51)
FN:708,(anonymous_52)
FN:720,(anonymous_53)
FN:726,(anonymous_54)
FN:744,(anonymous_55)
FN:751,(anonymous_56)
FN:771,(anonymous_57)
FNF:58
FNH:0
FNDA:0,(anonymous_0)
FNDA:0,(anonymous_1)
FNDA:0,(anonymous_2)
FNDA:0,(anonymous_3)
FNDA:0,(anonymous_4)
FNDA:0,(anonymous_5)
FNDA:0,(anonymous_6)
FNDA:0,(anonymous_7)
FNDA:0,(anonymous_8)
FNDA:0,(anonymous_9)
FNDA:0,(anonymous_10)
FNDA:0,(anonymous_11)
FNDA:0,(anonymous_12)
FNDA:0,(anonymous_13)
FNDA:0,(anonymous_14)
FNDA:0,(anonymous_15)
FNDA:0,(anonymous_16)
FNDA:0,(anonymous_17)
FNDA:0,(anonymous_18)
FNDA:0,(anonymous_19)
FNDA:0,(anonymous_20)
FNDA:0,(anonymous_21)
FNDA:0,(anonymous_22)
FNDA:0,(anonymous_23)
FNDA:0,(anonymous_24)
FNDA:0,(anonymous_25)
FNDA:0,(anonymous_26)
FNDA:0,(anonymous_27)
FNDA:0,(anonymous_28)
FNDA:0,(anonymous_29)
FNDA:0,(anonymous_30)
FNDA:0,(anonymous_31)
FNDA:0,(anonymous_32)
FNDA:0,(anonymous_33)
FNDA:0,(anonymous_34)
FNDA:0,(anonymous_35)
FNDA:0,(anonymous_36)
FNDA:0,(anonymous_37)
FNDA:0,(anonymous_38)
FNDA:0,(anonymous_39)
FNDA:0,(anonymous_40)
FNDA:0,(anonymous_41)
FNDA:0,(anonymous_42)
FNDA:0,(anonymous_43)
FNDA:0,(anonymous_44)
FNDA:0,(anonymous_45)
FNDA:0,(anonymous_46)
FNDA:0,(anonymous_47)
FNDA:0,(anonymous_48)
FNDA:0,(anonymous_49)
FNDA:0,(anonymous_50)
FNDA:0,(anonymous_51)
FNDA:0,(anonymous_52)
FNDA:0,(anonymous_53)
FNDA:0,(anonymous_54)
FNDA:0,(anonymous_55)
FNDA:0,(anonymous_56)
FNDA:0,(anonymous_57)
DA:2,1
DA:9,0
DA:10,0
DA:19,0
DA:20,0
DA:21,0
DA:22,0
DA:31,0
DA:32,0
DA:33,0
DA:34,0
DA:46,0
DA:47,0
DA:48,0
DA:49,0
DA:59,0
DA:60,0
DA:61,0
DA:62,0
DA:63,0
DA:64,0
DA:66,0
DA:67,0
DA:68,0
DA:70,0
DA:71,0
DA:72,0
DA:76,0
DA:77,0
DA:78,0
DA:79,0
DA:80,0
DA:92,0
DA:93,0
DA:94,0
DA:95,0
DA:104,0
DA:105,0
DA:107,0
DA:109,0
DA:111,0
DA:113,0
DA:114,0
DA:123,0
DA:124,0
DA:125,0
DA:126,0
DA:136,0
DA:137,0
DA:138,0
DA:139,0
DA:140,0
DA:142,0
DA:143,0
DA:144,0
DA:146,0
DA:147,0
DA:148,0
DA:152,0
DA:166,0
DA:167,0
DA:168,0
DA:169,0
DA:171,0
DA:172,0
DA:173,0
DA:175,0
DA:177,0
DA:178,0
DA:179,0
DA:181,0
DA:185,0
DA:196,0
DA:197,0
DA:198,0
DA:199,0
DA:200,0
DA:201,0
DA:202,0
DA:203,0
DA:204,0
DA:205,0
DA:206,0
DA:207,0
DA:209,0
DA:210,0
DA:211,0
DA:213,0
DA:214,0
DA:215,0
DA:217,0
DA:218,0
DA:221,0
DA:223,0
DA:224,0
DA:225,0
DA:227,0
DA:228,0
DA:229,0
DA:231,0
DA:232,0
DA:235,0
DA:239,0
DA:241,0
DA:242,0
DA:247,0
DA:248,0
DA:249,0
DA:250,0
DA:251,0
DA:254,0
DA:255,0
DA:264,0
DA:265,0
DA:266,0
DA:267,0
DA:268,0
DA:269,0
DA:270,0
DA:271,0
DA:283,0
DA:284,0
DA:286,0
DA:287,0
DA:289,0
DA:292,0
DA:301,0
DA:302,0
DA:303,0
DA:304,0
DA:305,0
DA:306,0
DA:307,0
DA:308,0
DA:309,0
DA:310,0
DA:311,0
DA:312,0
DA:313,0
DA:314,0
DA:323,0
DA:324,0
DA:325,0
DA:334,0
DA:335,0
DA:336,0
DA:337,0
DA:338,0
DA:340,0
DA:341,0
DA:342,0
DA:343,0
DA:345,0
DA:347,0
DA:348,0
DA:349,0
DA:350,0
DA:352,0
DA:356,0
DA:357,0
DA:358,0
DA:359,0
DA:360,0
DA:361,0
DA:362,0
DA:363,0
DA:364,0
DA:365,0
DA:366,0
DA:367,0
DA:376,0
DA:377,0
DA:378,0
DA:379,0
DA:380,0
DA:382,0
DA:383,0
DA:384,0
DA:385,0
DA:387,0
DA:389,0
DA:390,0
DA:391,0
DA:392,0
DA:394,0
DA:398,0
DA:399,0
DA:400,0
DA:401,0
DA:402,0
DA:403,0
DA:404,0
DA:405,0
DA:406,0
DA:407,0
DA:408,0
DA:409,0
DA:418,0
DA:419,0
DA:420,0
DA:421,0
DA:430,0
DA:431,0
DA:432,0
DA:433,0
DA:434,0
DA:435,0
DA:444,0
DA:445,0
DA:446,0
DA:447,0
DA:448,0
DA:457,0
DA:458,0
DA:459,0
DA:460,0
DA:469,0
DA:470,0
DA:471,0
DA:472,0
DA:473,0
DA:474,0
DA:483,0
DA:484,0
DA:485,0
DA:486,0
DA:487,0
DA:499,0
DA:500,0
DA:502,0
DA:503,0
DA:505,0
DA:508,0
DA:517,0
DA:518,0
DA:519,0
DA:528,0
DA:529,0
DA:530,0
DA:531,0
DA:532,0
DA:533,0
DA:542,0
DA:543,0
DA:544,0
DA:545,0
DA:546,0
DA:558,0
DA:559,0
DA:560,0
DA:561,0
DA:562,0
DA:563,0
DA:575,0
DA:576,0
DA:577,0
DA:578,0
DA:588,0
DA:589,0
DA:590,0
DA:592,0
DA:593,0
DA:594,0
DA:595,0
DA:596,0
DA:598,0
DA:600,0
DA:601,0
DA:602,0
DA:603,0
DA:605,0
DA:607,0
DA:608,0
DA:609,0
DA:610,0
DA:612,0
DA:616,0
DA:617,0
DA:618,0
DA:619,0
DA:620,0
DA:629,0
DA:630,0
DA:631,0
DA:632,0
DA:635,0
DA:636,0
DA:637,0
DA:638,0
DA:639,0
DA:642,0
DA:643,0
DA:645,0
DA:646,0
DA:647,0
DA:648,0
DA:649,0
DA:651,0
DA:652,0
DA:653,0
DA:654,0
DA:655,0
DA:656,0
DA:657,0
DA:658,0
DA:661,0
DA:662,0
DA:663,0
DA:664,0
DA:667,0
DA:668,0
DA:669,0
DA:670,0
DA:671,0
DA:672,0
DA:674,0
DA:675,0
DA:676,0
DA:678,0
DA:679,0
DA:680,0
DA:684,0
DA:685,0
DA:697,0
DA:698,0
DA:699,0
DA:700,0
DA:710,0
DA:711,0
DA:712,0
DA:714,0
DA:715,0
DA:716,0
DA:717,0
DA:719,0
DA:720,0
DA:723,0
DA:725,0
DA:726,0
DA:729,0
DA:733,0
DA:735,0
DA:736,0
DA:737,0
DA:738,0
DA:739,0
DA:741,0
DA:743,0
DA:744,0
DA:745,0
DA:746,0
DA:748,0
DA:750,0
DA:751,0
DA:752,0
DA:753,0
DA:755,0
DA:759,0
DA:760,0
DA:761,0
DA:762,0
DA:763,0
DA:772,0
DA:773,0
DA:774,0
DA:775,0
LF:366
LH:1
BRDA:9,0,0,0
BRDA:9,0,1,0
BRDA:66,1,0,0
BRDA:66,1,1,0
BRDA:70,2,0,0
BRDA:70,2,1,0
BRDA:142,3,0,0
BRDA:142,3,1,0
BRDA:146,4,0,0
BRDA:146,4,1,0
BRDA:171,5,0,0
BRDA:171,5,1,0
BRDA:177,6,0,0
BRDA:177,6,1,0
BRDA:209,7,0,0
BRDA:209,7,1,0
BRDA:211,8,0,0
BRDA:211,8,1,0
BRDA:211,9,0,0
BRDA:211,9,1,0
BRDA:211,9,2,0
BRDA:211,9,3,0
BRDA:215,10,0,0
BRDA:215,10,1,0
BRDA:215,11,0,0
BRDA:215,11,1,0
BRDA:215,11,2,0
BRDA:223,12,0,0
BRDA:223,12,1,0
BRDA:225,13,0,0
BRDA:225,13,1,0
BRDA:225,14,0,0
BRDA:225,14,1,0
BRDA:225,14,2,0
BRDA:225,14,3,0
BRDA:229,15,0,0
BRDA:229,15,1,0
BRDA:229,16,0,0
BRDA:229,16,1,0
BRDA:229,16,2,0
BRDA:241,17,0,0
BRDA:241,17,1,0
BRDA:241,18,0,0
BRDA:241,18,1,0
BRDA:250,19,0,0
BRDA:250,19,1,0
BRDA:286,20,0,0
BRDA:286,20,1,0
BRDA:286,21,0,0
BRDA:286,21,1,0
BRDA:286,21,2,0
BRDA:286,21,3,0
BRDA:340,22,0,0
BRDA:340,22,1,0
BRDA:347,23,0,0
BRDA:347,23,1,0
BRDA:382,24,0,0
BRDA:382,24,1,0
BRDA:389,25,0,0
BRDA:389,25,1,0
BRDA:502,26,0,0
BRDA:502,26,1,0
BRDA:502,27,0,0
BRDA:502,27,1,0
BRDA:502,27,2,0
BRDA:600,28,0,0
BRDA:600,28,1,0
BRDA:607,29,0,0
BRDA:607,29,1,0
BRDA:674,30,0,0
BRDA:674,30,1,0
BRDA:678,31,0,0
BRDA:678,31,1,0
BRDA:719,32,0,0
BRDA:719,32,1,0
BRDA:725,33,0,0
BRDA:725,33,1,0
BRDA:743,34,0,0
BRDA:743,34,1,0
BRDA:750,35,0,0
BRDA:750,35,1,0
BRF:81
BRH:0
end_of_record
TN:
SF:/home/jpbazonnais/Projets/geoportal-extensions/src/Common/Controls/LayerSwitcherDOM.js
FN:9,(anonymous_0)
FN:16,(anonymous_1)
FN:31,(anonymous_2)
FN:41,(anonymous_3)
FN:53,(anonymous_4)
FN:66,(anonymous_5)
FN:82,(anonymous_6)
FN:97,(anonymous_7)
FN:110,(anonymous_8)
FN:131,(anonymous_9)
FN:156,(anonymous_10)
FN:203,(anonymous_11)
FN:230,(anonymous_12)
FN:247,(anonymous_13)
FN:269,(anonymous_14)
FN:274,(anonymous_15)
FN:291,(anonymous_16)
FN:315,(anonymous_17)
FN:349,(anonymous_18)
FN:360,(anonymous_19)
FN:365,(anonymous_20)
FN:380,(anonymous_21)
FN:392,(anonymous_22)
FN:397,(anonymous_23)
FN:412,(anonymous_24)
FN:437,(anonymous_25)
FN:442,(anonymous_26)
FN:448,(anonymous_27)
FN:453,(anonymous_28)
FN:485,(anonymous_29)
FN:509,(anonymous_30)
FNF:31
FNH:0
FNDA:0,(anonymous_0)
FNDA:0,(anonymous_1)
FNDA:0,(anonymous_2)
FNDA:0,(anonymous_3)
FNDA:0,(anonymous_4)
FNDA:0,(anonymous_5)
FNDA:0,(anonymous_6)
FNDA:0,(anonymous_7)
FNDA:0,(anonymous_8)
FNDA:0,(anonymous_9)
FNDA:0,(anonymous_10)
FNDA:0,(anonymous_11)
FNDA:0,(anonymous_12)
FNDA:0,(anonymous_13)
FNDA:0,(anonymous_14)
FNDA:0,(anonymous_15)
FNDA:0,(anonymous_16)
FNDA:0,(anonymous_17)
FNDA:0,(anonymous_18)
FNDA:0,(anonymous_19)
FNDA:0,(anonymous_20)
FNDA:0,(anonymous_21)
FNDA:0,(anonymous_22)
FNDA:0,(anonymous_23)
FNDA:0,(anonymous_24)
FNDA:0,(anonymous_25)
FNDA:0,(anonymous_26)
FNDA:0,(anonymous_27)
FNDA:0,(anonymous_28)
FNDA:0,(anonymous_29)
FNDA:0,(anonymous_30)
DA:2,1
DA:10,0
DA:18,0
DA:32,0
DA:33,0
DA:42,0
DA:43,0
DA:44,0
DA:45,0
DA:55,0
DA:56,0
DA:57,0
DA:58,0
DA:71,0
DA:72,0
DA:73,0
DA:74,0
DA:83,0
DA:89,0
DA:90,0
DA:91,0
DA:92,0
DA:93,0
DA:94,0
DA:95,0
DA:96,0
DA:97,0
DA:98,0
DA:99,0
DA:101,0
DA:102,0
DA:105,0
DA:108,0
DA:109,0
DA:110,0
DA:111,0
DA:112,0
DA:114,0
DA:115,0
DA:118,0
DA:121,0
DA:122,0
DA:123,0
DA:134,0
DA:135,0
DA:136,0
DA:137,0
DA:176,0
DA:177,0
DA:178,0
DA:180,0
DA:182,0
DA:184,0
DA:185,0
DA:189,0
DA:190,0
DA:209,0
DA:210,0
DA:211,0
DA:212,0
DA:214,0
DA:216,0
DA:217,0
DA:220,0
DA:233,0
DA:234,0
DA:235,0
DA:236,0
DA:237,0
DA:238,0
DA:251,0
DA:252,0
DA:254,0
DA:256,0
DA:257,0
DA:258,0
DA:259,0
DA:260,0
DA:261,0
DA:262,0
DA:263,0
DA:264,0
DA:266,0
DA:268,0
DA:269,0
DA:270,0
DA:272,0
DA:274,0
DA:275,0
DA:279,0
DA:280,0
DA:281,0
DA:294,0
DA:295,0
DA:296,0
DA:297,0
DA:298,0
DA:299,0
DA:300,0
DA:301,0
DA:302,0
DA:303,0
DA:304,0
DA:305,0
DA:322,0
DA:323,0
DA:324,0
DA:325,0
DA:327,0
DA:328,0
DA:331,0
DA:332,0
DA:334,0
DA:335,0
DA:339,0
DA:352,0
DA:353,0
DA:354,0
DA:355,0
DA:356,0
DA:357,0
DA:359,0
DA:360,0
DA:361,0
DA:363,0
DA:365,0
DA:366,0
DA:370,0
DA:383,0
DA:384,0
DA:385,0
DA:386,0
DA:387,0
DA:389,0
DA:391,0
DA:392,0
DA:393,0
DA:395,0
DA:397,0
DA:398,0
DA:402,0
DA:421,0
DA:423,0
DA:424,0
DA:425,0
DA:426,0
DA:427,0
DA:428,0
DA:429,0
DA:430,0
DA:431,0
DA:432,0
DA:434,0
DA:436,0
DA:437,0
DA:438,0
DA:440,0
DA:442,0
DA:443,0
DA:447,0
DA:448,0
DA:449,0
DA:451,0
DA:453,0
DA:454,0
DA:458,0
DA:460,0
DA:461,0
DA:462,0
DA:463,0
DA:464,0
DA:465,0
DA:466,0
DA:467,0
DA:468,0
DA:469,0
DA:486,0
DA:487,0
DA:488,0
DA:489,0
DA:490,0
DA:491,0
DA:493,0
DA:494,0
DA:495,0
DA:496,0
DA:497,0
DA:498,0
DA:499,0
DA:500,0
DA:503,0
DA:504,0
DA:505,0
DA:506,0
DA:509,0
DA:510,0
DA:511,0
DA:513,0
DA:514,0
DA:518,0
DA:519,0
DA:520,0
DA:522,0
DA:525,0
DA:526,0
DA:527,0
DA:528,0
DA:529,0
DA:531,0
DA:532,0
DA:533,0
DA:534,0
DA:535,0
DA:536,0
DA:537,0
DA:539,0
DA:540,0
DA:541,0
DA:542,0
DA:543,0
DA:544,0
DA:545,0
DA:546,0
DA:547,0
DA:550,0
DA:551,0
DA:555,0
DA:556,0
DA:557,0
DA:558,0
DA:559,0
DA:560,0
DA:561,0
DA:562,0
DA:563,0
DA:565,0
DA:566,0
DA:568,0
DA:569,0
DA:570,0
DA:572,0
DA:575,0
DA:578,0
DA:579,0
DA:580,0
DA:582,0
DA:584,0
DA:585,0
DA:586,0
DA:587,0
DA:588,0
DA:589,0
DA:590,0
DA:591,0
DA:593,0
DA:598,0
DA:599,0
DA:603,0
LF:258
LH:1
BRDA:32,0,0,0
BRDA:32,0,1,0
BRDA:98,1,0,0
BRDA:98,1,1,0
BRDA:111,2,0,0
BRDA:111,2,1,0
BRDA:236,3,0,0
BRDA:236,3,1,0
BRDA:252,4,0,0
BRDA:252,4,1,0
BRDA:268,5,0,0
BRDA:268,5,1,0
BRDA:272,6,0,0
BRDA:272,6,1,0
BRDA:327,7,0,0
BRDA:327,7,1,0
BRDA:327,8,0,0
BRDA:327,8,1,0
BRDA:331,9,0,0
BRDA:331,9,1,0
BRDA:359,10,0,0
BRDA:359,10,1,0
BRDA:363,11,0,0
BRDA:363,11,1,0
BRDA:391,12,0,0
BRDA:391,12,1,0
BRDA:395,13,0,0
BRDA:395,13,1,0
BRDA:427,14,0,0
BRDA:427,14,1,0
BRDA:436,15,0,0
BRDA:436,15,1,0
BRDA:440,16,0,0
BRDA:440,16,1,0
BRDA:447,17,0,0
BRDA:447,17,1,0
BRDA:451,18,0,0
BRDA:451,18,1,0
BRDA:493,19,0,0
BRDA:493,19,1,0
BRDA:518,20,0,0
BRDA:518,20,1,0
BRDA:520,21,0,0
BRDA:520,21,1,0
BRDA:531,22,0,0
BRDA:531,22,1,0
BRDA:550,23,0,0
BRDA:550,23,1,0
BRDA:555,24,0,0
BRDA:555,24,1,0
BRDA:563,25,0,0
BRDA:563,25,1,0
BRDA:568,26,0,0
BRDA:568,26,1,0
BRDA:579,27,0,0
BRDA:579,27,1,0
BRDA:582,28,0,0
BRDA:582,28,1,0
BRDA:582,29,0,0
BRDA:582,29,1,0
BRDA:586,30,0,0
BRDA:586,30,1,0
BRDA:598,31,0,0
BRDA:598,31,1,0
BRF:64
BRH:0
end_of_record
TN:
SF:/home/jpbazonnais/Projets/geoportal-extensions/src/Common/Controls/LocationSelectorDOM.js
FN:10,(anonymous_0)
FN:20,(anonymous_1)
FN:36,(anonymous_2)
FN:52,(anonymous_3)
FN:59,(anonymous_4)
FN:96,(anonymous_5)
FN:105,(anonymous_6)
FN:125,(anonymous_7)
FN:201,(anonymous_8)
FN:209,(anonymous_9)
FN:222,(anonymous_10)
FN:235,(anonymous_11)
FN:243,(anonymous_12)
FN:329,(anonymous_13)
FN:336,(anonymous_14)
FN:369,(anonymous_15)
FN:375,(anonymous_16)
FN:420,(anonymous_17)
FN:428,(anonymous_18)
FN:433,(anonymous_19)
FN:452,(anonymous_20)
FN:465,(anonymous_21)
FNF:22
FNH:0
FNDA:0,(anonymous_0)
FNDA:0,(anonymous_1)
FNDA:0,(anonymous_2)
FNDA:0,(anonymous_3)
FNDA:0,(anonymous_4)
FNDA:0,(anonymous_5)
FNDA:0,(anonymous_6)
FNDA:0,(anonymous_7)
FNDA:0,(anonymous_8)
FNDA:0,(anonymous_9)
FNDA:0,(anonymous_10)
FNDA:0,(anonymous_11)
FNDA:0,(anonymous_12)
FNDA:0,(anonymous_13)
FNDA:0,(anonymous_14)
FNDA:0,(anonymous_15)
FNDA:0,(anonymous_16)
FNDA:0,(anonymous_17)
FNDA:0,(anonymous_18)
FNDA:0,(anonymous_19)
FNDA:0,(anonymous_20)
FNDA:0,(anonymous_21)
DA:3,1
DA:4,1
DA:11,0
DA:12,0
DA:21,0
DA:22,0
DA:24,0
DA:25,0
DA:37,0
DA:38,0
DA:39,0
DA:40,0
DA:41,0
DA:54,0
DA:55,0
DA:56,0
DA:57,0
DA:58,0
DA:59,0
DA:60,0
DA:61,0
DA:63,0
DA:64,0
DA:65,0
DA:66,0
DA:69,0
DA:70,0
DA:71,0
DA:72,0
DA:73,0
DA:74,0
DA:76,0
DA:77,0
DA:80,0
DA:81,0
DA:85,0
DA:87,0
DA:98,0
DA:99,0
DA:100,0
DA:101,0
DA:102,0
DA:103,0
DA:104,0
DA:105,0
DA:106,0
DA:108,0
DA:109,0
DA:112,0
DA:114,0
DA:115,0
DA:117,0
DA:123,0
DA:125,0
DA:126,0
DA:127,0
DA:129,0
DA:130,0
DA:133,0
DA:134,0
DA:136,0
DA:138,0
DA:139,0
DA:142,0
DA:144,0
DA:145,0
DA:146,0
DA:147,0
DA:148,0
DA:149,0
DA:151,0
DA:154,0
DA:155,0
DA:156,0
DA:157,0
DA:158,0
DA:159,0
DA:160,0
DA:161,0
DA:162,0
DA:164,0
DA:167,0
DA:168,0
DA:169,0
DA:170,0
DA:171,0
DA:172,0
DA:176,0
DA:177,0
DA:178,0
DA:179,0
DA:180,0
DA:181,0
DA:185,0
DA:186,0
DA:187,0
DA:190,0
DA:192,0
DA:203,0
DA:204,0
DA:205,0
DA:206,0
DA:207,0
DA:208,0
DA:209,0
DA:210,0
DA:211,0
DA:213,0
DA:223,0
DA:224,0
DA:225,0
DA:226,0
DA:237,0
DA:238,0
DA:239,0
DA:240,0
DA:241,0
DA:242,0
DA:243,0
DA:244,0
DA:245,0
DA:246,0
DA:247,0
DA:252,0
DA:253,0
DA:254,0
DA:256,0
DA:257,0
DA:259,0
DA:260,0
DA:261,0
DA:262,0
DA:267,0
DA:268,0
DA:270,0
DA:271,0
DA:272,0
DA:273,0
DA:276,0
DA:277,0
DA:280,0
DA:281,0
DA:284,0
DA:285,0
DA:286,0
DA:288,0
DA:290,0
DA:291,0
DA:292,0
DA:294,0
DA:295,0
DA:297,0
DA:301,0
DA:302,0
DA:305,0
DA:306,0
DA:309,0
DA:310,0
DA:311,0
DA:312,0
DA:317,0
DA:319,0
DA:331,0
DA:332,0
DA:333,0
DA:334,0
DA:335,0
DA:336,0
DA:337,0
DA:338,0
DA:339,0
DA:340,0
DA:341,0
DA:342,0
DA:344,0
DA:345,0
DA:346,0
DA:347,0
DA:348,0
DA:349,0
DA:350,0
DA:351,0
DA:357,0
DA:360,0
DA:371,0
DA:372,0
DA:373,0
DA:374,0
DA:375,0
DA:376,0
DA:377,0
DA:378,0
DA:380,0
DA:381,0
DA:382,0
DA:384,0
DA:385,0
DA:386,0
DA:387,0
DA:390,0
DA:396,0
DA:397,0
DA:402,0
DA:403,0
DA:408,0
DA:410,0
DA:422,0
DA:423,0
DA:424,0
DA:425,0
DA:427,0
DA:428,0
DA:429,0
DA:430,0
DA:432,0
DA:433,0
DA:434,0
DA:435,0
DA:439,0
DA:453,0
DA:454,0
DA:455,0
DA:456,0
DA:457,0
DA:458,0
DA:466,0
DA:468,0
DA:469,0
DA:470,0
DA:472,0
DA:473,0
DA:474,0
DA:476,0
DA:477,0
DA:478,0
DA:479,0
DA:481,0
DA:482,0
DA:486,0
DA:488,0
DA:489,0
DA:492,0
LF:242
LH:2
BRDA:11,0,0,0
BRDA:11,0,1,0
BRDA:39,1,0,0
BRDA:39,1,1,0
BRDA:76,2,0,0
BRDA:76,2,1,0
BRDA:80,3,0,0
BRDA:80,3,1,0
BRDA:106,4,0,0
BRDA:106,4,1,0
BRDA:108,5,0,0
BRDA:108,5,1,0
BRDA:108,6,0,0
BRDA:108,6,1,0
BRDA:108,6,2,0
BRDA:108,6,3,0
BRDA:114,7,0,0
BRDA:114,7,1,0
BRDA:126,8,0,0
BRDA:126,8,1,0
BRDA:129,9,0,0
BRDA:129,9,1,0
BRDA:138,10,0,0
BRDA:138,10,1,0
BRDA:144,11,0,0
BRDA:144,11,1,0
BRDA:155,12,0,0
BRDA:155,12,1,0
BRDA:156,13,0,0
BRDA:156,13,1,0
BRDA:164,14,0,0
BRDA:164,14,1,0
BRDA:164,14,2,0
BRDA:256,15,0,0
BRDA:256,15,1,0
BRDA:259,16,0,0
BRDA:259,16,1,0
BRDA:267,17,0,0
BRDA:267,17,1,0
BRDA:276,18,0,0
BRDA:276,18,1,0
BRDA:280,19,0,0
BRDA:280,19,1,0
BRDA:294,20,0,0
BRDA:294,20,1,0
BRDA:301,21,0,0
BRDA:301,21,1,0
BRDA:305,22,0,0
BRDA:305,22,1,0
BRDA:344,23,0,0
BRDA:344,23,1,0
BRDA:344,24,0,0
BRDA:344,24,1,0
BRDA:384,25,0,0
BRDA:384,25,1,0
BRDA:385,26,0,0
BRDA:385,26,1,0
BRDA:386,27,0,0
BRDA:386,27,1,0
BRDA:396,28,0,0
BRDA:396,28,1,0
BRDA:402,29,0,0
BRDA:402,29,1,0
BRDA:427,30,0,0
BRDA:427,30,1,0
BRDA:432,31,0,0
BRDA:432,31,1,0
BRDA:472,32,0,0
BRDA:472,32,1,0
BRDA:481,33,0,0
BRDA:481,33,1,0
BRDA:488,34,0,0
BRDA:488,34,1,0
BRF:73
BRH:0
end_of_record
TN:
SF:/home/jpbazonnais/Projets/geoportal-extensions/src/Common/Controls/MeasureAreaDOM.js
FN:7,(anonymous_0)
FN:17,(anonymous_1)
FN:32,(anonymous_2)
FN:45,(anonymous_3)
FN:58,(anonymous_4)
FN:62,(anonymous_5)
FNF:6
FNH:0
FNDA:0,(anonymous_0)
FNDA:0,(anonymous_1)
FNDA:0,(anonymous_2)
FNDA:0,(anonymous_3)
FNDA:0,(anonymous_4)
FNDA:0,(anonymous_5)
DA:1,1
DA:8,0
DA:9,0
DA:18,0
DA:19,0
DA:20,0
DA:21,0
DA:33,0
DA:34,0
DA:35,0
DA:36,0
DA:47,0
DA:48,0
DA:49,0
DA:50,0
DA:51,0
DA:52,0
DA:57,0
DA:58,0
DA:59,0
DA:61,0
DA:62,0
DA:63,0
DA:67,0
DA:68,0
DA:69,0
DA:70,0
DA:71,0
LF:28
LH:1
BRDA:8,0,0,0
BRDA:8,0,1,0
BRDA:57,1,0,0
BRDA:57,1,1,0
BRDA:61,2,0,0
BRDA:61,2,1,0
BRF:6
BRH:0
end_of_record
TN:
SF:/home/jpbazonnais/Projets/geoportal-extensions/src/Common/Controls/MeasureAzimuthDOM.js
FN:7,(anonymous_0)
FN:17,(anonymous_1)
FN:32,(anonymous_2)
FN:45,(anonymous_3)
FN:58,(anonymous_4)
FN:62,(anonymous_5)
FNF:6
FNH:0
FNDA:0,(anonymous_0)
FNDA:0,(anonymous_1)
FNDA:0,(anonymous_2)
FNDA:0,(anonymous_3)
FNDA:0,(anonymous_4)
FNDA:0,(anonymous_5)
DA:1,1
DA:8,0
DA:9,0
DA:18,0
DA:19,0
DA:20,0
DA:21,0
DA:33,0
DA:34,0
DA:35,0
DA:36,0
DA:47,0
DA:48,0
DA:49,0
DA:50,0
DA:51,0
DA:52,0
DA:57,0
DA:58,0
DA:59,0
DA:61,0
DA:62,0
DA:63,0
DA:67,0
DA:68,0
DA:69,0
DA:70,0
DA:71,0
LF:28
LH:1
BRDA:8,0,0,0
BRDA:8,0,1,0
BRDA:57,1,0,0
BRDA:57,1,1,0
BRDA:61,2,0,0
BRDA:61,2,1,0
BRF:6
BRH:0
end_of_record
TN:
SF:/home/jpbazonnais/Projets/geoportal-extensions/src/Common/Controls/MeasureLengthDOM.js
FN:7,(anonymous_0)
FN:17,(anonymous_1)
FN:32,(anonymous_2)
FN:45,(anonymous_3)
FN:58,(anonymous_4)
FN:62,(anonymous_5)
FNF:6
FNH:0
FNDA:0,(anonymous_0)
FNDA:0,(anonymous_1)
FNDA:0,(anonymous_2)
FNDA:0,(anonymous_3)
FNDA:0,(anonymous_4)
FNDA:0,(anonymous_5)
DA:1,1
DA:8,0
DA:9,0
DA:18,0
DA:19,0
DA:20,0
DA:21,0
DA:33,0
DA:34,0
DA:35,0
DA:36,0
DA:47,0
DA:48,0
DA:49,0
DA:50,0
DA:51,0
DA:52,0
DA:57,0
DA:58,0
DA:59,0
DA:61,0
DA:62,0
DA:63,0
DA:67,0
DA:68,0
DA:69,0
DA:70,0
DA:71,0
LF:28
LH:1
BRDA:8,0,0,0
BRDA:8,0,1,0
BRDA:57,1,0,0
BRDA:57,1,1,0
BRDA:61,2,0,0
BRDA:61,2,1,0
BRF:6
BRH:0
end_of_record
TN:
SF:/home/jpbazonnais/Projets/geoportal-extensions/src/Common/Controls/MeasureToolBoxDOM.js
FN:11,(anonymous_0)
FN:20,(anonymous_1)
FN:29,(anonymous_2)
FN:38,(anonymous_3)
FN:51,(anonymous_4)
FN:65,(anonymous_5)
FNF:6
FNH:0
FNDA:0,(anonymous_0)
FNDA:0,(anonymous_1)
FNDA:0,(anonymous_2)
FNDA:0,(anonymous_3)
FNDA:0,(anonymous_4)
FNDA:0,(anonymous_5)
DA:1,1
DA:12,0
DA:21,0
DA:30,0
DA:45,0
DA:46,0
DA:47,0
DA:48,0
DA:49,0
DA:50,0
DA:51,0
DA:52,0
DA:54,0
DA:56,0
DA:57,0
DA:59,0
DA:62,0
DA:63,0
DA:64,0
DA:65,0
DA:88,0
DA:89,0
LF:22
LH:1
BRDA:12,0,0,0
BRDA:12,0,1,0
BRDA:21,1,0,0
BRDA:21,1,1,0
BRDA:30,2,0,0
BRDA:30,2,1,0
BRDA:56,3,0,0
BRDA:56,3,1,0
BRF:8
BRH:0
end_of_record
TN:
SF:/home/jpbazonnais/Projets/geoportal-extensions/src/Common/Controls/MiniGlobeDOM.js
FN:7,(anonymous_0)
FN:17,(anonymous_1)
FNF:2
FNH:0
FNDA:0,(anonymous_0)
FNDA:0,(anonymous_1)
DA:1,1
DA:8,0
DA:9,0
DA:18,0
DA:19,0
DA:20,0
DA:21,0
DA:22,0
DA:23,0
LF:9
LH:1
BRDA:8,0,0,0
BRDA:8,0,1,0
BRF:2
BRH:0
end_of_record
TN:
SF:/home/jpbazonnais/Projets/geoportal-extensions/src/Common/Controls/MousePositionDOM.js
FN:7,(anonymous_0)
FN:17,(anonymous_1)
FN:32,(anonymous_2)
FN:45,(anonymous_3)
FN:73,(anonymous_4)
FN:95,(anonymous_5)
FN:113,(anonymous_6)
FN:126,(anonymous_7)
FN:141,(anonymous_8)
FN:145,(anonymous_9)
FN:167,(anonymous_10)
FN:190,(anonymous_11)
FN:204,(anonymous_12)
FN:207,(anonymous_13)
FN:228,(anonymous_14)
FN:245,(anonymous_15)
FN:248,(anonymous_16)
FN:272,(anonymous_17)
FN:275,(anonymous_18)
FN:299,(anonymous_19)
FN:302,(anonymous_20)
FN:340,(anonymous_21)
FN:398,(anonymous_22)
FN:423,(anonymous_23)
FN:439,(anonymous_24)
FN:452,(anonymous_25)
FN:469,(anonymous_26)
FN:484,(anonymous_27)
FN:490,(anonymous_28)
FN:512,(anonymous_29)
FN:578,(anonymous_30)
FN:584,(anonymous_31)
FN:587,(anonymous_32)
FN:611,(anonymous_33)
FN:617,(anonymous_34)
FN:636,(anonymous_35)
FN:647,(anonymous_36)
FN:667,(anonymous_37)
FN:715,(anonymous_38)
FN:746,(anonymous_39)
FN:776,(anonymous_40)
FN:817,(anonymous_41)
FN:877,(anonymous_42)
FN:904,(anonymous_43)
FN:905,(anonymous_44)
FN:920,(anonymous_45)
FNF:46
FNH:0
FNDA:0,(anonymous_0)
FNDA:0,(anonymous_1)
FNDA:0,(anonymous_2)
FNDA:0,(anonymous_3)
FNDA:0,(anonymous_4)
FNDA:0,(anonymous_5)
FNDA:0,(anonymous_6)
FNDA:0,(anonymous_7)
FNDA:0,(anonymous_8)
FNDA:0,(anonymous_9)
FNDA:0,(anonymous_10)
FNDA:0,(anonymous_11)
FNDA:0,(anonymous_12)
FNDA:0,(anonymous_13)
FNDA:0,(anonymous_14)
FNDA:0,(anonymous_15)
FNDA:0,(anonymous_16)
FNDA:0,(anonymous_17)
FNDA:0,(anonymous_18)
FNDA:0,(anonymous_19)
FNDA:0,(anonymous_20)
FNDA:0,(anonymous_21)
FNDA:0,(anonymous_22)
FNDA:0,(anonymous_23)
FNDA:0,(anonymous_24)
FNDA:0,(anonymous_25)
FNDA:0,(anonymous_26)
FNDA:0,(anonymous_27)
FNDA:0,(anonymous_28)
FNDA:0,(anonymous_29)
FNDA:0,(anonymous_30)
FNDA:0,(anonymous_31)
FNDA:0,(anonymous_32)
FNDA:0,(anonymous_33)
FNDA:0,(anonymous_34)
FNDA:0,(anonymous_35)
FNDA:0,(anonymous_36)
FNDA:0,(anonymous_37)
FNDA:0,(anonymous_38)
FNDA:0,(anonymous_39)
FNDA:0,(anonymous_40)
FNDA:0,(anonymous_41)
FNDA:0,(anonymous_42)
FNDA:0,(anonymous_43)
FNDA:0,(anonymous_44)
FNDA:0,(anonymous_45)
DA:1,1
DA:8,0
DA:9,0
DA:18,0
DA:19,0
DA:20,0
DA:21,0
DA:33,0
DA:34,0
DA:35,0
DA:36,0
DA:47,0
DA:48,0
DA:49,0
DA:50,0
DA:51,0
DA:52,0
DA:73,0
DA:74,0
DA:76,0
DA:77,0
DA:80,0
DA:81,0
DA:83,0
DA:84,0
DA:85,0
DA:86,0
DA:87,0
DA:96,0
DA:97,0
DA:98,0
DA:105,0
DA:114,0
DA:115,0
DA:116,0
DA:117,0
DA:127,0
DA:128,0
DA:129,0
DA:130,0
DA:131,0
DA:132,0
DA:133,0
DA:134,0
DA:135,0
DA:136,0
DA:138,0
DA:140,0
DA:141,0
DA:142,0
DA:144,0
DA:145,0
DA:146,0
DA:150,0
DA:151,0
DA:169,0
DA:170,0
DA:171,0
DA:172,0
DA:173,0
DA:176,0
DA:177,0
DA:178,0
DA:179,0
DA:191,0
DA:193,0
DA:194,0
DA:197,0
DA:198,0
DA:199,0
DA:200,0
DA:201,0
DA:203,0
DA:204,0
DA:205,0
DA:207,0
DA:208,0
DA:209,0
DA:210,0
DA:214,0
DA:215,0
DA:216,0
DA:217,0
DA:218,0
DA:229,0
DA:230,0
DA:233,0
DA:234,0
DA:235,0
DA:236,0
DA:237,0
DA:238,0
DA:239,0
DA:240,0
DA:241,0
DA:242,0
DA:244,0
DA:245,0
DA:246,0
DA:248,0
DA:249,0
DA:251,0
DA:253,0
DA:257,0
DA:258,0
DA:259,0
DA:260,0
DA:261,0
DA:262,0
DA:263,0
DA:264,0
DA:265,0
DA:266,0
DA:267,0
DA:268,0
DA:269,0
DA:271,0
DA:272,0
DA:273,0
DA:275,0
DA:276,0
DA:278,0
DA:280,0
DA:284,0
DA:285,0
DA:286,0
DA:287,0
DA:288,0
DA:289,0
DA:290,0
DA:291,0
DA:292,0
DA:293,0
DA:294,0
DA:295,0
DA:296,0
DA:298,0
DA:299,0
DA:300,0
DA:302,0
DA:303,0
DA:305,0
DA:307,0
DA:311,0
DA:312,0
DA:313,0
DA:314,0
DA:315,0
DA:316,0
DA:317,0
DA:318,0
DA:319,0
DA:320,0
DA:321,0
DA:322,0
DA:323,0
DA:324,0
DA:325,0
DA:326,0
DA:327,0
DA:328,0
DA:329,0
DA:330,0
DA:341,0
DA:342,0
DA:343,0
DA:345,0
DA:346,0
DA:347,0
DA:348,0
DA:349,0
DA:350,0
DA:351,0
DA:352,0
DA:355,0
DA:356,0
DA:358,0
DA:361,0
DA:362,0
DA:365,0
DA:366,0
DA:368,0
DA:369,0
DA:370,0
DA:371,0
DA:372,0
DA:373,0
DA:374,0
DA:375,0
DA:378,0
DA:379,0
DA:381,0
DA:384,0
DA:385,0
DA:388,0
DA:389,0
DA:390,0
DA:399,0
DA:400,0
DA:401,0
DA:402,0
DA:403,0
DA:404,0
DA:405,0
DA:406,0
DA:407,0
DA:408,0
DA:409,0
DA:410,0
DA:411,0
DA:412,0
DA:413,0
DA:414,0
DA:415,0
DA:424,0
DA:425,0
DA:426,0
DA:427,0
DA:429,0
DA:430,0
DA:433,0
DA:434,0
DA:435,0
DA:436,0
DA:438,0
DA:439,0
DA:440,0
DA:444,0
DA:445,0
DA:446,0
DA:447,0
DA:448,0
DA:449,0
DA:451,0
DA:452,0
DA:453,0
DA:457,0
DA:458,0
DA:470,0
DA:471,0
DA:472,0
DA:473,0
DA:474,0
DA:475,0
DA:476,0
DA:477,0
DA:478,0
DA:479,0
DA:481,0
DA:483,0
DA:484,0
DA:485,0
DA:486,0
DA:489,0
DA:490,0
DA:491,0
DA:492,0
DA:497,0
DA:498,0
DA:499,0
DA:513,0
DA:514,0
DA:515,0
DA:516,0
DA:517,0
DA:518,0
DA:519,0
DA:570,0
DA:580,0
DA:581,0
DA:582,0
DA:583,0
DA:584,0
DA:585,0
DA:587,0
DA:589,0
DA:590,0
DA:594,0
DA:595,0
DA:596,0
DA:597,0
DA:598,0
DA:600,0
DA:603,0
DA:613,0
DA:614,0
DA:615,0
DA:616,0
DA:617,0
DA:618,0
DA:621,0
DA:622,0
DA:623,0
DA:624,0
DA:625,0
DA:627,0
DA:630,0
DA:638,0
DA:639,0
DA:640,0
DA:641,0
DA:648,0
DA:650,0
DA:651,0
DA:654,0
DA:656,0
DA:657,0
DA:669,0
DA:671,0
DA:672,0
DA:677,0
DA:678,0
DA:680,0
DA:683,0
DA:684,0
DA:688,0
DA:690,0
DA:691,0
DA:696,0
DA:697,0
DA:699,0
DA:702,0
DA:703,0
DA:716,0
DA:717,0
DA:718,0
DA:719,0
DA:720,0
DA:721,0
DA:723,0
DA:724,0
DA:726,0
DA:727,0
DA:728,0
DA:732,0
DA:734,0
DA:735,0
DA:747,0
DA:748,0
DA:750,0
DA:751,0
DA:754,0
DA:755,0
DA:758,0
DA:760,0
DA:762,0
DA:765,0
DA:766,0
DA:767,0
DA:777,0
DA:778,0
DA:781,0
DA:783,0
DA:785,0
DA:788,0
DA:789,0
DA:791,0
DA:792,0
DA:795,0
DA:796,0
DA:798,0
DA:799,0
DA:800,0
DA:802,0
DA:803,0
DA:806,0
DA:819,0
DA:820,0
DA:821,0
DA:823,0
DA:824,0
DA:825,0
DA:826,0
DA:827,0
DA:828,0
DA:830,0
DA:831,0
DA:834,0
DA:835,0
DA:839,0
DA:841,0
DA:842,0
DA:843,0
DA:844,0
DA:845,0
DA:846,0
DA:851,0
DA:852,0
DA:854,0
DA:855,0
DA:856,0
DA:857,0
DA:859,0
DA:860,0
DA:862,0
DA:863,0
DA:879,0
DA:883,0
DA:884,0
DA:887,0
DA:888,0
DA:890,0
DA:891,0
DA:894,0
DA:895,0
DA:898,0
DA:899,0
DA:901,0
DA:903,0
DA:904,0
DA:905,0
DA:906,0
DA:907,0
DA:909,0
DA:921,0
DA:922,0
LF:416
LH:1
BRDA:8,0,0,0
BRDA:8,0,1,0
BRDA:76,1,0,0
BRDA:76,1,1,0
BRDA:76,2,0,0
BRDA:76,2,1,0
BRDA:140,3,0,0
BRDA:140,3,1,0
BRDA:144,4,0,0
BRDA:144,4,1,0
BRDA:169,5,0,0
BRDA:169,5,1,0
BRDA:170,6,0,0
BRDA:170,6,1,0
BRDA:171,7,0,0
BRDA:171,7,1,0
BRDA:193,8,0,0
BRDA:193,8,1,0
BRDA:200,9,0,0
BRDA:200,9,1,0
BRDA:203,10,0,0
BRDA:203,10,1,0
BRDA:210,11,0,0
BRDA:210,11,1,0
BRDA:229,12,0,0
BRDA:229,12,1,0
BRDA:239,13,0,0
BRDA:239,13,1,0
BRDA:242,14,0,0
BRDA:242,14,1,0
BRDA:244,15,0,0
BRDA:244,15,1,0
BRDA:253,16,0,0
BRDA:253,16,1,0
BRDA:266,17,0,0
BRDA:266,17,1,0
BRDA:271,18,0,0
BRDA:271,18,1,0
BRDA:280,19,0,0
BRDA:280,19,1,0
BRDA:293,20,0,0
BRDA:293,20,1,0
BRDA:298,21,0,0
BRDA:298,21,1,0
BRDA:307,22,0,0
BRDA:307,22,1,0
BRDA:322,23,0,0
BRDA:322,23,1,0
BRDA:323,24,0,0
BRDA:323,24,1,0
BRDA:326,25,0,0
BRDA:326,25,1,0
BRDA:327,26,0,0
BRDA:327,26,1,0
BRDA:343,27,0,0
BRDA:343,27,1,0
BRDA:355,28,0,0
BRDA:355,28,1,0
BRDA:378,29,0,0
BRDA:378,29,1,0
BRDA:401,30,0,0
BRDA:401,30,1,0
BRDA:429,31,0,0
BRDA:429,31,1,0
BRDA:436,32,0,0
BRDA:436,32,1,0
BRDA:438,33,0,0
BRDA:438,33,1,0
BRDA:451,34,0,0
BRDA:451,34,1,0
BRDA:481,35,0,0
BRDA:481,35,1,0
BRDA:483,36,0,0
BRDA:483,36,1,0
BRDA:485,37,0,0
BRDA:485,37,1,0
BRDA:489,38,0,0
BRDA:489,38,1,0
BRDA:491,39,0,0
BRDA:491,39,1,0
BRDA:515,40,0,0
BRDA:515,40,1,0
BRDA:515,41,0,0
BRDA:515,41,1,0
BRDA:589,42,0,0
BRDA:589,42,1,0
BRDA:598,43,0,0
BRDA:598,43,1,0
BRDA:624,44,0,0
BRDA:624,44,1,0
BRDA:625,45,0,0
BRDA:625,45,1,0
BRDA:639,46,0,0
BRDA:639,46,1,0
BRDA:641,47,0,0
BRDA:641,47,1,0
BRDA:650,48,0,0
BRDA:650,48,1,0
BRDA:650,49,0,0
BRDA:650,49,1,0
BRDA:677,50,0,0
BRDA:677,50,1,0
BRDA:696,51,0,0
BRDA:696,51,1,0
BRDA:717,52,0,0
BRDA:717,52,1,0
BRDA:719,53,0,0
BRDA:719,53,1,0
BRDA:726,54,0,0
BRDA:726,54,1,0
BRDA:750,55,0,0
BRDA:750,55,1,0
BRDA:754,56,0,0
BRDA:754,56,1,0
BRDA:760,57,0,0
BRDA:760,57,1,0
BRDA:760,58,0,0
BRDA:760,58,1,0
BRDA:767,59,0,0
BRDA:767,59,1,0
BRDA:777,60,0,0
BRDA:777,60,1,0
BRDA:783,61,0,0
BRDA:783,61,1,0
BRDA:791,62,0,0
BRDA:791,62,1,0
BRDA:791,63,0,0
BRDA:791,63,1,0
BRDA:798,64,0,0
BRDA:798,64,1,0
BRDA:819,65,0,0
BRDA:819,65,1,0
BRDA:819,66,0,0
BRDA:819,66,1,0
BRDA:823,67,0,0
BRDA:823,67,1,0
BRDA:823,68,0,0
BRDA:823,68,1,0
BRDA:826,69,0,0
BRDA:826,69,1,0
BRDA:826,70,0,0
BRDA:826,70,1,0
BRDA:834,71,0,0
BRDA:834,71,1,0
BRDA:834,72,0,0
BRDA:834,72,1,0
BRDA:856,73,0,0
BRDA:856,73,1,0
BRDA:856,73,2,0
BRDA:856,73,3,0
BRDA:857,74,0,0
BRDA:857,74,1,0
BRDA:857,74,2,0
BRDA:857,74,3,0
BRDA:857,74,4,0
BRDA:859,75,0,0
BRDA:859,75,1,0
BRDA:883,76,0,0
BRDA:883,76,1,0
BRDA:890,77,0,0
BRDA:890,77,1,0
BRDA:894,78,0,0
BRDA:894,78,1,0
BRDA:901,79,0,0
BRDA:901,79,1,0
BRDA:901,80,0,0
BRDA:901,80,1,0
BRDA:903,81,0,0
BRDA:903,81,1,0
BRDA:906,82,0,0
BRDA:906,82,1,0
BRDA:906,83,0,0
BRDA:906,83,1,0
BRDA:921,84,0,0
BRDA:921,84,1,0
BRF:175
BRH:0
end_of_record
TN:
SF:/home/jpbazonnais/Projets/geoportal-extensions/src/Common/Controls/ProfileElevationPathDOM.js
FN:11,(anonymous_0)
FN:27,(anonymous_1)
FN:61,(anonymous_2)
FN:73,(anonymous_3)
FN:85,(anonymous_4)
FN:139,(anonymous_5)
FN:154,(anonymous_6)
FN:180,(anonymous_7)
FN:203,(anonymous_8)
FN:205,(anonymous_9)
FN:208,(anonymous_10)
FN:210,(anonymous_11)
FN:214,(anonymous_12)
FN:218,(anonymous_13)
FN:228,(anonymous_14)
FN:230,(anonymous_15)
FN:238,(anonymous_16)
FN:241,(anonymous_17)
FN:245,(anonymous_18)
FN:252,(anonymous_19)
FN:291,(anonymous_20)
FN:302,(anonymous_21)
FN:379,(anonymous_22)
FNF:23
FNH:0
FNDA:0,(anonymous_0)
FNDA:0,(anonymous_1)
FNDA:0,(anonymous_2)
FNDA:0,(anonymous_3)
FNDA:0,(anonymous_4)
FNDA:0,(anonymous_5)
FNDA:0,(anonymous_6)
FNDA:0,(anonymous_7)
FNDA:0,(anonymous_8)
FNDA:0,(anonymous_9)
FNDA:0,(anonymous_10)
FNDA:0,(anonymous_11)
FNDA:0,(anonymous_12)
FNDA:0,(anonymous_13)
FNDA:0,(anonymous_14)
FNDA:0,(anonymous_15)
FNDA:0,(anonymous_16)
FNDA:0,(anonymous_17)
FNDA:0,(anonymous_18)
FNDA:0,(anonymous_19)
FNDA:0,(anonymous_20)
FNDA:0,(anonymous_21)
FNDA:0,(anonymous_22)
DA:2,1
DA:12,0
DA:14,0
DA:15,0
DA:16,0
DA:20,0
DA:21,0
DA:24,0
DA:25,0
DA:26,0
DA:27,0
DA:28,0
DA:30,0
DA:31,0
DA:32,0
DA:33,0
DA:34,0
DA:36,0
DA:37,0
DA:38,0
DA:39,0
DA:40,0
DA:41,0
DA:42,0
DA:43,0
DA:44,0
DA:45,0
DA:46,0
DA:47,0
DA:48,0
DA:49,0
DA:50,0
DA:54,0
DA:55,0
DA:56,0
DA:58,0
DA:59,0
DA:60,0
DA:61,0
DA:62,0
DA:64,0
DA:66,0
DA:67,0
DA:73,0
DA:74,0
DA:76,0
DA:78,0
DA:79,0
DA:85,0
DA:86,0
DA:88,0
DA:89,0
DA:90,0
DA:91,0
DA:93,0
DA:94,0
DA:95,0
DA:96,0
DA:97,0
DA:98,0
DA:99,0
DA:100,0
DA:101,0
DA:102,0
DA:104,0
DA:105,0
DA:108,0
DA:109,0
DA:110,0
DA:113,0
DA:114,0
DA:115,0
DA:116,0
DA:117,0
DA:118,0
DA:119,0
DA:120,0
DA:121,0
DA:122,0
DA:123,0
DA:124,0
DA:125,0
DA:126,0
DA:127,0
DA:128,0
DA:141,0
DA:142,0
DA:143,0
DA:147,0
DA:148,0
DA:149,0
DA:150,0
DA:151,0
DA:152,0
DA:153,0
DA:154,0
DA:155,0
DA:168,0
DA:169,0
DA:181,0
DA:183,0
DA:184,0
DA:185,0
DA:189,0
DA:190,0
DA:191,0
DA:197,0
DA:198,0
DA:199,0
DA:200,0
DA:201,0
DA:202,0
DA:203,0
DA:204,0
DA:206,0
DA:208,0
DA:209,0
DA:211,0
DA:213,0
DA:214,0
DA:215,0
DA:217,0
DA:218,0
DA:219,0
DA:221,0
DA:222,0
DA:223,0
DA:224,0
DA:225,0
DA:226,0
DA:227,0
DA:228,0
DA:229,0
DA:231,0
DA:233,0
DA:234,0
DA:235,0
DA:236,0
DA:237,0
DA:238,0
DA:239,0
DA:241,0
DA:242,0
DA:244,0
DA:246,0
DA:248,0
DA:251,0
DA:253,0
DA:254,0
DA:255,0
DA:256,0
DA:257,0
DA:258,0
DA:259,0
DA:260,0
DA:261,0
DA:262,0
DA:263,0
DA:265,0
DA:268,0
DA:269,0
DA:270,0
DA:272,0
DA:273,0
DA:276,0
DA:277,0
DA:280,0
DA:292,0
DA:293,0
DA:294,0
DA:295,0
DA:297,0
DA:298,0
DA:301,0
DA:302,0
DA:303,0
DA:377,0
DA:379,0
DA:380,0
DA:382,0
DA:385,0
LF:181
LH:1
BRDA:14,0,0,0
BRDA:14,0,1,0
BRDA:20,1,0,0
BRDA:20,1,1,0
BRDA:66,2,0,0
BRDA:66,2,1,0
BRDA:66,3,0,0
BRDA:66,3,1,0
BRDA:78,4,0,0
BRDA:78,4,1,0
BRDA:78,5,0,0
BRDA:78,5,1,0
BRDA:104,6,0,0
BRDA:104,6,1,0
BRDA:141,7,0,0
BRDA:141,7,1,0
BRDA:183,8,0,0
BRDA:183,8,1,0
BRDA:258,9,0,0
BRDA:258,9,1,0
BRDA:272,10,0,0
BRDA:272,10,1,0
BRDA:297,11,0,0
BRDA:297,11,1,0
BRF:24
BRH:0
end_of_record
TN:
SF:/home/jpbazonnais/Projets/geoportal-extensions/src/Common/Controls/ReverseGeocodingDOM.js
FN:7,(anonymous_0)
FN:17,(anonymous_1)
FN:32,(anonymous_2)
FN:44,(anonymous_3)
FN:54,(anonymous_4)
FN:58,(anonymous_5)
FN:75,(anonymous_6)
FN:91,(anonymous_7)
FN:103,(anonymous_8)
FN:117,(anonymous_9)
FN:128,(anonymous_10)
FN:131,(anonymous_11)
FN:134,(anonymous_12)
FN:140,(anonymous_13)
FN:143,(anonymous_14)
FN:146,(anonymous_15)
FN:164,(anonymous_16)
FN:176,(anonymous_17)
FN:189,(anonymous_18)
FN:198,(anonymous_19)
FN:206,(anonymous_20)
FN:223,(anonymous_21)
FN:236,(anonymous_22)
FN:245,(anonymous_23)
FN:249,(anonymous_24)
FN:263,(anonymous_25)
FN:270,(anonymous_26)
FN:275,(anonymous_27)
FN:293,(anonymous_28)
FN:308,(anonymous_29)
FN:312,(anonymous_30)
FN:367,(anonymous_31)
FN:382,(anonymous_32)
FN:386,(anonymous_33)
FN:436,(anonymous_34)
FNF:35
FNH:0
FNDA:0,(anonymous_0)
FNDA:0,(anonymous_1)
FNDA:0,(anonymous_2)
FNDA:0,(anonymous_3)
FNDA:0,(anonymous_4)
FNDA:0,(anonymous_5)
FNDA:0,(anonymous_6)
FNDA:0,(anonymous_7)
FNDA:0,(anonymous_8)
FNDA:0,(anonymous_9)
FNDA:0,(anonymous_10)
FNDA:0,(anonymous_11)
FNDA:0,(anonymous_12)
FNDA:0,(anonymous_13)
FNDA:0,(anonymous_14)
FNDA:0,(anonymous_15)
FNDA:0,(anonymous_16)
FNDA:0,(anonymous_17)
FNDA:0,(anonymous_18)
FNDA:0,(anonymous_19)
FNDA:0,(anonymous_20)
FNDA:0,(anonymous_21)
FNDA:0,(anonymous_22)
FNDA:0,(anonymous_23)
FNDA:0,(anonymous_24)
FNDA:0,(anonymous_25)
FNDA:0,(anonymous_26)
FNDA:0,(anonymous_27)
FNDA:0,(anonymous_28)
FNDA:0,(anonymous_29)
FNDA:0,(anonymous_30)
FNDA:0,(anonymous_31)
FNDA:0,(anonymous_32)
FNDA:0,(anonymous_33)
FNDA:0,(anonymous_34)
DA:1,1
DA:8,0
DA:9,0
DA:18,0
DA:19,0
DA:20,0
DA:21,0
DA:33,0
DA:34,0
DA:35,0
DA:36,0
DA:46,0
DA:47,0
DA:48,0
DA:49,0
DA:50,0
DA:51,0
DA:53,0
DA:54,0
DA:55,0
DA:57,0
DA:58,0
DA:59,0
DA:63,0
DA:64,0
DA:65,0
DA:66,0
DA:67,0
DA:76,0
DA:77,0
DA:78,0
DA:79,0
DA:80,0
DA:81,0
DA:82,0
DA:83,0
DA:92,0
DA:93,0
DA:94,0
DA:95,0
DA:104,0
DA:105,0
DA:107,0
DA:119,0
DA:120,0
DA:121,0
DA:122,0
DA:123,0
DA:124,0
DA:125,0
DA:127,0
DA:128,0
DA:129,0
DA:131,0
DA:132,0
DA:134,0
DA:135,0
DA:136,0
DA:139,0
DA:140,0
DA:141,0
DA:143,0
DA:144,0
DA:146,0
DA:147,0
DA:148,0
DA:153,0
DA:165,0
DA:166,0
DA:167,0
DA:168,0
DA:177,0
DA:178,0
DA:181,0
DA:191,0
DA:192,0
DA:193,0
DA:194,0
DA:195,0
DA:197,0
DA:198,0
DA:199,0
DA:200,0
DA:201,0
DA:202,0
DA:203,0
DA:205,0
DA:206,0
DA:207,0
DA:208,0
DA:209,0
DA:210,0
DA:211,0
DA:215,0
DA:224,0
DA:225,0
DA:226,0
DA:227,0
DA:228,0
DA:238,0
DA:239,0
DA:240,0
DA:241,0
DA:242,0
DA:244,0
DA:245,0
DA:246,0
DA:248,0
DA:249,0
DA:250,0
DA:254,0
DA:265,0
DA:266,0
DA:267,0
DA:269,0
DA:270,0
DA:271,0
DA:272,0
DA:274,0
DA:275,0
DA:276,0
DA:277,0
DA:281,0
DA:295,0
DA:296,0
DA:297,0
DA:298,0
DA:299,0
DA:300,0
DA:301,0
DA:302,0
DA:303,0
DA:304,0
DA:307,0
DA:308,0
DA:309,0
DA:311,0
DA:312,0
DA:313,0
DA:318,0
DA:319,0
DA:322,0
DA:323,0
DA:325,0
DA:326,0
DA:327,0
DA:328,0
DA:329,0
DA:332,0
DA:333,0
DA:334,0
DA:335,0
DA:336,0
DA:339,0
DA:340,0
DA:341,0
DA:342,0
DA:343,0
DA:346,0
DA:347,0
DA:348,0
DA:349,0
DA:350,0
DA:353,0
DA:357,0
DA:358,0
DA:369,0
DA:370,0
DA:371,0
DA:372,0
DA:373,0
DA:374,0
DA:375,0
DA:376,0
DA:377,0
DA:378,0
DA:381,0
DA:382,0
DA:383,0
DA:385,0
DA:386,0
DA:387,0
DA:392,0
DA:393,0
DA:396,0
DA:397,0
DA:399,0
DA:400,0
DA:401,0
DA:402,0
DA:403,0
DA:406,0
DA:407,0
DA:408,0
DA:409,0
DA:410,0
DA:413,0
DA:414,0
DA:415,0
DA:416,0
DA:417,0
DA:420,0
DA:424,0
DA:425,0
DA:437,0
DA:438,0
DA:439,0
DA:440,0
DA:441,0
DA:442,0
LF:210
LH:1
BRDA:8,0,0,0
BRDA:8,0,1,0
BRDA:53,1,0,0
BRDA:53,1,1,0
BRDA:57,2,0,0
BRDA:57,2,1,0
BRDA:127,3,0,0
BRDA:127,3,1,0
BRDA:135,4,0,0
BRDA:135,4,1,0
BRDA:139,5,0,0
BRDA:139,5,1,0
BRDA:147,6,0,0
BRDA:147,6,1,0
BRDA:197,7,0,0
BRDA:197,7,1,0
BRDA:205,8,0,0
BRDA:205,8,1,0
BRDA:244,9,0,0
BRDA:244,9,1,0
BRDA:248,10,0,0
BRDA:248,10,1,0
BRDA:269,11,0,0
BRDA:269,11,1,0
BRDA:274,12,0,0
BRDA:274,12,1,0
BRDA:307,13,0,0
BRDA:307,13,1,0
BRDA:311,14,0,0
BRDA:311,14,1,0
BRDA:318,15,0,0
BRDA:318,15,1,0
BRDA:318,16,0,0
BRDA:318,16,1,0
BRDA:323,17,0,0
BRDA:323,17,1,0
BRDA:323,17,2,0
BRDA:323,17,3,0
BRDA:323,17,4,0
BRDA:381,18,0,0
BRDA:381,18,1,0
BRDA:385,19,0,0
BRDA:385,19,1,0
BRDA:392,20,0,0
BRDA:392,20,1,0
BRDA:392,21,0,0
BRDA:392,21,1,0
BRDA:397,22,0,0
BRDA:397,22,1,0
BRDA:397,22,2,0
BRDA:397,22,3,0
BRF:51
BRH:0
end_of_record
TN:
SF:/home/jpbazonnais/Projets/geoportal-extensions/src/Common/Controls/RouteDOM.js
FN:10,(anonymous_0)
FN:20,(anonymous_1)
FN:35,(anonymous_2)
FN:48,(anonymous_3)
FN:61,(anonymous_4)
FN:65,(anonymous_5)
FN:90,(anonymous_6)
FN:105,(anonymous_7)
FN:120,(anonymous_8)
FN:124,(anonymous_9)
FN:139,(anonymous_10)
FN:146,(anonymous_11)
FN:257,(anonymous_12)
FN:287,(anonymous_13)
FN:307,(anonymous_14)
FN:319,(anonymous_15)
FN:335,(anonymous_16)
FN:358,(anonymous_17)
FN:377,(anonymous_18)
FN:427,(anonymous_19)
FN:439,(anonymous_20)
FN:454,(anonymous_21)
FN:495,(anonymous_22)
FN:498,(anonymous_23)
FN:501,(anonymous_24)
FN:527,(anonymous_25)
FN:537,(anonymous_26)
FN:556,(anonymous_27)
FN:576,(anonymous_28)
FN:596,(anonymous_29)
FN:659,(anonymous_30)
FN:668,(anonymous_31)
FN:696,(anonymous_32)
FN:702,(anonymous_33)
FN:742,(anonymous_34)
FN:750,(anonymous_35)
FN:755,(anonymous_36)
FN:777,(anonymous_37)
FN:794,(anonymous_38)
FN:810,(anonymous_39)
FN:839,(anonymous_40)
FN:843,(anonymous_41)
FN:871,(anonymous_42)
FN:875,(anonymous_43)
FN:898,(anonymous_44)
FN:913,(anonymous_45)
FN:943,(anonymous_46)
FN:957,(anonymous_47)
FN:969,(anonymous_48)
FN:973,(anonymous_49)
FN:986,(anonymous_50)
FN:1005,(anonymous_51)
FN:1027,(anonymous_52)
FN:1031,(anonymous_53)
FN:1054,(anonymous_54)
FN:1058,(anonymous_55)
FN:1081,(anonymous_56)
FN:1085,(anonymous_57)
FN:1112,(anonymous_58)
FN:1129,(anonymous_59)
FN:1134,(anonymous_60)
FNF:61
FNH:0
FNDA:0,(anonymous_0)
FNDA:0,(anonymous_1)
FNDA:0,(anonymous_2)
FNDA:0,(anonymous_3)
FNDA:0,(anonymous_4)
FNDA:0,(anonymous_5)
FNDA:0,(anonymous_6)
FNDA:0,(anonymous_7)
FNDA:0,(anonymous_8)
FNDA:0,(anonymous_9)
FNDA:0,(anonymous_10)
FNDA:0,(anonymous_11)
FNDA:0,(anonymous_12)
FNDA:0,(anonymous_13)
FNDA:0,(anonymous_14)
FNDA:0,(anonymous_15)
FNDA:0,(anonymous_16)
FNDA:0,(anonymous_17)
FNDA:0,(anonymous_18)
FNDA:0,(anonymous_19)
FNDA:0,(anonymous_20)
FNDA:0,(anonymous_21)
FNDA:0,(anonymous_22)
FNDA:0,(anonymous_23)
FNDA:0,(anonymous_24)
FNDA:0,(anonymous_25)
FNDA:0,(anonymous_26)
FNDA:0,(anonymous_27)
FNDA:0,(anonymous_28)
FNDA:0,(anonymous_29)
FNDA:0,(anonymous_30)
FNDA:0,(anonymous_31)
FNDA:0,(anonymous_32)
FNDA:0,(anonymous_33)
FNDA:0,(anonymous_34)
FNDA:0,(anonymous_35)
FNDA:0,(anonymous_36)
FNDA:0,(anonymous_37)
FNDA:0,(anonymous_38)
FNDA:0,(anonymous_39)
FNDA:0,(anonymous_40)
FNDA:0,(anonymous_41)
FNDA:0,(anonymous_42)
FNDA:0,(anonymous_43)
FNDA:0,(anonymous_44)
FNDA:0,(anonymous_45)
FNDA:0,(anonymous_46)
FNDA:0,(anonymous_47)
FNDA:0,(anonymous_48)
FNDA:0,(anonymous_49)
FNDA:0,(anonymous_50)
FNDA:0,(anonymous_51)
FNDA:0,(anonymous_52)
FNDA:0,(anonymous_53)
FNDA:0,(anonymous_54)
FNDA:0,(anonymous_55)
FNDA:0,(anonymous_56)
FNDA:0,(anonymous_57)
FNDA:0,(anonymous_58)
FNDA:0,(anonymous_59)
FNDA:0,(anonymous_60)
DA:3,1
DA:4,1
DA:11,0
DA:12,0
DA:21,0
DA:22,0
DA:23,0
DA:24,0
DA:36,0
DA:37,0
DA:38,0
DA:39,0
DA:50,0
DA:51,0
DA:52,0
DA:53,0
DA:54,0
DA:55,0
DA:60,0
DA:61,0
DA:62,0
DA:64,0
DA:65,0
DA:66,0
DA:70,0
DA:71,0
DA:72,0
DA:73,0
DA:74,0
DA:91,0
DA:92,0
DA:93,0
DA:97,0
DA:107,0
DA:108,0
DA:109,0
DA:110,0
DA:111,0
DA:112,0
DA:113,0
DA:114,0
DA:115,0
DA:116,0
DA:117,0
DA:119,0
DA:120,0
DA:121,0
DA:123,0
DA:124,0
DA:125,0
DA:129,0
DA:130,0
DA:141,0
DA:142,0
DA:143,0
DA:144,0
DA:146,0
DA:147,0
DA:148,0
DA:150,0
DA:152,0
DA:153,0
DA:154,0
DA:155,0
DA:157,0
DA:158,0
DA:163,0
DA:165,0
DA:166,0
DA:167,0
DA:169,0
DA:170,0
DA:171,0
DA:172,0
DA:173,0
DA:174,0
DA:175,0
DA:176,0
DA:177,0
DA:178,0
DA:179,0
DA:180,0
DA:182,0
DA:183,0
DA:185,0
DA:188,0
DA:190,0
DA:191,0
DA:202,0
DA:204,0
DA:205,0
DA:206,0
DA:207,0
DA:211,0
DA:213,0
DA:214,0
DA:215,0
DA:220,0
DA:221,0
DA:222,0
DA:227,0
DA:228,0
DA:230,0
DA:231,0
DA:232,0
DA:234,0
DA:235,0
DA:239,0
DA:247,0
DA:249,0
DA:258,0
DA:259,0
DA:260,0
DA:261,0
DA:262,0
DA:263,0
DA:264,0
DA:265,0
DA:266,0
DA:267,0
DA:268,0
DA:269,0
DA:270,0
DA:271,0
DA:272,0
DA:273,0
DA:274,0
DA:275,0
DA:276,0
DA:277,0
DA:278,0
DA:279,0
DA:288,0
DA:289,0
DA:290,0
DA:291,0
DA:292,0
DA:293,0
DA:294,0
DA:295,0
DA:308,0
DA:309,0
DA:310,0
DA:321,0
DA:322,0
DA:323,0
DA:325,0
DA:326,0
DA:327,0
DA:328,0
DA:329,0
DA:330,0
DA:331,0
DA:332,0
DA:335,0
DA:336,0
DA:338,0
DA:346,0
DA:347,0
DA:348,0
DA:349,0
DA:350,0
DA:353,0
DA:354,0
DA:355,0
DA:356,0
DA:357,0
DA:358,0
DA:359,0
DA:360,0
DA:361,0
DA:363,0
DA:364,0
DA:378,0
DA:380,0
DA:381,0
DA:382,0
DA:386,0
DA:387,0
DA:388,0
DA:389,0
DA:390,0
DA:391,0
DA:392,0
DA:393,0
DA:395,0
DA:396,0
DA:398,0
DA:399,0
DA:400,0
DA:403,0
DA:404,0
DA:405,0
DA:406,0
DA:407,0
DA:408,0
DA:409,0
DA:410,0
DA:411,0
DA:412,0
DA:413,0
DA:414,0
DA:415,0
DA:416,0
DA:417,0
DA:418,0
DA:419,0
DA:428,0
DA:429,0
DA:430,0
DA:431,0
DA:441,0
DA:442,0
DA:443,0
DA:456,0
DA:457,0
DA:459,0
DA:460,0
DA:461,0
DA:466,0
DA:467,0
DA:470,0
DA:471,0
DA:472,0
DA:473,0
DA:474,0
DA:475,0
DA:476,0
DA:477,0
DA:478,0
DA:479,0
DA:480,0
DA:482,0
DA:483,0
DA:485,0
DA:486,0
DA:487,0
DA:490,0
DA:491,0
DA:492,0
DA:493,0
DA:494,0
DA:495,0
DA:496,0
DA:498,0
DA:499,0
DA:501,0
DA:503,0
DA:504,0
DA:507,0
DA:510,0
DA:529,0
DA:530,0
DA:531,0
DA:532,0
DA:533,0
DA:534,0
DA:535,0
DA:536,0
DA:537,0
DA:538,0
DA:539,0
DA:541,0
DA:542,0
DA:545,0
DA:546,0
DA:547,0
DA:548,0
DA:550,0
DA:551,0
DA:552,0
DA:553,0
DA:554,0
DA:555,0
DA:556,0
DA:557,0
DA:559,0
DA:560,0
DA:563,0
DA:565,0
DA:566,0
DA:568,0
DA:574,0
DA:576,0
DA:577,0
DA:578,0
DA:580,0
DA:581,0
DA:582,0
DA:583,0
DA:584,0
DA:585,0
DA:586,0
DA:587,0
DA:588,0
DA:589,0
DA:590,0
DA:591,0
DA:592,0
DA:593,0
DA:594,0
DA:595,0
DA:596,0
DA:597,0
DA:598,0
DA:599,0
DA:602,0
DA:603,0
DA:604,0
DA:606,0
DA:607,0
DA:608,0
DA:609,0
DA:614,0
DA:615,0
DA:617,0
DA:618,0
DA:621,0
DA:622,0
DA:623,0
DA:624,0
DA:626,0
DA:628,0
DA:629,0
DA:630,0
DA:632,0
DA:636,0
DA:637,0
DA:638,0
DA:639,0
DA:644,0
DA:646,0
DA:647,0
DA:661,0
DA:662,0
DA:663,0
DA:664,0
DA:665,0
DA:667,0
DA:668,0
DA:669,0
DA:670,0
DA:671,0
DA:672,0
DA:673,0
DA:674,0
DA:675,0
DA:681,0
DA:685,0
DA:698,0
DA:699,0
DA:700,0
DA:701,0
DA:702,0
DA:703,0
DA:704,0
DA:706,0
DA:707,0
DA:708,0
DA:709,0
DA:712,0
DA:716,0
DA:717,0
DA:722,0
DA:723,0
DA:728,0
DA:730,0
DA:744,0
DA:745,0
DA:746,0
DA:747,0
DA:749,0
DA:750,0
DA:751,0
DA:752,0
DA:754,0
DA:755,0
DA:756,0
DA:757,0
DA:763,0
DA:778,0
DA:779,0
DA:780,0
DA:781,0
DA:782,0
DA:783,0
DA:795,0
DA:796,0
DA:799,0
DA:812,0
DA:813,0
DA:814,0
DA:815,0
DA:816,0
DA:817,0
DA:818,0
DA:821,0
DA:822,0
DA:824,0
DA:825,0
DA:826,0
DA:827,0
DA:828,0
DA:829,0
DA:831,0
DA:832,0
DA:838,0
DA:839,0
DA:840,0
DA:842,0
DA:843,0
DA:844,0
DA:848,0
DA:849,0
DA:850,0
DA:851,0
DA:852,0
DA:853,0
DA:856,0
DA:857,0
DA:858,0
DA:859,0
DA:860,0
DA:861,0
DA:863,0
DA:864,0
DA:870,0
DA:871,0
DA:872,0
DA:874,0
DA:875,0
DA:876,0
DA:880,0
DA:881,0
DA:882,0
DA:883,0
DA:884,0
DA:885,0
DA:889,0
DA:900,0
DA:901,0
DA:902,0
DA:903,0
DA:904,0
DA:905,0
DA:906,0
DA:907,0
DA:908,0
DA:909,0
DA:913,0
DA:914,0
DA:916,0
DA:924,0
DA:925,0
DA:926,0
DA:927,0
DA:928,0
DA:931,0
DA:932,0
DA:944,0
DA:945,0
DA:946,0
DA:947,0
DA:959,0
DA:960,0
DA:961,0
DA:962,0
DA:963,0
DA:964,0
DA:968,0
DA:969,0
DA:970,0
DA:972,0
DA:973,0
DA:974,0
DA:978,0
DA:987,0
DA:988,0
DA:989,0
DA:990,0
DA:991,0
DA:992,0
DA:994,0
DA:1007,0
DA:1008,0
DA:1009,0
DA:1012,0
DA:1013,0
DA:1014,0
DA:1016,0
DA:1018,0
DA:1019,0
DA:1020,0
DA:1021,0
DA:1022,0
DA:1026,0
DA:1027,0
DA:1028,0
DA:1030,0
DA:1031,0
DA:1032,0
DA:1036,0
DA:1037,0
DA:1038,0
DA:1039,0
DA:1040,0
DA:1041,0
DA:1042,0
DA:1045,0
DA:1046,0
DA:1047,0
DA:1048,0
DA:1049,0
DA:1053,0
DA:1054,0
DA:1055,0
DA:1057,0
DA:1058,0
DA:1059,0
DA:1063,0
DA:1064,0
DA:1065,0
DA:1066,0
DA:1067,0
DA:1068,0
DA:1069,0
DA:1072,0
DA:1073,0
DA:1074,0
DA:1075,0
DA:1076,0
DA:1080,0
DA:1081,0
DA:1082,0
DA:1084,0
DA:1085,0
DA:1086,0
DA:1090,0
DA:1091,0
DA:1092,0
DA:1093,0
DA:1094,0
DA:1095,0
DA:1096,0
DA:1101,0
DA:1113,0
DA:1114,0
DA:1115,0
DA:1116,0
DA:1117,0
DA:1118,0
DA:1130,0
DA:1131,0
DA:1132,0
DA:1133,0
DA:1134,0
DA:1135,0
DA:1137,0
LF:558
LH:2
BRDA:11,0,0,0
BRDA:11,0,1,0
BRDA:60,1,0,0
BRDA:60,1,1,0
BRDA:64,2,0,0
BRDA:64,2,1,0
BRDA:119,3,0,0
BRDA:119,3,1,0
BRDA:123,4,0,0
BRDA:123,4,1,0
BRDA:157,5,0,0
BRDA:157,5,1,0
BRDA:157,6,0,0
BRDA:157,6,1,0
BRDA:157,6,2,0
BRDA:157,6,3,0
BRDA:169,7,0,0
BRDA:169,7,1,0
BRDA:182,8,0,0
BRDA:182,8,1,0
BRDA:182,9,0,0
BRDA:182,9,1,0
BRDA:182,9,2,0
BRDA:190,10,0,0
BRDA:190,10,1,0
BRDA:204,11,0,0
BRDA:204,11,1,0
BRDA:213,12,0,0
BRDA:213,12,1,0
BRDA:214,13,0,0
BRDA:214,13,1,0
BRDA:220,14,0,0
BRDA:220,14,1,0
BRDA:221,15,0,0
BRDA:221,15,1,0
BRDA:234,16,0,0
BRDA:234,16,1,0
BRDA:380,17,0,0
BRDA:380,17,1,0
BRDA:395,18,0,0
BRDA:395,18,1,0
BRDA:459,19,0,0
BRDA:459,19,1,0
BRDA:482,20,0,0
BRDA:482,20,1,0
BRDA:503,21,0,0
BRDA:503,21,1,0
BRDA:532,22,0,0
BRDA:532,22,1,0
BRDA:557,23,0,0
BRDA:557,23,1,0
BRDA:559,24,0,0
BRDA:559,24,1,0
BRDA:559,25,0,0
BRDA:559,25,1,0
BRDA:565,26,0,0
BRDA:565,26,1,0
BRDA:603,27,0,0
BRDA:603,27,1,0
BRDA:606,28,0,0
BRDA:606,28,1,0
BRDA:614,29,0,0
BRDA:614,29,1,0
BRDA:629,30,0,0
BRDA:629,30,1,0
BRDA:667,31,0,0
BRDA:667,31,1,0
BRDA:667,32,0,0
BRDA:667,32,1,0
BRDA:707,33,0,0
BRDA:707,33,1,0
BRDA:708,34,0,0
BRDA:708,34,1,0
BRDA:716,35,0,0
BRDA:716,35,1,0
BRDA:722,36,0,0
BRDA:722,36,1,0
BRDA:749,37,0,0
BRDA:749,37,1,0
BRDA:754,38,0,0
BRDA:754,38,1,0
BRDA:824,39,0,0
BRDA:824,39,1,0
BRDA:831,40,0,0
BRDA:831,40,1,0
BRDA:838,41,0,0
BRDA:838,41,1,0
BRDA:842,42,0,0
BRDA:842,42,1,0
BRDA:856,43,0,0
BRDA:856,43,1,0
BRDA:863,44,0,0
BRDA:863,44,1,0
BRDA:870,45,0,0
BRDA:870,45,1,0
BRDA:874,46,0,0
BRDA:874,46,1,0
BRDA:968,47,0,0
BRDA:968,47,1,0
BRDA:972,48,0,0
BRDA:972,48,1,0
BRDA:1013,49,0,0
BRDA:1013,49,1,0
BRDA:1016,50,0,0
BRDA:1016,50,1,0
BRDA:1016,50,2,0
BRDA:1026,51,0,0
BRDA:1026,51,1,0
BRDA:1030,52,0,0
BRDA:1030,52,1,0
BRDA:1053,53,0,0
BRDA:1053,53,1,0
BRDA:1057,54,0,0
BRDA:1057,54,1,0
BRDA:1080,55,0,0
BRDA:1080,55,1,0
BRDA:1084,56,0,0
BRDA:1084,56,1,0
BRF:118
BRH:0
end_of_record
TN:
SF:/home/jpbazonnais/Projets/geoportal-extensions/src/Common/Controls/ScaleDOM.js
FN:7,(anonymous_0)
FN:17,(anonymous_1)
FNF:2
FNH:0
FNDA:0,(anonymous_0)
FNDA:0,(anonymous_1)
DA:1,1
DA:8,0
DA:9,0
DA:18,0
DA:19,0
DA:20,0
DA:21,0
LF:7
LH:1
BRDA:8,0,0,0
BRDA:8,0,1,0
BRF:2
BRH:0
end_of_record
TN:
SF:/home/jpbazonnais/Projets/geoportal-extensions/src/Common/Controls/SearchEngineDOM.js
FN:8,(anonymous_0)
FN:18,(anonymous_1)
FN:33,(anonymous_2)
FN:45,(anonymous_3)
FN:54,(anonymous_4)
FN:82,(anonymous_5)
FN:88,(anonymous_6)
FN:105,(anonymous_7)
FN:128,(anonymous_8)
FN:203,(anonymous_9)
FN:218,(anonymous_10)
FN:226,(anonymous_11)
FN:250,(anonymous_12)
FN:270,(anonymous_13)
FN:290,(anonymous_14)
FN:310,(anonymous_15)
FN:317,(anonymous_16)
FN:322,(anonymous_17)
FN:342,(anonymous_18)
FN:350,(anonymous_19)
FN:354,(anonymous_20)
FN:368,(anonymous_21)
FN:383,(anonymous_22)
FN:391,(anonymous_23)
FN:409,(anonymous_24)
FN:414,(anonymous_25)
FN:460,(anonymous_26)
FN:466,(anonymous_27)
FN:503,(anonymous_28)
FN:517,(anonymous_29)
FN:532,(anonymous_30)
FN:557,(anonymous_31)
FN:604,(anonymous_32)
FN:618,(anonymous_33)
FN:622,(anonymous_34)
FN:636,(anonymous_35)
FN:643,(anonymous_36)
FN:651,(anonymous_37)
FN:675,(anonymous_38)
FNF:39
FNH:0
FNDA:0,(anonymous_0)
FNDA:0,(anonymous_1)
FNDA:0,(anonymous_2)
FNDA:0,(anonymous_3)
FNDA:0,(anonymous_4)
FNDA:0,(anonymous_5)
FNDA:0,(anonymous_6)
FNDA:0,(anonymous_7)
FNDA:0,(anonymous_8)
FNDA:0,(anonymous_9)
FNDA:0,(anonymous_10)
FNDA:0,(anonymous_11)
FNDA:0,(anonymous_12)
FNDA:0,(anonymous_13)
FNDA:0,(anonymous_14)
FNDA:0,(anonymous_15)
FNDA:0,(anonymous_16)
FNDA:0,(anonymous_17)
FNDA:0,(anonymous_18)
FNDA:0,(anonymous_19)
FNDA:0,(anonymous_20)
FNDA:0,(anonymous_21)
FNDA:0,(anonymous_22)
FNDA:0,(anonymous_23)
FNDA:0,(anonymous_24)
FNDA:0,(anonymous_25)
FNDA:0,(anonymous_26)
FNDA:0,(anonymous_27)
FNDA:0,(anonymous_28)
FNDA:0,(anonymous_29)
FNDA:0,(anonymous_30)
FNDA:0,(anonymous_31)
FNDA:0,(anonymous_32)
FNDA:0,(anonymous_33)
FNDA:0,(anonymous_34)
FNDA:0,(anonymous_35)
FNDA:0,(anonymous_36)
FNDA:0,(anonymous_37)
FNDA:0,(anonymous_38)
DA:2,1
DA:9,0
DA:10,0
DA:19,0
DA:20,0
DA:21,0
DA:22,0
DA:34,0
DA:35,0
DA:36,0
DA:37,0
DA:47,0
DA:48,0
DA:49,0
DA:50,0
DA:51,0
DA:52,0
DA:54,0
DA:55,0
DA:56,0
DA:57,0
DA:59,0
DA:60,0
DA:61,0
DA:64,0
DA:65,0
DA:67,0
DA:69,0
DA:70,0
DA:71,0
DA:72,0
DA:73,0
DA:84,0
DA:85,0
DA:86,0
DA:88,0
DA:89,0
DA:90,0
DA:91,0
DA:96,0
DA:97,0
DA:99,0
DA:100,0
DA:101,0
DA:102,0
DA:103,0
DA:105,0
DA:106,0
DA:108,0
DA:109,0
DA:112,0
DA:114,0
DA:115,0
DA:117,0
DA:122,0
DA:128,0
DA:134,0
DA:135,0
DA:137,0
DA:138,0
DA:141,0
DA:142,0
DA:144,0
DA:146,0
DA:147,0
DA:150,0
DA:152,0
DA:153,0
DA:154,0
DA:155,0
DA:156,0
DA:157,0
DA:159,0
DA:162,0
DA:163,0
DA:164,0
DA:165,0
DA:166,0
DA:167,0
DA:168,0
DA:169,0
DA:170,0
DA:172,0
DA:175,0
DA:176,0
DA:177,0
DA:178,0
DA:179,0
DA:183,0
DA:184,0
DA:185,0
DA:186,0
DA:187,0
DA:192,0
DA:193,0
DA:194,0
DA:197,0
DA:199,0
DA:200,0
DA:201,0
DA:203,0
DA:204,0
DA:205,0
DA:206,0
DA:207,0
DA:209,0
DA:210,0
DA:220,0
DA:221,0
DA:222,0
DA:223,0
DA:224,0
DA:226,0
DA:227,0
DA:228,0
DA:229,0
DA:230,0
DA:231,0
DA:232,0
DA:234,0
DA:235,0
DA:236,0
DA:237,0
DA:238,0
DA:251,0
DA:252,0
DA:253,0
DA:254,0
DA:259,0
DA:271,0
DA:272,0
DA:273,0
DA:274,0
DA:275,0
DA:279,0
DA:291,0
DA:292,0
DA:293,0
DA:295,0
DA:299,0
DA:312,0
DA:313,0
DA:314,0
DA:316,0
DA:317,0
DA:318,0
DA:319,0
DA:321,0
DA:322,0
DA:323,0
DA:324,0
DA:330,0
DA:343,0
DA:344,0
DA:345,0
DA:346,0
DA:347,0
DA:349,0
DA:350,0
DA:351,0
DA:353,0
DA:354,0
DA:355,0
DA:359,0
DA:370,0
DA:371,0
DA:372,0
DA:373,0
DA:374,0
DA:375,0
DA:376,0
DA:377,0
DA:378,0
DA:379,0
DA:380,0
DA:382,0
DA:383,0
DA:384,0
DA:385,0
DA:386,0
DA:387,0
DA:388,0
DA:390,0
DA:391,0
DA:392,0
DA:393,0
DA:394,0
DA:395,0
DA:396,0
DA:400,0
DA:401,0
DA:411,0
DA:412,0
DA:413,0
DA:414,0
DA:415,0
DA:417,0
DA:419,0
DA:420,0
DA:422,0
DA:423,0
DA:424,0
DA:432,0
DA:433,0
DA:434,0
DA:436,0
DA:437,0
DA:438,0
DA:439,0
DA:440,0
DA:441,0
DA:443,0
DA:445,0
DA:452,0
DA:453,0
DA:462,0
DA:463,0
DA:464,0
DA:465,0
DA:466,0
DA:471,0
DA:474,0
DA:475,0
DA:490,0
DA:491,0
DA:492,0
DA:493,0
DA:494,0
DA:497,0
DA:504,0
DA:505,0
DA:506,0
DA:507,0
DA:508,0
DA:509,0
DA:518,0
DA:519,0
DA:520,0
DA:533,0
DA:534,0
DA:536,0
DA:537,0
DA:540,0
DA:561,0
DA:562,0
DA:563,0
DA:564,0
DA:565,0
DA:566,0
DA:567,0
DA:568,0
DA:569,0
DA:570,0
DA:571,0
DA:572,0
DA:573,0
DA:574,0
DA:575,0
DA:576,0
DA:577,0
DA:578,0
DA:579,0
DA:581,0
DA:582,0
DA:585,0
DA:586,0
DA:588,0
DA:589,0
DA:592,0
DA:595,0
DA:605,0
DA:606,0
DA:607,0
DA:608,0
DA:609,0
DA:610,0
DA:611,0
DA:612,0
DA:613,0
DA:614,0
DA:615,0
DA:617,0
DA:618,0
DA:619,0
DA:621,0
DA:622,0
DA:623,0
DA:627,0
DA:628,0
DA:638,0
DA:639,0
DA:640,0
DA:642,0
DA:643,0
DA:644,0
DA:645,0
DA:648,0
DA:650,0
DA:651,0
DA:652,0
DA:653,0
DA:656,0
DA:662,0
DA:676,0
DA:677,0
DA:678,0
DA:679,0
DA:681,0
DA:682,0
DA:684,0
DA:686,0
DA:688,0
DA:689,0
DA:692,0
DA:693,0
DA:695,0
DA:697,0
DA:701,0
LF:318
LH:1
BRDA:9,0,0,0
BRDA:9,0,1,0
BRDA:59,1,0,0
BRDA:59,1,1,0
BRDA:106,2,0,0
BRDA:106,2,1,0
BRDA:108,3,0,0
BRDA:108,3,1,0
BRDA:108,4,0,0
BRDA:108,4,1,0
BRDA:108,4,2,0
BRDA:108,4,3,0
BRDA:114,5,0,0
BRDA:114,5,1,0
BRDA:134,6,0,0
BRDA:134,6,1,0
BRDA:137,7,0,0
BRDA:137,7,1,0
BRDA:146,8,0,0
BRDA:146,8,1,0
BRDA:152,9,0,0
BRDA:152,9,1,0
BRDA:163,10,0,0
BRDA:163,10,1,0
BRDA:164,11,0,0
BRDA:164,11,1,0
BRDA:172,12,0,0
BRDA:172,12,1,0
BRDA:172,12,2,0
BRDA:316,13,0,0
BRDA:316,13,1,0
BRDA:321,14,0,0
BRDA:321,14,1,0
BRDA:349,15,0,0
BRDA:349,15,1,0
BRDA:353,16,0,0
BRDA:353,16,1,0
BRDA:382,17,0,0
BRDA:382,17,1,0
BRDA:390,18,0,0
BRDA:390,18,1,0
BRDA:474,19,0,0
BRDA:474,19,1,0
BRDA:536,20,0,0
BRDA:536,20,1,0
BRDA:572,21,0,0
BRDA:572,21,1,0
BRDA:581,22,0,0
BRDA:581,22,1,0
BRDA:588,23,0,0
BRDA:588,23,1,0
BRDA:617,24,0,0
BRDA:617,24,1,0
BRDA:621,25,0,0
BRDA:621,25,1,0
BRDA:642,26,0,0
BRDA:642,26,1,0
BRDA:644,27,0,0
BRDA:644,27,1,0
BRDA:650,28,0,0
BRDA:650,28,1,0
BRDA:652,29,0,0
BRDA:652,29,1,0
BRDA:681,30,0,0
BRDA:681,30,1,0
BRDA:686,31,0,0
BRDA:686,31,1,0
BRDA:689,32,0,0
BRDA:689,32,1,0
BRDA:693,33,0,0
BRDA:693,33,1,0
BRF:71
BRH:0
end_of_record
TN:
SF:/home/jpbazonnais/Projets/geoportal-extensions/src/Common/Utils/CheckRightManagement.js
FN:17,(anonymous_0)
FNF:1
FNH:1
FNDA:12,(anonymous_0)
DA:19,12
DA:21,12
DA:23,1
DA:24,1
DA:28,11
DA:30,11
DA:32,11
DA:36,11
DA:38,1
DA:39,1
DA:44,10
DA:46,1
DA:47,1
DA:58,9
DA:60,9
DA:62,5
DA:65,1
DA:66,1
DA:72,4
DA:73,4
DA:78,8
DA:80,8
DA:86,2
DA:88,2
DA:90,2
DA:91,3
DA:92,3
DA:94,3
DA:95,6
DA:97,6
DA:102,2
DA:103,2
DA:104,2
DA:112,6
DA:113,12
DA:115,12
DA:116,12
DA:117,12
DA:119,12
DA:120,7
DA:121,7
DA:124,5
DA:125,3
DA:128,5
DA:132,6
DA:133,3
DA:134,3
DA:138,3
DA:139,3
DA:140,3
LF:50
LH:50
BRDA:21,0,0,1
BRDA:21,0,1,11
BRDA:30,1,0,11
BRDA:30,1,1,1
BRDA:32,2,0,11
BRDA:32,2,1,2
BRDA:36,3,0,1
BRDA:36,3,1,10
BRDA:36,4,0,11
BRDA:36,4,1,11
BRDA:44,5,0,1
BRDA:44,5,1,9
BRDA:44,6,0,10
BRDA:44,6,1,10
BRDA:60,7,0,5
BRDA:60,7,1,4
BRDA:62,8,0,1
BRDA:62,8,1,4
BRDA:78,9,0,8
BRDA:78,9,1,0
BRDA:80,10,0,2
BRDA:80,10,1,6
BRDA:119,11,0,7
BRDA:119,11,1,5
BRDA:119,12,0,12
BRDA:119,12,1,10
BRDA:124,13,0,3
BRDA:124,13,1,2
BRDA:132,14,0,3
BRDA:132,14,1,3
BRDA:132,15,0,6
BRDA:132,15,1,6
BRF:32
BRH:31
end_of_record
TN:
SF:/home/jpbazonnais/Projets/geoportal-extensions/src/Common/Utils/ColorUtils.js
FN:19,(anonymous_0)
FN:21,hex
FN:60,(anonymous_2)
FN:68,(anonymous_3)
FNF:4
FNH:3
FNDA:3,(anonymous_0)
FNDA:3,hex
FNDA:3,(anonymous_2)
FNDA:0,(anonymous_3)
DA:11,1
DA:22,3
DA:23,0
DA:26,3
DA:27,3
DA:30,3
DA:31,3
DA:33,3
DA:34,2
DA:37,1
DA:38,1
DA:39,1
DA:40,1
DA:41,1
DA:42,1
DA:43,1
DA:45,1
DA:47,1
DA:50,1
DA:62,3
DA:64,3
DA:65,1
DA:68,2
DA:69,0
DA:71,2
DA:72,2
DA:77,2
DA:78,2
LF:28
LH:26
BRDA:22,0,0,0
BRDA:22,0,1,3
BRDA:33,1,0,2
BRDA:33,1,1,1
BRDA:45,2,0,1
BRDA:45,2,1,0
BRDA:64,3,0,1
BRDA:64,3,1,2
BRDA:72,4,0,1
BRDA:72,4,1,1
BRDA:77,5,0,1
BRDA:77,5,1,1
BRF:12
BRH:10
end_of_record
TN:
SF:/home/jpbazonnais/Projets/geoportal-extensions/src/Common/Utils/Config.js
FN:12,(anonymous_0)
FN:30,(anonymous_1)
FN:98,(anonymous_2)
FN:170,(anonymous_3)
FN:209,(anonymous_4)
FN:225,(anonymous_5)
FN:247,(anonymous_6)
FNF:7
FNH:4
FNDA:15,(anonymous_0)
FNDA:20,(anonymous_1)
FNDA:4,(anonymous_2)
FNDA:16,(anonymous_3)
FNDA:0,(anonymous_4)
FNDA:0,(anonymous_5)
FNDA:0,(anonymous_6)
DA:2,1
DA:3,1
DA:13,15
DA:15,15
DA:16,11
DA:17,11
DA:20,4
DA:31,20
DA:38,20
DA:39,20
DA:41,20
DA:42,25
DA:43,25
DA:45,25
DA:46,11
DA:47,11
DA:48,11
DA:50,11
DA:51,7
DA:52,7
DA:55,4
DA:56,0
DA:57,0
DA:65,20
DA:66,13
DA:69,20
DA:99,4
DA:101,4
DA:103,4
DA:105,4
DA:107,0
DA:109,0
DA:111,0
DA:112,0
DA:113,0
DA:114,0
DA:118,0
DA:119,0
DA:121,0
DA:122,0
DA:123,0
DA:124,0
DA:125,0
DA:127,0
DA:128,0
DA:129,0
DA:130,0
DA:131,0
DA:132,0
DA:133,0
DA:134,0
DA:135,0
DA:137,0
DA:138,0
DA:142,0
DA:144,0
DA:145,0
DA:146,0
DA:148,0
DA:149,0
DA:150,0
DA:151,0
DA:156,4
DA:171,16
DA:173,16
DA:175,16
DA:177,16
DA:179,7
DA:181,7
DA:183,7
DA:184,7
DA:185,2
DA:189,5
DA:190,5
DA:192,5
DA:193,5
DA:195,5
DA:196,5
DA:197,5
DA:201,14
DA:210,0
DA:212,0
DA:213,0
DA:216,0
DA:226,0
DA:228,0
DA:229,0
DA:230,0
DA:234,0
DA:248,0
DA:250,0
DA:252,0
DA:253,0
DA:254,0
DA:255,0
DA:256,0
DA:259,0
LF:97
LH:46
BRDA:13,0,0,15
BRDA:13,0,1,0
BRDA:13,1,0,0
BRDA:13,1,1,0
BRDA:13,2,0,0
BRDA:13,2,1,0
BRDA:15,3,0,11
BRDA:15,3,1,4
BRDA:15,4,0,15
BRDA:15,4,1,14
BRDA:15,4,2,11
BRDA:38,5,0,20
BRDA:38,5,1,0
BRDA:42,6,0,25
BRDA:42,6,1,0
BRDA:45,7,0,11
BRDA:45,7,1,14
BRDA:46,8,0,11
BRDA:46,8,1,0
BRDA:50,9,0,7
BRDA:50,9,1,4
BRDA:55,10,0,0
BRDA:55,10,1,4
BRDA:65,11,0,13
BRDA:65,11,1,7
BRDA:101,12,0,4
BRDA:101,12,1,0
BRDA:105,13,0,0
BRDA:105,13,1,4
BRDA:111,14,0,0
BRDA:111,14,1,0
BRDA:112,15,0,0
BRDA:112,15,1,0
BRDA:118,16,0,0
BRDA:118,16,1,0
BRDA:137,17,0,0
BRDA:137,17,1,0
BRDA:144,18,0,0
BRDA:144,18,1,0
BRDA:173,19,0,16
BRDA:173,19,1,0
BRDA:177,20,0,7
BRDA:177,20,1,9
BRDA:183,21,0,7
BRDA:183,21,1,0
BRDA:184,22,0,2
BRDA:184,22,1,5
BRDA:189,23,0,5
BRDA:189,23,1,0
BRDA:212,24,0,0
BRDA:212,24,1,0
BRDA:228,25,0,0
BRDA:228,25,1,0
BRDA:229,26,0,0
BRDA:229,26,1,0
BRDA:250,27,0,0
BRDA:250,27,1,0
BRF:57
BRH:25
end_of_record
TN:
SF:/home/jpbazonnais/Projets/geoportal-extensions/src/Common/Utils/LayerUtils.js
FN:20,(anonymous_0)
FN:193,(anonymous_1)
FN:306,(anonymous_2)
FNF:3
FNH:3
FNDA:9,(anonymous_0)
FNDA:6,(anonymous_1)
FNDA:2,(anonymous_2)
DA:12,1
DA:106,9
DA:108,9
DA:110,0
DA:134,0
DA:137,9
DA:161,9
DA:168,9
DA:170,9
DA:171,112
DA:172,112
DA:173,8
DA:174,8
DA:179,1
DA:194,6
DA:195,6
DA:197,6
DA:201,4
DA:202,3
DA:203,3
DA:204,3
DA:206,3
DA:207,3
DA:208,3
DA:209,3
DA:210,3
DA:212,3
DA:213,1
DA:217,3
DA:218,0
DA:222,3
DA:224,3
DA:225,2
DA:226,2
DA:228,2
DA:229,2
DA:231,2
DA:233,1
DA:234,1
DA:240,3
DA:242,1
DA:243,1
DA:244,1
DA:245,1
DA:246,1
DA:247,1
DA:249,1
DA:250,1
DA:251,1
DA:252,1
DA:253,1
DA:255,1
DA:256,1
DA:259,1
DA:260,1
DA:262,1
DA:263,1
DA:265,1
DA:266,1
DA:267,1
DA:269,0
DA:270,0
DA:273,1
DA:275,1
DA:276,1
DA:277,1
DA:280,0
DA:281,0
DA:282,0
DA:283,0
DA:284,0
DA:285,0
DA:287,0
DA:291,1
DA:296,6
DA:307,2
DA:308,2
DA:309,2
LF:78
LH:66
BRDA:108,0,0,0
BRDA:108,0,1,9
BRDA:171,1,0,112
BRDA:171,1,1,0
BRDA:172,2,0,8
BRDA:172,2,1,104
BRDA:197,3,0,4
BRDA:197,3,1,2
BRDA:197,4,0,6
BRDA:197,4,1,5
BRDA:204,5,0,3
BRDA:204,5,1,0
BRDA:210,6,0,3
BRDA:210,6,1,0
BRDA:212,7,0,1
BRDA:212,7,1,2
BRDA:212,8,0,3
BRDA:212,8,1,3
BRDA:217,9,0,0
BRDA:217,9,1,3
BRDA:217,10,0,3
BRDA:217,10,1,2
BRDA:217,10,2,2
BRDA:224,11,0,2
BRDA:224,11,1,1
BRDA:224,12,0,3
BRDA:224,12,1,2
BRDA:228,13,0,2
BRDA:228,13,1,0
BRDA:231,14,0,1
BRDA:231,14,1,1
BRDA:240,15,0,1
BRDA:240,15,1,2
BRDA:244,16,0,1
BRDA:244,16,1,0
BRDA:255,17,0,1
BRDA:255,17,1,0
BRDA:262,18,0,1
BRDA:262,18,1,0
BRDA:265,19,0,1
BRDA:265,19,1,0
BRDA:275,20,0,1
BRDA:275,20,1,0
BRDA:280,21,0,0
BRDA:280,21,1,0
BRDA:282,22,0,0
BRDA:282,22,1,0
BRDA:284,23,0,0
BRDA:284,23,1,0
BRDA:307,24,0,2
BRDA:307,24,1,1
BRDA:308,25,0,2
BRDA:308,25,1,1
BRDA:309,26,0,2
BRDA:309,26,1,1
BRF:55
BRH:38
end_of_record
TN:
SF:/home/jpbazonnais/Projets/geoportal-extensions/src/Common/Utils/LoggerByDefault.js
FN:9,(anonymous_0)
FNF:1
FNH:1
FNDA:45,(anonymous_0)
DA:2,1
DA:13,45
DA:14,45
DA:15,45
LF:4
LH:4
BRDA:13,0,0,0
BRDA:13,0,1,45
BRDA:14,1,0,45
BRDA:14,1,1,0
BRF:4
BRH:2
end_of_record
TN:
SF:/home/jpbazonnais/Projets/geoportal-extensions/src/Common/Utils/MathUtils.js
FN:21,(anonymous_0)
FN:35,(anonymous_1)
FN:71,(anonymous_2)
FN:89,(anonymous_3)
FN:104,(anonymous_4)
FNF:5
FNH:0
FNDA:0,(anonymous_0)
FNDA:0,(anonymous_1)
FNDA:0,(anonymous_2)
FNDA:0,(anonymous_3)
FNDA:0,(anonymous_4)
DA:14,1
DA:22,0
DA:23,0
DA:36,0
DA:37,0
DA:38,0
DA:39,0
DA:40,0
DA:41,0
DA:42,0
DA:43,0
DA:45,0
DA:46,0
DA:47,0
DA:50,0
DA:51,0
DA:52,0
DA:55,0
DA:56,0
DA:72,0
DA:74,0
DA:76,0
DA:77,0
DA:80,0
DA:90,0
DA:91,0
DA:94,0
DA:95,0
DA:105,0
DA:107,0
DA:108,0
DA:111,0
LF:32
LH:1
BRDA:23,0,0,0
BRDA:23,0,1,0
BRDA:38,1,0,0
BRDA:38,1,1,0
BRDA:45,2,0,0
BRDA:45,2,1,0
BRDA:50,3,0,0
BRDA:50,3,1,0
BRDA:55,4,0,0
BRDA:55,4,1,0
BRDA:72,5,0,0
BRDA:72,5,1,0
BRDA:76,6,0,0
BRDA:76,6,1,0
BRDA:76,7,0,0
BRDA:76,7,1,0
BRDA:90,8,0,0
BRDA:90,8,1,0
BRDA:107,9,0,0
BRDA:107,9,1,0
BRDA:107,10,0,0
BRDA:107,10,1,0
BRF:22
BRH:0
end_of_record
TN:
SF:/home/jpbazonnais/Projets/geoportal-extensions/src/Common/Utils/ProxyUtils.js
FN:23,(anonymous_0)
FNF:1
FNH:1
FNDA:8,(anonymous_0)
DA:12,1
DA:25,8
DA:27,8
DA:28,4
DA:32,4
DA:33,2
DA:34,2
DA:36,2
DA:37,1
DA:38,1
DA:43,3
LF:11
LH:11
BRDA:27,0,0,4
BRDA:27,0,1,4
BRDA:27,1,0,8
BRDA:27,1,1,6
BRDA:27,1,2,6
BRDA:27,1,3,5
BRDA:32,2,0,2
BRDA:32,2,1,2
BRDA:32,3,0,4
BRDA:32,3,1,3
BRDA:32,3,2,3
BRDA:36,4,0,1
BRDA:36,4,1,1
BRF:13
BRH:13
end_of_record
TN:
SF:/home/jpbazonnais/Projets/geoportal-extensions/src/Common/Utils/Register.js
FN:31,(anonymous_0)
FN:64,(anonymous_1)
FN:93,(anonymous_2)
FN:143,(anonymous_3)
FN:188,(anonymous_4)
FNF:5
FNH:4
FNDA:283,(anonymous_0)
FNDA:8,(anonymous_1)
FNDA:1,(anonymous_2)
FNDA:0,(anonymous_3)
FNDA:3,(anonymous_4)
DA:16,1
DA:32,283
DA:33,2
DA:36,281
DA:38,281
DA:39,1
DA:42,280
DA:43,280
DA:45,280
DA:46,2
DA:49,278
DA:50,0
DA:53,278
DA:65,8
DA:66,2
DA:69,6
DA:71,6
DA:72,0
DA:75,6
DA:76,6
DA:78,6
DA:79,2
DA:82,4
DA:83,0
DA:86,4
DA:96,1
DA:97,1
DA:100,1
DA:101,3
DA:102,3
DA:104,3
DA:105,274
DA:106,274
DA:107,274
DA:122,1
DA:145,0
DA:168,0
DA:169,0
DA:170,0
DA:172,0
DA:173,0
DA:174,0
DA:175,0
DA:189,3
DA:190,1
DA:193,2
DA:194,2
DA:197,0
DA:200,2
LF:49
LH:37
BRDA:32,0,0,2
BRDA:32,0,1,281
BRDA:32,1,0,283
BRDA:32,1,1,282
BRDA:32,1,2,282
BRDA:38,2,0,1
BRDA:38,2,1,280
BRDA:45,3,0,2
BRDA:45,3,1,278
BRDA:49,4,0,0
BRDA:49,4,1,278
BRDA:65,5,0,2
BRDA:65,5,1,6
BRDA:65,6,0,8
BRDA:65,6,1,7
BRDA:65,6,2,7
BRDA:71,7,0,0
BRDA:71,7,1,6
BRDA:78,8,0,2
BRDA:78,8,1,4
BRDA:82,9,0,0
BRDA:82,9,1,4
BRDA:96,10,0,1
BRDA:96,10,1,0
BRDA:105,11,0,274
BRDA:105,11,1,0
BRDA:169,12,0,0
BRDA:169,12,1,0
BRDA:173,13,0,0
BRDA:173,13,1,0
BRDA:189,14,0,1
BRDA:189,14,1,2
BRF:32
BRH:23
end_of_record
TN:
SF:/home/jpbazonnais/Projets/geoportal-extensions/src/Common/Utils/SelectorID.js
FN:14,(anonymous_0)
FN:16,(anonymous_1)
FN:27,(anonymous_2)
FN:46,(anonymous_3)
FN:66,(anonymous_4)
FNF:5
FNH:5
FNDA:1,(anonymous_0)
FNDA:9,(anonymous_1)
FNDA:12,(anonymous_2)
FNDA:6,(anonymous_3)
FNDA:6,(anonymous_4)
DA:9,1
DA:15,1
DA:16,1
DA:17,9
DA:28,12
DA:29,12
DA:31,12
DA:32,0
DA:34,12
DA:37,12
DA:47,6
DA:48,6
DA:50,6
DA:52,6
DA:53,2
DA:57,6
DA:67,6
DA:68,6
DA:70,6
DA:71,4
DA:74,6
LF:21
LH:20
BRDA:31,0,0,0
BRDA:31,0,1,12
BRDA:52,1,0,2
BRDA:52,1,1,4
BRDA:70,2,0,4
BRDA:70,2,1,2
BRF:6
BRH:5
end_of_record
